<?xml version="1.0" encoding="UTF-8"?>
<testsuite xmlns:xsi="http://www.w3.org/2001/XMLSchema-instance" xsi:noNamespaceSchemaLocation="https://maven.apache.org/surefire/maven-surefire-plugin/xsd/surefire-test-report-3.0.xsd" version="3.0" name="br.edu.sudoku.BacktrackingSolverTest" time="59.338" tests="1" errors="0" skipped="0" failures="0">
  <properties>
[...]
</properties>
  <testcase name="testBacktrackingSolvesEasySudoku" classname="br.edu.sudoku.BacktrackingSolverTest" time="59.277">
    <system-out><![CDATA[&amp#27;[H&amp#27;[2J
=== Sudoku Solver (Backtracking) ===
Passo: 1
Tentando colocar 4 em (0,1)

+-------+-------+-------+
| &amp#27;[36m2&amp#27;[0m 4 &amp#27;[36m3&amp#27;[0m | &amp#27;[36m8&amp#27;[0m . . | . . . | 
| &amp#27;[36m1&amp#27;[0m . . | &amp#27;[36m3&amp#27;[0m . . | &amp#27;[36m8&amp#27;[0m . &amp#27;[36m2&amp#27;[0m | 
| &amp#27;[36m8&amp#27;[0m . . | &amp#27;[36m2&amp#27;[0m . . | . &amp#27;[36m3&amp#27;[0m . | 
+-------+-------+-------+
| &amp#27;[36m3&amp#27;[0m &amp#27;[36m2&amp#27;[0m &amp#27;[36m4&amp#27;[0m | &amp#27;[36m1&amp#27;[0m &amp#27;[36m6&amp#27;[0m &amp#27;[36m5&amp#27;[0m | &amp#27;[36m7&amp#27;[0m &amp#27;[36m8&amp#27;[0m &amp#27;[36m9&amp#27;[0m | 
| &amp#27;[36m6&amp#27;[0m &amp#27;[36m1&amp#27;[0m &amp#27;[36m7&amp#27;[0m | &amp#27;[36m4&amp#27;[0m &amp#27;[36m9&amp#27;[0m &amp#27;[36m8&amp#27;[0m | &amp#27;[36m2&amp#27;[0m &amp#27;[36m5&amp#27;[0m &amp#27;[36m3&amp#27;[0m | 
| &amp#27;[36m5&amp#27;[0m &amp#27;[36m9&amp#27;[0m &amp#27;[36m8&amp#27;[0m | &amp#27;[36m7&amp#27;[0m &amp#27;[36m2&amp#27;[0m &amp#27;[36m3&amp#27;[0m | &amp#27;[36m4&amp#27;[0m . . | 
+-------+-------+-------+
| &amp#27;[36m7&amp#27;[0m &amp#27;[36m5&amp#27;[0m &amp#27;[36m1&amp#27;[0m | &amp#27;[36m6&amp#27;[0m &amp#27;[36m4&amp#27;[0m &amp#27;[36m2&amp#27;[0m | &amp#27;[36m3&amp#27;[0m &amp#27;[36m9&amp#27;[0m &amp#27;[36m8&amp#27;[0m | 
| &amp#27;[36m4&amp#27;[0m &amp#27;[36m8&amp#27;[0m &amp#27;[36m6&amp#27;[0m | &amp#27;[36m9&amp#27;[0m &amp#27;[36m3&amp#27;[0m &amp#27;[36m7&amp#27;[0m | &amp#27;[36m1&amp#27;[0m &amp#27;[36m2&amp#27;[0m &amp#27;[36m5&amp#27;[0m | 
| &amp#27;[36m9&amp#27;[0m &amp#27;[36m3&amp#27;[0m &amp#27;[36m2&amp#27;[0m | &amp#27;[36m5&amp#27;[0m &amp#27;[36m8&amp#27;[0m &amp#27;[36m1&amp#27;[0m | &amp#27;[36m6&amp#27;[0m &amp#27;[36m4&amp#27;[0m &amp#27;[36m7&amp#27;[0m | 
+-------+-------+-------+
&amp#27;[H&amp#27;[2J
=== Sudoku Solver (Backtracking) ===
Passo: 2
Tentando colocar 1 em (0,4)

+-------+-------+-------+
| &amp#27;[36m2&amp#27;[0m 4 &amp#27;[36m3&amp#27;[0m | &amp#27;[36m8&amp#27;[0m 1 . | . . . | 
| &amp#27;[36m1&amp#27;[0m . . | &amp#27;[36m3&amp#27;[0m . . | &amp#27;[36m8&amp#27;[0m . &amp#27;[36m2&amp#27;[0m | 
| &amp#27;[36m8&amp#27;[0m . . | &amp#27;[36m2&amp#27;[0m . . | . &amp#27;[36m3&amp#27;[0m . | 
+-------+-------+-------+
| &amp#27;[36m3&amp#27;[0m &amp#27;[36m2&amp#27;[0m &amp#27;[36m4&amp#27;[0m | &amp#27;[36m1&amp#27;[0m &amp#27;[36m6&amp#27;[0m &amp#27;[36m5&amp#27;[0m | &amp#27;[36m7&amp#27;[0m &amp#27;[36m8&amp#27;[0m &amp#27;[36m9&amp#27;[0m | 
| &amp#27;[36m6&amp#27;[0m &amp#27;[36m1&amp#27;[0m &amp#27;[36m7&amp#27;[0m | &amp#27;[36m4&amp#27;[0m &amp#27;[36m9&amp#27;[0m &amp#27;[36m8&amp#27;[0m | &amp#27;[36m2&amp#27;[0m &amp#27;[36m5&amp#27;[0m &amp#27;[36m3&amp#27;[0m | 
| &amp#27;[36m5&amp#27;[0m &amp#27;[36m9&amp#27;[0m &amp#27;[36m8&amp#27;[0m | &amp#27;[36m7&amp#27;[0m &amp#27;[36m2&amp#27;[0m &amp#27;[36m3&amp#27;[0m | &amp#27;[36m4&amp#27;[0m . . | 
+-------+-------+-------+
| &amp#27;[36m7&amp#27;[0m &amp#27;[36m5&amp#27;[0m &amp#27;[36m1&amp#27;[0m | &amp#27;[36m6&amp#27;[0m &amp#27;[36m4&amp#27;[0m &amp#27;[36m2&amp#27;[0m | &amp#27;[36m3&amp#27;[0m &amp#27;[36m9&amp#27;[0m &amp#27;[36m8&amp#27;[0m | 
| &amp#27;[36m4&amp#27;[0m &amp#27;[36m8&amp#27;[0m &amp#27;[36m6&amp#27;[0m | &amp#27;[36m9&amp#27;[0m &amp#27;[36m3&amp#27;[0m &amp#27;[36m7&amp#27;[0m | &amp#27;[36m1&amp#27;[0m &amp#27;[36m2&amp#27;[0m &amp#27;[36m5&amp#27;[0m | 
| &amp#27;[36m9&amp#27;[0m &amp#27;[36m3&amp#27;[0m &amp#27;[36m2&amp#27;[0m | &amp#27;[36m5&amp#27;[0m &amp#27;[36m8&amp#27;[0m &amp#27;[36m1&amp#27;[0m | &amp#27;[36m6&amp#27;[0m &amp#27;[36m4&amp#27;[0m &amp#27;[36m7&amp#27;[0m | 
+-------+-------+-------+
&amp#27;[H&amp#27;[2J
=== Sudoku Solver (Backtracking) ===
Passo: 3
Tentando colocar 6 em (0,5)

+-------+-------+-------+
| &amp#27;[36m2&amp#27;[0m 4 &amp#27;[36m3&amp#27;[0m | &amp#27;[36m8&amp#27;[0m 1 6 | . . . | 
| &amp#27;[36m1&amp#27;[0m . . | &amp#27;[36m3&amp#27;[0m . . | &amp#27;[36m8&amp#27;[0m . &amp#27;[36m2&amp#27;[0m | 
| &amp#27;[36m8&amp#27;[0m . . | &amp#27;[36m2&amp#27;[0m . . | . &amp#27;[36m3&amp#27;[0m . | 
+-------+-------+-------+
| &amp#27;[36m3&amp#27;[0m &amp#27;[36m2&amp#27;[0m &amp#27;[36m4&amp#27;[0m | &amp#27;[36m1&amp#27;[0m &amp#27;[36m6&amp#27;[0m &amp#27;[36m5&amp#27;[0m | &amp#27;[36m7&amp#27;[0m &amp#27;[36m8&amp#27;[0m &amp#27;[36m9&amp#27;[0m | 
| &amp#27;[36m6&amp#27;[0m &amp#27;[36m1&amp#27;[0m &amp#27;[36m7&amp#27;[0m | &amp#27;[36m4&amp#27;[0m &amp#27;[36m9&amp#27;[0m &amp#27;[36m8&amp#27;[0m | &amp#27;[36m2&amp#27;[0m &amp#27;[36m5&amp#27;[0m &amp#27;[36m3&amp#27;[0m | 
| &amp#27;[36m5&amp#27;[0m &amp#27;[36m9&amp#27;[0m &amp#27;[36m8&amp#27;[0m | &amp#27;[36m7&amp#27;[0m &amp#27;[36m2&amp#27;[0m &amp#27;[36m3&amp#27;[0m | &amp#27;[36m4&amp#27;[0m . . | 
+-------+-------+-------+
| &amp#27;[36m7&amp#27;[0m &amp#27;[36m5&amp#27;[0m &amp#27;[36m1&amp#27;[0m | &amp#27;[36m6&amp#27;[0m &amp#27;[36m4&amp#27;[0m &amp#27;[36m2&amp#27;[0m | &amp#27;[36m3&amp#27;[0m &amp#27;[36m9&amp#27;[0m &amp#27;[36m8&amp#27;[0m | 
| &amp#27;[36m4&amp#27;[0m &amp#27;[36m8&amp#27;[0m &amp#27;[36m6&amp#27;[0m | &amp#27;[36m9&amp#27;[0m &amp#27;[36m3&amp#27;[0m &amp#27;[36m7&amp#27;[0m | &amp#27;[36m1&amp#27;[0m &amp#27;[36m2&amp#27;[0m &amp#27;[36m5&amp#27;[0m | 
| &amp#27;[36m9&amp#27;[0m &amp#27;[36m3&amp#27;[0m &amp#27;[36m2&amp#27;[0m | &amp#27;[36m5&amp#27;[0m &amp#27;[36m8&amp#27;[0m &amp#27;[36m1&amp#27;[0m | &amp#27;[36m6&amp#27;[0m &amp#27;[36m4&amp#27;[0m &amp#27;[36m7&amp#27;[0m | 
+-------+-------+-------+
&amp#27;[H&amp#27;[2J
=== Sudoku Solver (Backtracking) ===
Passo: 4
Tentando colocar 5 em (0,6)

+-------+-------+-------+
| &amp#27;[36m2&amp#27;[0m 4 &amp#27;[36m3&amp#27;[0m | &amp#27;[36m8&amp#27;[0m 1 6 | 5 . . | 
| &amp#27;[36m1&amp#27;[0m . . | &amp#27;[36m3&amp#27;[0m . . | &amp#27;[36m8&amp#27;[0m . &amp#27;[36m2&amp#27;[0m | 
| &amp#27;[36m8&amp#27;[0m . . | &amp#27;[36m2&amp#27;[0m . . | . &amp#27;[36m3&amp#27;[0m . | 
+-------+-------+-------+
| &amp#27;[36m3&amp#27;[0m &amp#27;[36m2&amp#27;[0m &amp#27;[36m4&amp#27;[0m | &amp#27;[36m1&amp#27;[0m &amp#27;[36m6&amp#27;[0m &amp#27;[36m5&amp#27;[0m | &amp#27;[36m7&amp#27;[0m &amp#27;[36m8&amp#27;[0m &amp#27;[36m9&amp#27;[0m | 
| &amp#27;[36m6&amp#27;[0m &amp#27;[36m1&amp#27;[0m &amp#27;[36m7&amp#27;[0m | &amp#27;[36m4&amp#27;[0m &amp#27;[36m9&amp#27;[0m &amp#27;[36m8&amp#27;[0m | &amp#27;[36m2&amp#27;[0m &amp#27;[36m5&amp#27;[0m &amp#27;[36m3&amp#27;[0m | 
| &amp#27;[36m5&amp#27;[0m &amp#27;[36m9&amp#27;[0m &amp#27;[36m8&amp#27;[0m | &amp#27;[36m7&amp#27;[0m &amp#27;[36m2&amp#27;[0m &amp#27;[36m3&amp#27;[0m | &amp#27;[36m4&amp#27;[0m . . | 
+-------+-------+-------+
| &amp#27;[36m7&amp#27;[0m &amp#27;[36m5&amp#27;[0m &amp#27;[36m1&amp#27;[0m | &amp#27;[36m6&amp#27;[0m &amp#27;[36m4&amp#27;[0m &amp#27;[36m2&amp#27;[0m | &amp#27;[36m3&amp#27;[0m &amp#27;[36m9&amp#27;[0m &amp#27;[36m8&amp#27;[0m | 
| &amp#27;[36m4&amp#27;[0m &amp#27;[36m8&amp#27;[0m &amp#27;[36m6&amp#27;[0m | &amp#27;[36m9&amp#27;[0m &amp#27;[36m3&amp#27;[0m &amp#27;[36m7&amp#27;[0m | &amp#27;[36m1&amp#27;[0m &amp#27;[36m2&amp#27;[0m &amp#27;[36m5&amp#27;[0m | 
| &amp#27;[36m9&amp#27;[0m &amp#27;[36m3&amp#27;[0m &amp#27;[36m2&amp#27;[0m | &amp#27;[36m5&amp#27;[0m &amp#27;[36m8&amp#27;[0m &amp#27;[36m1&amp#27;[0m | &amp#27;[36m6&amp#27;[0m &amp#27;[36m4&amp#27;[0m &amp#27;[36m7&amp#27;[0m | 
+-------+-------+-------+
&amp#27;[H&amp#27;[2J
=== Sudoku Solver (Backtracking) ===
Passo: 5
Tentando colocar 7 em (0,7)

+-------+-------+-------+
| &amp#27;[36m2&amp#27;[0m 4 &amp#27;[36m3&amp#27;[0m | &amp#27;[36m8&amp#27;[0m 1 6 | 5 7 . | 
| &amp#27;[36m1&amp#27;[0m . . | &amp#27;[36m3&amp#27;[0m . . | &amp#27;[36m8&amp#27;[0m . &amp#27;[36m2&amp#27;[0m | 
| &amp#27;[36m8&amp#27;[0m . . | &amp#27;[36m2&amp#27;[0m . . | . &amp#27;[36m3&amp#27;[0m . | 
+-------+-------+-------+
| &amp#27;[36m3&amp#27;[0m &amp#27;[36m2&amp#27;[0m &amp#27;[36m4&amp#27;[0m | &amp#27;[36m1&amp#27;[0m &amp#27;[36m6&amp#27;[0m &amp#27;[36m5&amp#27;[0m | &amp#27;[36m7&amp#27;[0m &amp#27;[36m8&amp#27;[0m &amp#27;[36m9&amp#27;[0m | 
| &amp#27;[36m6&amp#27;[0m &amp#27;[36m1&amp#27;[0m &amp#27;[36m7&amp#27;[0m | &amp#27;[36m4&amp#27;[0m &amp#27;[36m9&amp#27;[0m &amp#27;[36m8&amp#27;[0m | &amp#27;[36m2&amp#27;[0m &amp#27;[36m5&amp#27;[0m &amp#27;[36m3&amp#27;[0m | 
| &amp#27;[36m5&amp#27;[0m &amp#27;[36m9&amp#27;[0m &amp#27;[36m8&amp#27;[0m | &amp#27;[36m7&amp#27;[0m &amp#27;[36m2&amp#27;[0m &amp#27;[36m3&amp#27;[0m | &amp#27;[36m4&amp#27;[0m . . | 
+-------+-------+-------+
| &amp#27;[36m7&amp#27;[0m &amp#27;[36m5&amp#27;[0m &amp#27;[36m1&amp#27;[0m | &amp#27;[36m6&amp#27;[0m &amp#27;[36m4&amp#27;[0m &amp#27;[36m2&amp#27;[0m | &amp#27;[36m3&amp#27;[0m &amp#27;[36m9&amp#27;[0m &amp#27;[36m8&amp#27;[0m | 
| &amp#27;[36m4&amp#27;[0m &amp#27;[36m8&amp#27;[0m &amp#27;[36m6&amp#27;[0m | &amp#27;[36m9&amp#27;[0m &amp#27;[36m3&amp#27;[0m &amp#27;[36m7&amp#27;[0m | &amp#27;[36m1&amp#27;[0m &amp#27;[36m2&amp#27;[0m &amp#27;[36m5&amp#27;[0m | 
| &amp#27;[36m9&amp#27;[0m &amp#27;[36m3&amp#27;[0m &amp#27;[36m2&amp#27;[0m | &amp#27;[36m5&amp#27;[0m &amp#27;[36m8&amp#27;[0m &amp#27;[36m1&amp#27;[0m | &amp#27;[36m6&amp#27;[0m &amp#27;[36m4&amp#27;[0m &amp#27;[36m7&amp#27;[0m | 
+-------+-------+-------+
&amp#27;[H&amp#27;[2J
=== Sudoku Solver (Backtracking) ===
Passo: 6
Backtracking removendo 7 de (0,7)

+-------+-------+-------+
| &amp#27;[36m2&amp#27;[0m 4 &amp#27;[36m3&amp#27;[0m | &amp#27;[36m8&amp#27;[0m 1 6 | 5 . . | 
| &amp#27;[36m1&amp#27;[0m . . | &amp#27;[36m3&amp#27;[0m . . | &amp#27;[36m8&amp#27;[0m . &amp#27;[36m2&amp#27;[0m | 
| &amp#27;[36m8&amp#27;[0m . . | &amp#27;[36m2&amp#27;[0m . . | . &amp#27;[36m3&amp#27;[0m . | 
+-------+-------+-------+
| &amp#27;[36m3&amp#27;[0m &amp#27;[36m2&amp#27;[0m &amp#27;[36m4&amp#27;[0m | &amp#27;[36m1&amp#27;[0m &amp#27;[36m6&amp#27;[0m &amp#27;[36m5&amp#27;[0m | &amp#27;[36m7&amp#27;[0m &amp#27;[36m8&amp#27;[0m &amp#27;[36m9&amp#27;[0m | 
| &amp#27;[36m6&amp#27;[0m &amp#27;[36m1&amp#27;[0m &amp#27;[36m7&amp#27;[0m | &amp#27;[36m4&amp#27;[0m &amp#27;[36m9&amp#27;[0m &amp#27;[36m8&amp#27;[0m | &amp#27;[36m2&amp#27;[0m &amp#27;[36m5&amp#27;[0m &amp#27;[36m3&amp#27;[0m | 
| &amp#27;[36m5&amp#27;[0m &amp#27;[36m9&amp#27;[0m &amp#27;[36m8&amp#27;[0m | &amp#27;[36m7&amp#27;[0m &amp#27;[36m2&amp#27;[0m &amp#27;[36m3&amp#27;[0m | &amp#27;[36m4&amp#27;[0m . . | 
+-------+-------+-------+
| &amp#27;[36m7&amp#27;[0m &amp#27;[36m5&amp#27;[0m &amp#27;[36m1&amp#27;[0m | &amp#27;[36m6&amp#27;[0m &amp#27;[36m4&amp#27;[0m &amp#27;[36m2&amp#27;[0m | &amp#27;[36m3&amp#27;[0m &amp#27;[36m9&amp#27;[0m &amp#27;[36m8&amp#27;[0m | 
| &amp#27;[36m4&amp#27;[0m &amp#27;[36m8&amp#27;[0m &amp#27;[36m6&amp#27;[0m | &amp#27;[36m9&amp#27;[0m &amp#27;[36m3&amp#27;[0m &amp#27;[36m7&amp#27;[0m | &amp#27;[36m1&amp#27;[0m &amp#27;[36m2&amp#27;[0m &amp#27;[36m5&amp#27;[0m | 
| &amp#27;[36m9&amp#27;[0m &amp#27;[36m3&amp#27;[0m &amp#27;[36m2&amp#27;[0m | &amp#27;[36m5&amp#27;[0m &amp#27;[36m8&amp#27;[0m &amp#27;[36m1&amp#27;[0m | &amp#27;[36m6&amp#27;[0m &amp#27;[36m4&amp#27;[0m &amp#27;[36m7&amp#27;[0m | 
+-------+-------+-------+
&amp#27;[H&amp#27;[2J
=== Sudoku Solver (Backtracking) ===
Passo: 7
Backtracking removendo 5 de (0,6)

+-------+-------+-------+
| &amp#27;[36m2&amp#27;[0m 4 &amp#27;[36m3&amp#27;[0m | &amp#27;[36m8&amp#27;[0m 1 6 | . . . | 
| &amp#27;[36m1&amp#27;[0m . . | &amp#27;[36m3&amp#27;[0m . . | &amp#27;[36m8&amp#27;[0m . &amp#27;[36m2&amp#27;[0m | 
| &amp#27;[36m8&amp#27;[0m . . | &amp#27;[36m2&amp#27;[0m . . | . &amp#27;[36m3&amp#27;[0m . | 
+-------+-------+-------+
| &amp#27;[36m3&amp#27;[0m &amp#27;[36m2&amp#27;[0m &amp#27;[36m4&amp#27;[0m | &amp#27;[36m1&amp#27;[0m &amp#27;[36m6&amp#27;[0m &amp#27;[36m5&amp#27;[0m | &amp#27;[36m7&amp#27;[0m &amp#27;[36m8&amp#27;[0m &amp#27;[36m9&amp#27;[0m | 
| &amp#27;[36m6&amp#27;[0m &amp#27;[36m1&amp#27;[0m &amp#27;[36m7&amp#27;[0m | &amp#27;[36m4&amp#27;[0m &amp#27;[36m9&amp#27;[0m &amp#27;[36m8&amp#27;[0m | &amp#27;[36m2&amp#27;[0m &amp#27;[36m5&amp#27;[0m &amp#27;[36m3&amp#27;[0m | 
| &amp#27;[36m5&amp#27;[0m &amp#27;[36m9&amp#27;[0m &amp#27;[36m8&amp#27;[0m | &amp#27;[36m7&amp#27;[0m &amp#27;[36m2&amp#27;[0m &amp#27;[36m3&amp#27;[0m | &amp#27;[36m4&amp#27;[0m . . | 
+-------+-------+-------+
| &amp#27;[36m7&amp#27;[0m &amp#27;[36m5&amp#27;[0m &amp#27;[36m1&amp#27;[0m | &amp#27;[36m6&amp#27;[0m &amp#27;[36m4&amp#27;[0m &amp#27;[36m2&amp#27;[0m | &amp#27;[36m3&amp#27;[0m &amp#27;[36m9&amp#27;[0m &amp#27;[36m8&amp#27;[0m | 
| &amp#27;[36m4&amp#27;[0m &amp#27;[36m8&amp#27;[0m &amp#27;[36m6&amp#27;[0m | &amp#27;[36m9&amp#27;[0m &amp#27;[36m3&amp#27;[0m &amp#27;[36m7&amp#27;[0m | &amp#27;[36m1&amp#27;[0m &amp#27;[36m2&amp#27;[0m &amp#27;[36m5&amp#27;[0m | 
| &amp#27;[36m9&amp#27;[0m &amp#27;[36m3&amp#27;[0m &amp#27;[36m2&amp#27;[0m | &amp#27;[36m5&amp#27;[0m &amp#27;[36m8&amp#27;[0m &amp#27;[36m1&amp#27;[0m | &amp#27;[36m6&amp#27;[0m &amp#27;[36m4&amp#27;[0m &amp#27;[36m7&amp#27;[0m | 
+-------+-------+-------+
&amp#27;[H&amp#27;[2J
=== Sudoku Solver (Backtracking) ===
Passo: 8
Tentando colocar 9 em (0,6)

+-------+-------+-------+
| &amp#27;[36m2&amp#27;[0m 4 &amp#27;[36m3&amp#27;[0m | &amp#27;[36m8&amp#27;[0m 1 6 | 9 . . | 
| &amp#27;[36m1&amp#27;[0m . . | &amp#27;[36m3&amp#27;[0m . . | &amp#27;[36m8&amp#27;[0m . &amp#27;[36m2&amp#27;[0m | 
| &amp#27;[36m8&amp#27;[0m . . | &amp#27;[36m2&amp#27;[0m . . | . &amp#27;[36m3&amp#27;[0m . | 
+-------+-------+-------+
| &amp#27;[36m3&amp#27;[0m &amp#27;[36m2&amp#27;[0m &amp#27;[36m4&amp#27;[0m | &amp#27;[36m1&amp#27;[0m &amp#27;[36m6&amp#27;[0m &amp#27;[36m5&amp#27;[0m | &amp#27;[36m7&amp#27;[0m &amp#27;[36m8&amp#27;[0m &amp#27;[36m9&amp#27;[0m | 
| &amp#27;[36m6&amp#27;[0m &amp#27;[36m1&amp#27;[0m &amp#27;[36m7&amp#27;[0m | &amp#27;[36m4&amp#27;[0m &amp#27;[36m9&amp#27;[0m &amp#27;[36m8&amp#27;[0m | &amp#27;[36m2&amp#27;[0m &amp#27;[36m5&amp#27;[0m &amp#27;[36m3&amp#27;[0m | 
| &amp#27;[36m5&amp#27;[0m &amp#27;[36m9&amp#27;[0m &amp#27;[36m8&amp#27;[0m | &amp#27;[36m7&amp#27;[0m &amp#27;[36m2&amp#27;[0m &amp#27;[36m3&amp#27;[0m | &amp#27;[36m4&amp#27;[0m . . | 
+-------+-------+-------+
| &amp#27;[36m7&amp#27;[0m &amp#27;[36m5&amp#27;[0m &amp#27;[36m1&amp#27;[0m | &amp#27;[36m6&amp#27;[0m &amp#27;[36m4&amp#27;[0m &amp#27;[36m2&amp#27;[0m | &amp#27;[36m3&amp#27;[0m &amp#27;[36m9&amp#27;[0m &amp#27;[36m8&amp#27;[0m | 
| &amp#27;[36m4&amp#27;[0m &amp#27;[36m8&amp#27;[0m &amp#27;[36m6&amp#27;[0m | &amp#27;[36m9&amp#27;[0m &amp#27;[36m3&amp#27;[0m &amp#27;[36m7&amp#27;[0m | &amp#27;[36m1&amp#27;[0m &amp#27;[36m2&amp#27;[0m &amp#27;[36m5&amp#27;[0m | 
| &amp#27;[36m9&amp#27;[0m &amp#27;[36m3&amp#27;[0m &amp#27;[36m2&amp#27;[0m | &amp#27;[36m5&amp#27;[0m &amp#27;[36m8&amp#27;[0m &amp#27;[36m1&amp#27;[0m | &amp#27;[36m6&amp#27;[0m &amp#27;[36m4&amp#27;[0m &amp#27;[36m7&amp#27;[0m | 
+-------+-------+-------+
&amp#27;[H&amp#27;[2J
=== Sudoku Solver (Backtracking) ===
Passo: 9
Tentando colocar 7 em (0,7)

+-------+-------+-------+
| &amp#27;[36m2&amp#27;[0m 4 &amp#27;[36m3&amp#27;[0m | &amp#27;[36m8&amp#27;[0m 1 6 | 9 7 . | 
| &amp#27;[36m1&amp#27;[0m . . | &amp#27;[36m3&amp#27;[0m . . | &amp#27;[36m8&amp#27;[0m . &amp#27;[36m2&amp#27;[0m | 
| &amp#27;[36m8&amp#27;[0m . . | &amp#27;[36m2&amp#27;[0m . . | . &amp#27;[36m3&amp#27;[0m . | 
+-------+-------+-------+
| &amp#27;[36m3&amp#27;[0m &amp#27;[36m2&amp#27;[0m &amp#27;[36m4&amp#27;[0m | &amp#27;[36m1&amp#27;[0m &amp#27;[36m6&amp#27;[0m &amp#27;[36m5&amp#27;[0m | &amp#27;[36m7&amp#27;[0m &amp#27;[36m8&amp#27;[0m &amp#27;[36m9&amp#27;[0m | 
| &amp#27;[36m6&amp#27;[0m &amp#27;[36m1&amp#27;[0m &amp#27;[36m7&amp#27;[0m | &amp#27;[36m4&amp#27;[0m &amp#27;[36m9&amp#27;[0m &amp#27;[36m8&amp#27;[0m | &amp#27;[36m2&amp#27;[0m &amp#27;[36m5&amp#27;[0m &amp#27;[36m3&amp#27;[0m | 
| &amp#27;[36m5&amp#27;[0m &amp#27;[36m9&amp#27;[0m &amp#27;[36m8&amp#27;[0m | &amp#27;[36m7&amp#27;[0m &amp#27;[36m2&amp#27;[0m &amp#27;[36m3&amp#27;[0m | &amp#27;[36m4&amp#27;[0m . . | 
+-------+-------+-------+
| &amp#27;[36m7&amp#27;[0m &amp#27;[36m5&amp#27;[0m &amp#27;[36m1&amp#27;[0m | &amp#27;[36m6&amp#27;[0m &amp#27;[36m4&amp#27;[0m &amp#27;[36m2&amp#27;[0m | &amp#27;[36m3&amp#27;[0m &amp#27;[36m9&amp#27;[0m &amp#27;[36m8&amp#27;[0m | 
| &amp#27;[36m4&amp#27;[0m &amp#27;[36m8&amp#27;[0m &amp#27;[36m6&amp#27;[0m | &amp#27;[36m9&amp#27;[0m &amp#27;[36m3&amp#27;[0m &amp#27;[36m7&amp#27;[0m | &amp#27;[36m1&amp#27;[0m &amp#27;[36m2&amp#27;[0m &amp#27;[36m5&amp#27;[0m | 
| &amp#27;[36m9&amp#27;[0m &amp#27;[36m3&amp#27;[0m &amp#27;[36m2&amp#27;[0m | &amp#27;[36m5&amp#27;[0m &amp#27;[36m8&amp#27;[0m &amp#27;[36m1&amp#27;[0m | &amp#27;[36m6&amp#27;[0m &amp#27;[36m4&amp#27;[0m &amp#27;[36m7&amp#27;[0m | 
+-------+-------+-------+
&amp#27;[H&amp#27;[2J
=== Sudoku Solver (Backtracking) ===
Passo: 10
Backtracking removendo 7 de (0,7)

+-------+-------+-------+
| &amp#27;[36m2&amp#27;[0m 4 &amp#27;[36m3&amp#27;[0m | &amp#27;[36m8&amp#27;[0m 1 6 | 9 . . | 
| &amp#27;[36m1&amp#27;[0m . . | &amp#27;[36m3&amp#27;[0m . . | &amp#27;[36m8&amp#27;[0m . &amp#27;[36m2&amp#27;[0m | 
| &amp#27;[36m8&amp#27;[0m . . | &amp#27;[36m2&amp#27;[0m . . | . &amp#27;[36m3&amp#27;[0m . | 
+-------+-------+-------+
| &amp#27;[36m3&amp#27;[0m &amp#27;[36m2&amp#27;[0m &amp#27;[36m4&amp#27;[0m | &amp#27;[36m1&amp#27;[0m &amp#27;[36m6&amp#27;[0m &amp#27;[36m5&amp#27;[0m | &amp#27;[36m7&amp#27;[0m &amp#27;[36m8&amp#27;[0m &amp#27;[36m9&amp#27;[0m | 
| &amp#27;[36m6&amp#27;[0m &amp#27;[36m1&amp#27;[0m &amp#27;[36m7&amp#27;[0m | &amp#27;[36m4&amp#27;[0m &amp#27;[36m9&amp#27;[0m &amp#27;[36m8&amp#27;[0m | &amp#27;[36m2&amp#27;[0m &amp#27;[36m5&amp#27;[0m &amp#27;[36m3&amp#27;[0m | 
| &amp#27;[36m5&amp#27;[0m &amp#27;[36m9&amp#27;[0m &amp#27;[36m8&amp#27;[0m | &amp#27;[36m7&amp#27;[0m &amp#27;[36m2&amp#27;[0m &amp#27;[36m3&amp#27;[0m | &amp#27;[36m4&amp#27;[0m . . | 
+-------+-------+-------+
| &amp#27;[36m7&amp#27;[0m &amp#27;[36m5&amp#27;[0m &amp#27;[36m1&amp#27;[0m | &amp#27;[36m6&amp#27;[0m &amp#27;[36m4&amp#27;[0m &amp#27;[36m2&amp#27;[0m | &amp#27;[36m3&amp#27;[0m &amp#27;[36m9&amp#27;[0m &amp#27;[36m8&amp#27;[0m | 
| &amp#27;[36m4&amp#27;[0m &amp#27;[36m8&amp#27;[0m &amp#27;[36m6&amp#27;[0m | &amp#27;[36m9&amp#27;[0m &amp#27;[36m3&amp#27;[0m &amp#27;[36m7&amp#27;[0m | &amp#27;[36m1&amp#27;[0m &amp#27;[36m2&amp#27;[0m &amp#27;[36m5&amp#27;[0m | 
| &amp#27;[36m9&amp#27;[0m &amp#27;[36m3&amp#27;[0m &amp#27;[36m2&amp#27;[0m | &amp#27;[36m5&amp#27;[0m &amp#27;[36m8&amp#27;[0m &amp#27;[36m1&amp#27;[0m | &amp#27;[36m6&amp#27;[0m &amp#27;[36m4&amp#27;[0m &amp#27;[36m7&amp#27;[0m | 
+-------+-------+-------+
&amp#27;[H&amp#27;[2J
=== Sudoku Solver (Backtracking) ===
Passo: 11
Backtracking removendo 9 de (0,6)

+-------+-------+-------+
| &amp#27;[36m2&amp#27;[0m 4 &amp#27;[36m3&amp#27;[0m | &amp#27;[36m8&amp#27;[0m 1 6 | . . . | 
| &amp#27;[36m1&amp#27;[0m . . | &amp#27;[36m3&amp#27;[0m . . | &amp#27;[36m8&amp#27;[0m . &amp#27;[36m2&amp#27;[0m | 
| &amp#27;[36m8&amp#27;[0m . . | &amp#27;[36m2&amp#27;[0m . . | . &amp#27;[36m3&amp#27;[0m . | 
+-------+-------+-------+
| &amp#27;[36m3&amp#27;[0m &amp#27;[36m2&amp#27;[0m &amp#27;[36m4&amp#27;[0m | &amp#27;[36m1&amp#27;[0m &amp#27;[36m6&amp#27;[0m &amp#27;[36m5&amp#27;[0m | &amp#27;[36m7&amp#27;[0m &amp#27;[36m8&amp#27;[0m &amp#27;[36m9&amp#27;[0m | 
| &amp#27;[36m6&amp#27;[0m &amp#27;[36m1&amp#27;[0m &amp#27;[36m7&amp#27;[0m | &amp#27;[36m4&amp#27;[0m &amp#27;[36m9&amp#27;[0m &amp#27;[36m8&amp#27;[0m | &amp#27;[36m2&amp#27;[0m &amp#27;[36m5&amp#27;[0m &amp#27;[36m3&amp#27;[0m | 
| &amp#27;[36m5&amp#27;[0m &amp#27;[36m9&amp#27;[0m &amp#27;[36m8&amp#27;[0m | &amp#27;[36m7&amp#27;[0m &amp#27;[36m2&amp#27;[0m &amp#27;[36m3&amp#27;[0m | &amp#27;[36m4&amp#27;[0m . . | 
+-------+-------+-------+
| &amp#27;[36m7&amp#27;[0m &amp#27;[36m5&amp#27;[0m &amp#27;[36m1&amp#27;[0m | &amp#27;[36m6&amp#27;[0m &amp#27;[36m4&amp#27;[0m &amp#27;[36m2&amp#27;[0m | &amp#27;[36m3&amp#27;[0m &amp#27;[36m9&amp#27;[0m &amp#27;[36m8&amp#27;[0m | 
| &amp#27;[36m4&amp#27;[0m &amp#27;[36m8&amp#27;[0m &amp#27;[36m6&amp#27;[0m | &amp#27;[36m9&amp#27;[0m &amp#27;[36m3&amp#27;[0m &amp#27;[36m7&amp#27;[0m | &amp#27;[36m1&amp#27;[0m &amp#27;[36m2&amp#27;[0m &amp#27;[36m5&amp#27;[0m | 
| &amp#27;[36m9&amp#27;[0m &amp#27;[36m3&amp#27;[0m &amp#27;[36m2&amp#27;[0m | &amp#27;[36m5&amp#27;[0m &amp#27;[36m8&amp#27;[0m &amp#27;[36m1&amp#27;[0m | &amp#27;[36m6&amp#27;[0m &amp#27;[36m4&amp#27;[0m &amp#27;[36m7&amp#27;[0m | 
+-------+-------+-------+
&amp#27;[H&amp#27;[2J
=== Sudoku Solver (Backtracking) ===
Passo: 12
Backtracking removendo 6 de (0,5)

+-------+-------+-------+
| &amp#27;[36m2&amp#27;[0m 4 &amp#27;[36m3&amp#27;[0m | &amp#27;[36m8&amp#27;[0m 1 . | . . . | 
| &amp#27;[36m1&amp#27;[0m . . | &amp#27;[36m3&amp#27;[0m . . | &amp#27;[36m8&amp#27;[0m . &amp#27;[36m2&amp#27;[0m | 
| &amp#27;[36m8&amp#27;[0m . . | &amp#27;[36m2&amp#27;[0m . . | . &amp#27;[36m3&amp#27;[0m . | 
+-------+-------+-------+
| &amp#27;[36m3&amp#27;[0m &amp#27;[36m2&amp#27;[0m &amp#27;[36m4&amp#27;[0m | &amp#27;[36m1&amp#27;[0m &amp#27;[36m6&amp#27;[0m &amp#27;[36m5&amp#27;[0m | &amp#27;[36m7&amp#27;[0m &amp#27;[36m8&amp#27;[0m &amp#27;[36m9&amp#27;[0m | 
| &amp#27;[36m6&amp#27;[0m &amp#27;[36m1&amp#27;[0m &amp#27;[36m7&amp#27;[0m | &amp#27;[36m4&amp#27;[0m &amp#27;[36m9&amp#27;[0m &amp#27;[36m8&amp#27;[0m | &amp#27;[36m2&amp#27;[0m &amp#27;[36m5&amp#27;[0m &amp#27;[36m3&amp#27;[0m | 
| &amp#27;[36m5&amp#27;[0m &amp#27;[36m9&amp#27;[0m &amp#27;[36m8&amp#27;[0m | &amp#27;[36m7&amp#27;[0m &amp#27;[36m2&amp#27;[0m &amp#27;[36m3&amp#27;[0m | &amp#27;[36m4&amp#27;[0m . . | 
+-------+-------+-------+
| &amp#27;[36m7&amp#27;[0m &amp#27;[36m5&amp#27;[0m &amp#27;[36m1&amp#27;[0m | &amp#27;[36m6&amp#27;[0m &amp#27;[36m4&amp#27;[0m &amp#27;[36m2&amp#27;[0m | &amp#27;[36m3&amp#27;[0m &amp#27;[36m9&amp#27;[0m &amp#27;[36m8&amp#27;[0m | 
| &amp#27;[36m4&amp#27;[0m &amp#27;[36m8&amp#27;[0m &amp#27;[36m6&amp#27;[0m | &amp#27;[36m9&amp#27;[0m &amp#27;[36m3&amp#27;[0m &amp#27;[36m7&amp#27;[0m | &amp#27;[36m1&amp#27;[0m &amp#27;[36m2&amp#27;[0m &amp#27;[36m5&amp#27;[0m | 
| &amp#27;[36m9&amp#27;[0m &amp#27;[36m3&amp#27;[0m &amp#27;[36m2&amp#27;[0m | &amp#27;[36m5&amp#27;[0m &amp#27;[36m8&amp#27;[0m &amp#27;[36m1&amp#27;[0m | &amp#27;[36m6&amp#27;[0m &amp#27;[36m4&amp#27;[0m &amp#27;[36m7&amp#27;[0m | 
+-------+-------+-------+
&amp#27;[H&amp#27;[2J
=== Sudoku Solver (Backtracking) ===
Passo: 13
Tentando colocar 9 em (0,5)

+-------+-------+-------+
| &amp#27;[36m2&amp#27;[0m 4 &amp#27;[36m3&amp#27;[0m | &amp#27;[36m8&amp#27;[0m 1 9 | . . . | 
| &amp#27;[36m1&amp#27;[0m . . | &amp#27;[36m3&amp#27;[0m . . | &amp#27;[36m8&amp#27;[0m . &amp#27;[36m2&amp#27;[0m | 
| &amp#27;[36m8&amp#27;[0m . . | &amp#27;[36m2&amp#27;[0m . . | . &amp#27;[36m3&amp#27;[0m . | 
+-------+-------+-------+
| &amp#27;[36m3&amp#27;[0m &amp#27;[36m2&amp#27;[0m &amp#27;[36m4&amp#27;[0m | &amp#27;[36m1&amp#27;[0m &amp#27;[36m6&amp#27;[0m &amp#27;[36m5&amp#27;[0m | &amp#27;[36m7&amp#27;[0m &amp#27;[36m8&amp#27;[0m &amp#27;[36m9&amp#27;[0m | 
| &amp#27;[36m6&amp#27;[0m &amp#27;[36m1&amp#27;[0m &amp#27;[36m7&amp#27;[0m | &amp#27;[36m4&amp#27;[0m &amp#27;[36m9&amp#27;[0m &amp#27;[36m8&amp#27;[0m | &amp#27;[36m2&amp#27;[0m &amp#27;[36m5&amp#27;[0m &amp#27;[36m3&amp#27;[0m | 
| &amp#27;[36m5&amp#27;[0m &amp#27;[36m9&amp#27;[0m &amp#27;[36m8&amp#27;[0m | &amp#27;[36m7&amp#27;[0m &amp#27;[36m2&amp#27;[0m &amp#27;[36m3&amp#27;[0m | &amp#27;[36m4&amp#27;[0m . . | 
+-------+-------+-------+
| &amp#27;[36m7&amp#27;[0m &amp#27;[36m5&amp#27;[0m &amp#27;[36m1&amp#27;[0m | &amp#27;[36m6&amp#27;[0m &amp#27;[36m4&amp#27;[0m &amp#27;[36m2&amp#27;[0m | &amp#27;[36m3&amp#27;[0m &amp#27;[36m9&amp#27;[0m &amp#27;[36m8&amp#27;[0m | 
| &amp#27;[36m4&amp#27;[0m &amp#27;[36m8&amp#27;[0m &amp#27;[36m6&amp#27;[0m | &amp#27;[36m9&amp#27;[0m &amp#27;[36m3&amp#27;[0m &amp#27;[36m7&amp#27;[0m | &amp#27;[36m1&amp#27;[0m &amp#27;[36m2&amp#27;[0m &amp#27;[36m5&amp#27;[0m | 
| &amp#27;[36m9&amp#27;[0m &amp#27;[36m3&amp#27;[0m &amp#27;[36m2&amp#27;[0m | &amp#27;[36m5&amp#27;[0m &amp#27;[36m8&amp#27;[0m &amp#27;[36m1&amp#27;[0m | &amp#27;[36m6&amp#27;[0m &amp#27;[36m4&amp#27;[0m &amp#27;[36m7&amp#27;[0m | 
+-------+-------+-------+
&amp#27;[H&amp#27;[2J
=== Sudoku Solver (Backtracking) ===
Passo: 14
Tentando colocar 5 em (0,6)

+-------+-------+-------+
| &amp#27;[36m2&amp#27;[0m 4 &amp#27;[36m3&amp#27;[0m | &amp#27;[36m8&amp#27;[0m 1 9 | 5 . . | 
| &amp#27;[36m1&amp#27;[0m . . | &amp#27;[36m3&amp#27;[0m . . | &amp#27;[36m8&amp#27;[0m . &amp#27;[36m2&amp#27;[0m | 
| &amp#27;[36m8&amp#27;[0m . . | &amp#27;[36m2&amp#27;[0m . . | . &amp#27;[36m3&amp#27;[0m . | 
+-------+-------+-------+
| &amp#27;[36m3&amp#27;[0m &amp#27;[36m2&amp#27;[0m &amp#27;[36m4&amp#27;[0m | &amp#27;[36m1&amp#27;[0m &amp#27;[36m6&amp#27;[0m &amp#27;[36m5&amp#27;[0m | &amp#27;[36m7&amp#27;[0m &amp#27;[36m8&amp#27;[0m &amp#27;[36m9&amp#27;[0m | 
| &amp#27;[36m6&amp#27;[0m &amp#27;[36m1&amp#27;[0m &amp#27;[36m7&amp#27;[0m | &amp#27;[36m4&amp#27;[0m &amp#27;[36m9&amp#27;[0m &amp#27;[36m8&amp#27;[0m | &amp#27;[36m2&amp#27;[0m &amp#27;[36m5&amp#27;[0m &amp#27;[36m3&amp#27;[0m | 
| &amp#27;[36m5&amp#27;[0m &amp#27;[36m9&amp#27;[0m &amp#27;[36m8&amp#27;[0m | &amp#27;[36m7&amp#27;[0m &amp#27;[36m2&amp#27;[0m &amp#27;[36m3&amp#27;[0m | &amp#27;[36m4&amp#27;[0m . . | 
+-------+-------+-------+
| &amp#27;[36m7&amp#27;[0m &amp#27;[36m5&amp#27;[0m &amp#27;[36m1&amp#27;[0m | &amp#27;[36m6&amp#27;[0m &amp#27;[36m4&amp#27;[0m &amp#27;[36m2&amp#27;[0m | &amp#27;[36m3&amp#27;[0m &amp#27;[36m9&amp#27;[0m &amp#27;[36m8&amp#27;[0m | 
| &amp#27;[36m4&amp#27;[0m &amp#27;[36m8&amp#27;[0m &amp#27;[36m6&amp#27;[0m | &amp#27;[36m9&amp#27;[0m &amp#27;[36m3&amp#27;[0m &amp#27;[36m7&amp#27;[0m | &amp#27;[36m1&amp#27;[0m &amp#27;[36m2&amp#27;[0m &amp#27;[36m5&amp#27;[0m | 
| &amp#27;[36m9&amp#27;[0m &amp#27;[36m3&amp#27;[0m &amp#27;[36m2&amp#27;[0m | &amp#27;[36m5&amp#27;[0m &amp#27;[36m8&amp#27;[0m &amp#27;[36m1&amp#27;[0m | &amp#27;[36m6&amp#27;[0m &amp#27;[36m4&amp#27;[0m &amp#27;[36m7&amp#27;[0m | 
+-------+-------+-------+
&amp#27;[H&amp#27;[2J
=== Sudoku Solver (Backtracking) ===
Passo: 15
Tentando colocar 6 em (0,7)

+-------+-------+-------+
| &amp#27;[36m2&amp#27;[0m 4 &amp#27;[36m3&amp#27;[0m | &amp#27;[36m8&amp#27;[0m 1 9 | 5 6 . | 
| &amp#27;[36m1&amp#27;[0m . . | &amp#27;[36m3&amp#27;[0m . . | &amp#27;[36m8&amp#27;[0m . &amp#27;[36m2&amp#27;[0m | 
| &amp#27;[36m8&amp#27;[0m . . | &amp#27;[36m2&amp#27;[0m . . | . &amp#27;[36m3&amp#27;[0m . | 
+-------+-------+-------+
| &amp#27;[36m3&amp#27;[0m &amp#27;[36m2&amp#27;[0m &amp#27;[36m4&amp#27;[0m | &amp#27;[36m1&amp#27;[0m &amp#27;[36m6&amp#27;[0m &amp#27;[36m5&amp#27;[0m | &amp#27;[36m7&amp#27;[0m &amp#27;[36m8&amp#27;[0m &amp#27;[36m9&amp#27;[0m | 
| &amp#27;[36m6&amp#27;[0m &amp#27;[36m1&amp#27;[0m &amp#27;[36m7&amp#27;[0m | &amp#27;[36m4&amp#27;[0m &amp#27;[36m9&amp#27;[0m &amp#27;[36m8&amp#27;[0m | &amp#27;[36m2&amp#27;[0m &amp#27;[36m5&amp#27;[0m &amp#27;[36m3&amp#27;[0m | 
| &amp#27;[36m5&amp#27;[0m &amp#27;[36m9&amp#27;[0m &amp#27;[36m8&amp#27;[0m | &amp#27;[36m7&amp#27;[0m &amp#27;[36m2&amp#27;[0m &amp#27;[36m3&amp#27;[0m | &amp#27;[36m4&amp#27;[0m . . | 
+-------+-------+-------+
| &amp#27;[36m7&amp#27;[0m &amp#27;[36m5&amp#27;[0m &amp#27;[36m1&amp#27;[0m | &amp#27;[36m6&amp#27;[0m &amp#27;[36m4&amp#27;[0m &amp#27;[36m2&amp#27;[0m | &amp#27;[36m3&amp#27;[0m &amp#27;[36m9&amp#27;[0m &amp#27;[36m8&amp#27;[0m | 
| &amp#27;[36m4&amp#27;[0m &amp#27;[36m8&amp#27;[0m &amp#27;[36m6&amp#27;[0m | &amp#27;[36m9&amp#27;[0m &amp#27;[36m3&amp#27;[0m &amp#27;[36m7&amp#27;[0m | &amp#27;[36m1&amp#27;[0m &amp#27;[36m2&amp#27;[0m &amp#27;[36m5&amp#27;[0m | 
| &amp#27;[36m9&amp#27;[0m &amp#27;[36m3&amp#27;[0m &amp#27;[36m2&amp#27;[0m | &amp#27;[36m5&amp#27;[0m &amp#27;[36m8&amp#27;[0m &amp#27;[36m1&amp#27;[0m | &amp#27;[36m6&amp#27;[0m &amp#27;[36m4&amp#27;[0m &amp#27;[36m7&amp#27;[0m | 
+-------+-------+-------+
&amp#27;[H&amp#27;[2J
=== Sudoku Solver (Backtracking) ===
Passo: 16
Backtracking removendo 6 de (0,7)

+-------+-------+-------+
| &amp#27;[36m2&amp#27;[0m 4 &amp#27;[36m3&amp#27;[0m | &amp#27;[36m8&amp#27;[0m 1 9 | 5 . . | 
| &amp#27;[36m1&amp#27;[0m . . | &amp#27;[36m3&amp#27;[0m . . | &amp#27;[36m8&amp#27;[0m . &amp#27;[36m2&amp#27;[0m | 
| &amp#27;[36m8&amp#27;[0m . . | &amp#27;[36m2&amp#27;[0m . . | . &amp#27;[36m3&amp#27;[0m . | 
+-------+-------+-------+
| &amp#27;[36m3&amp#27;[0m &amp#27;[36m2&amp#27;[0m &amp#27;[36m4&amp#27;[0m | &amp#27;[36m1&amp#27;[0m &amp#27;[36m6&amp#27;[0m &amp#27;[36m5&amp#27;[0m | &amp#27;[36m7&amp#27;[0m &amp#27;[36m8&amp#27;[0m &amp#27;[36m9&amp#27;[0m | 
| &amp#27;[36m6&amp#27;[0m &amp#27;[36m1&amp#27;[0m &amp#27;[36m7&amp#27;[0m | &amp#27;[36m4&amp#27;[0m &amp#27;[36m9&amp#27;[0m &amp#27;[36m8&amp#27;[0m | &amp#27;[36m2&amp#27;[0m &amp#27;[36m5&amp#27;[0m &amp#27;[36m3&amp#27;[0m | 
| &amp#27;[36m5&amp#27;[0m &amp#27;[36m9&amp#27;[0m &amp#27;[36m8&amp#27;[0m | &amp#27;[36m7&amp#27;[0m &amp#27;[36m2&amp#27;[0m &amp#27;[36m3&amp#27;[0m | &amp#27;[36m4&amp#27;[0m . . | 
+-------+-------+-------+
| &amp#27;[36m7&amp#27;[0m &amp#27;[36m5&amp#27;[0m &amp#27;[36m1&amp#27;[0m | &amp#27;[36m6&amp#27;[0m &amp#27;[36m4&amp#27;[0m &amp#27;[36m2&amp#27;[0m | &amp#27;[36m3&amp#27;[0m &amp#27;[36m9&amp#27;[0m &amp#27;[36m8&amp#27;[0m | 
| &amp#27;[36m4&amp#27;[0m &amp#27;[36m8&amp#27;[0m &amp#27;[36m6&amp#27;[0m | &amp#27;[36m9&amp#27;[0m &amp#27;[36m3&amp#27;[0m &amp#27;[36m7&amp#27;[0m | &amp#27;[36m1&amp#27;[0m &amp#27;[36m2&amp#27;[0m &amp#27;[36m5&amp#27;[0m | 
| &amp#27;[36m9&amp#27;[0m &amp#27;[36m3&amp#27;[0m &amp#27;[36m2&amp#27;[0m | &amp#27;[36m5&amp#27;[0m &amp#27;[36m8&amp#27;[0m &amp#27;[36m1&amp#27;[0m | &amp#27;[36m6&amp#27;[0m &amp#27;[36m4&amp#27;[0m &amp#27;[36m7&amp#27;[0m | 
+-------+-------+-------+
&amp#27;[H&amp#27;[2J
=== Sudoku Solver (Backtracking) ===
Passo: 17
Tentando colocar 7 em (0,7)

+-------+-------+-------+
| &amp#27;[36m2&amp#27;[0m 4 &amp#27;[36m3&amp#27;[0m | &amp#27;[36m8&amp#27;[0m 1 9 | 5 7 . | 
| &amp#27;[36m1&amp#27;[0m . . | &amp#27;[36m3&amp#27;[0m . . | &amp#27;[36m8&amp#27;[0m . &amp#27;[36m2&amp#27;[0m | 
| &amp#27;[36m8&amp#27;[0m . . | &amp#27;[36m2&amp#27;[0m . . | . &amp#27;[36m3&amp#27;[0m . | 
+-------+-------+-------+
| &amp#27;[36m3&amp#27;[0m &amp#27;[36m2&amp#27;[0m &amp#27;[36m4&amp#27;[0m | &amp#27;[36m1&amp#27;[0m &amp#27;[36m6&amp#27;[0m &amp#27;[36m5&amp#27;[0m | &amp#27;[36m7&amp#27;[0m &amp#27;[36m8&amp#27;[0m &amp#27;[36m9&amp#27;[0m | 
| &amp#27;[36m6&amp#27;[0m &amp#27;[36m1&amp#27;[0m &amp#27;[36m7&amp#27;[0m | &amp#27;[36m4&amp#27;[0m &amp#27;[36m9&amp#27;[0m &amp#27;[36m8&amp#27;[0m | &amp#27;[36m2&amp#27;[0m &amp#27;[36m5&amp#27;[0m &amp#27;[36m3&amp#27;[0m | 
| &amp#27;[36m5&amp#27;[0m &amp#27;[36m9&amp#27;[0m &amp#27;[36m8&amp#27;[0m | &amp#27;[36m7&amp#27;[0m &amp#27;[36m2&amp#27;[0m &amp#27;[36m3&amp#27;[0m | &amp#27;[36m4&amp#27;[0m . . | 
+-------+-------+-------+
| &amp#27;[36m7&amp#27;[0m &amp#27;[36m5&amp#27;[0m &amp#27;[36m1&amp#27;[0m | &amp#27;[36m6&amp#27;[0m &amp#27;[36m4&amp#27;[0m &amp#27;[36m2&amp#27;[0m | &amp#27;[36m3&amp#27;[0m &amp#27;[36m9&amp#27;[0m &amp#27;[36m8&amp#27;[0m | 
| &amp#27;[36m4&amp#27;[0m &amp#27;[36m8&amp#27;[0m &amp#27;[36m6&amp#27;[0m | &amp#27;[36m9&amp#27;[0m &amp#27;[36m3&amp#27;[0m &amp#27;[36m7&amp#27;[0m | &amp#27;[36m1&amp#27;[0m &amp#27;[36m2&amp#27;[0m &amp#27;[36m5&amp#27;[0m | 
| &amp#27;[36m9&amp#27;[0m &amp#27;[36m3&amp#27;[0m &amp#27;[36m2&amp#27;[0m | &amp#27;[36m5&amp#27;[0m &amp#27;[36m8&amp#27;[0m &amp#27;[36m1&amp#27;[0m | &amp#27;[36m6&amp#27;[0m &amp#27;[36m4&amp#27;[0m &amp#27;[36m7&amp#27;[0m | 
+-------+-------+-------+
&amp#27;[H&amp#27;[2J
=== Sudoku Solver (Backtracking) ===
Passo: 18
Tentando colocar 6 em (0,8)

+-------+-------+-------+
| &amp#27;[36m2&amp#27;[0m 4 &amp#27;[36m3&amp#27;[0m | &amp#27;[36m8&amp#27;[0m 1 9 | 5 7 6 | 
| &amp#27;[36m1&amp#27;[0m . . | &amp#27;[36m3&amp#27;[0m . . | &amp#27;[36m8&amp#27;[0m . &amp#27;[36m2&amp#27;[0m | 
| &amp#27;[36m8&amp#27;[0m . . | &amp#27;[36m2&amp#27;[0m . . | . &amp#27;[36m3&amp#27;[0m . | 
+-------+-------+-------+
| &amp#27;[36m3&amp#27;[0m &amp#27;[36m2&amp#27;[0m &amp#27;[36m4&amp#27;[0m | &amp#27;[36m1&amp#27;[0m &amp#27;[36m6&amp#27;[0m &amp#27;[36m5&amp#27;[0m | &amp#27;[36m7&amp#27;[0m &amp#27;[36m8&amp#27;[0m &amp#27;[36m9&amp#27;[0m | 
| &amp#27;[36m6&amp#27;[0m &amp#27;[36m1&amp#27;[0m &amp#27;[36m7&amp#27;[0m | &amp#27;[36m4&amp#27;[0m &amp#27;[36m9&amp#27;[0m &amp#27;[36m8&amp#27;[0m | &amp#27;[36m2&amp#27;[0m &amp#27;[36m5&amp#27;[0m &amp#27;[36m3&amp#27;[0m | 
| &amp#27;[36m5&amp#27;[0m &amp#27;[36m9&amp#27;[0m &amp#27;[36m8&amp#27;[0m | &amp#27;[36m7&amp#27;[0m &amp#27;[36m2&amp#27;[0m &amp#27;[36m3&amp#27;[0m | &amp#27;[36m4&amp#27;[0m . . | 
+-------+-------+-------+
| &amp#27;[36m7&amp#27;[0m &amp#27;[36m5&amp#27;[0m &amp#27;[36m1&amp#27;[0m | &amp#27;[36m6&amp#27;[0m &amp#27;[36m4&amp#27;[0m &amp#27;[36m2&amp#27;[0m | &amp#27;[36m3&amp#27;[0m &amp#27;[36m9&amp#27;[0m &amp#27;[36m8&amp#27;[0m | 
| &amp#27;[36m4&amp#27;[0m &amp#27;[36m8&amp#27;[0m &amp#27;[36m6&amp#27;[0m | &amp#27;[36m9&amp#27;[0m &amp#27;[36m3&amp#27;[0m &amp#27;[36m7&amp#27;[0m | &amp#27;[36m1&amp#27;[0m &amp#27;[36m2&amp#27;[0m &amp#27;[36m5&amp#27;[0m | 
| &amp#27;[36m9&amp#27;[0m &amp#27;[36m3&amp#27;[0m &amp#27;[36m2&amp#27;[0m | &amp#27;[36m5&amp#27;[0m &amp#27;[36m8&amp#27;[0m &amp#27;[36m1&amp#27;[0m | &amp#27;[36m6&amp#27;[0m &amp#27;[36m4&amp#27;[0m &amp#27;[36m7&amp#27;[0m | 
+-------+-------+-------+
&amp#27;[H&amp#27;[2J
=== Sudoku Solver (Backtracking) ===
Passo: 19
Tentando colocar 6 em (1,1)

+-------+-------+-------+
| &amp#27;[36m2&amp#27;[0m 4 &amp#27;[36m3&amp#27;[0m | &amp#27;[36m8&amp#27;[0m 1 9 | 5 7 6 | 
| &amp#27;[36m1&amp#27;[0m 6 . | &amp#27;[36m3&amp#27;[0m . . | &amp#27;[36m8&amp#27;[0m . &amp#27;[36m2&amp#27;[0m | 
| &amp#27;[36m8&amp#27;[0m . . | &amp#27;[36m2&amp#27;[0m . . | . &amp#27;[36m3&amp#27;[0m . | 
+-------+-------+-------+
| &amp#27;[36m3&amp#27;[0m &amp#27;[36m2&amp#27;[0m &amp#27;[36m4&amp#27;[0m | &amp#27;[36m1&amp#27;[0m &amp#27;[36m6&amp#27;[0m &amp#27;[36m5&amp#27;[0m | &amp#27;[36m7&amp#27;[0m &amp#27;[36m8&amp#27;[0m &amp#27;[36m9&amp#27;[0m | 
| &amp#27;[36m6&amp#27;[0m &amp#27;[36m1&amp#27;[0m &amp#27;[36m7&amp#27;[0m | &amp#27;[36m4&amp#27;[0m &amp#27;[36m9&amp#27;[0m &amp#27;[36m8&amp#27;[0m | &amp#27;[36m2&amp#27;[0m &amp#27;[36m5&amp#27;[0m &amp#27;[36m3&amp#27;[0m | 
| &amp#27;[36m5&amp#27;[0m &amp#27;[36m9&amp#27;[0m &amp#27;[36m8&amp#27;[0m | &amp#27;[36m7&amp#27;[0m &amp#27;[36m2&amp#27;[0m &amp#27;[36m3&amp#27;[0m | &amp#27;[36m4&amp#27;[0m . . | 
+-------+-------+-------+
| &amp#27;[36m7&amp#27;[0m &amp#27;[36m5&amp#27;[0m &amp#27;[36m1&amp#27;[0m | &amp#27;[36m6&amp#27;[0m &amp#27;[36m4&amp#27;[0m &amp#27;[36m2&amp#27;[0m | &amp#27;[36m3&amp#27;[0m &amp#27;[36m9&amp#27;[0m &amp#27;[36m8&amp#27;[0m | 
| &amp#27;[36m4&amp#27;[0m &amp#27;[36m8&amp#27;[0m &amp#27;[36m6&amp#27;[0m | &amp#27;[36m9&amp#27;[0m &amp#27;[36m3&amp#27;[0m &amp#27;[36m7&amp#27;[0m | &amp#27;[36m1&amp#27;[0m &amp#27;[36m2&amp#27;[0m &amp#27;[36m5&amp#27;[0m | 
| &amp#27;[36m9&amp#27;[0m &amp#27;[36m3&amp#27;[0m &amp#27;[36m2&amp#27;[0m | &amp#27;[36m5&amp#27;[0m &amp#27;[36m8&amp#27;[0m &amp#27;[36m1&amp#27;[0m | &amp#27;[36m6&amp#27;[0m &amp#27;[36m4&amp#27;[0m &amp#27;[36m7&amp#27;[0m | 
+-------+-------+-------+
&amp#27;[H&amp#27;[2J
=== Sudoku Solver (Backtracking) ===
Passo: 20
Tentando colocar 5 em (1,2)

+-------+-------+-------+
| &amp#27;[36m2&amp#27;[0m 4 &amp#27;[36m3&amp#27;[0m | &amp#27;[36m8&amp#27;[0m 1 9 | 5 7 6 | 
| &amp#27;[36m1&amp#27;[0m 6 5 | &amp#27;[36m3&amp#27;[0m . . | &amp#27;[36m8&amp#27;[0m . &amp#27;[36m2&amp#27;[0m | 
| &amp#27;[36m8&amp#27;[0m . . | &amp#27;[36m2&amp#27;[0m . . | . &amp#27;[36m3&amp#27;[0m . | 
+-------+-------+-------+
| &amp#27;[36m3&amp#27;[0m &amp#27;[36m2&amp#27;[0m &amp#27;[36m4&amp#27;[0m | &amp#27;[36m1&amp#27;[0m &amp#27;[36m6&amp#27;[0m &amp#27;[36m5&amp#27;[0m | &amp#27;[36m7&amp#27;[0m &amp#27;[36m8&amp#27;[0m &amp#27;[36m9&amp#27;[0m | 
| &amp#27;[36m6&amp#27;[0m &amp#27;[36m1&amp#27;[0m &amp#27;[36m7&amp#27;[0m | &amp#27;[36m4&amp#27;[0m &amp#27;[36m9&amp#27;[0m &amp#27;[36m8&amp#27;[0m | &amp#27;[36m2&amp#27;[0m &amp#27;[36m5&amp#27;[0m &amp#27;[36m3&amp#27;[0m | 
| &amp#27;[36m5&amp#27;[0m &amp#27;[36m9&amp#27;[0m &amp#27;[36m8&amp#27;[0m | &amp#27;[36m7&amp#27;[0m &amp#27;[36m2&amp#27;[0m &amp#27;[36m3&amp#27;[0m | &amp#27;[36m4&amp#27;[0m . . | 
+-------+-------+-------+
| &amp#27;[36m7&amp#27;[0m &amp#27;[36m5&amp#27;[0m &amp#27;[36m1&amp#27;[0m | &amp#27;[36m6&amp#27;[0m &amp#27;[36m4&amp#27;[0m &amp#27;[36m2&amp#27;[0m | &amp#27;[36m3&amp#27;[0m &amp#27;[36m9&amp#27;[0m &amp#27;[36m8&amp#27;[0m | 
| &amp#27;[36m4&amp#27;[0m &amp#27;[36m8&amp#27;[0m &amp#27;[36m6&amp#27;[0m | &amp#27;[36m9&amp#27;[0m &amp#27;[36m3&amp#27;[0m &amp#27;[36m7&amp#27;[0m | &amp#27;[36m1&amp#27;[0m &amp#27;[36m2&amp#27;[0m &amp#27;[36m5&amp#27;[0m | 
| &amp#27;[36m9&amp#27;[0m &amp#27;[36m3&amp#27;[0m &amp#27;[36m2&amp#27;[0m | &amp#27;[36m5&amp#27;[0m &amp#27;[36m8&amp#27;[0m &amp#27;[36m1&amp#27;[0m | &amp#27;[36m6&amp#27;[0m &amp#27;[36m4&amp#27;[0m &amp#27;[36m7&amp#27;[0m | 
+-------+-------+-------+
&amp#27;[H&amp#27;[2J
=== Sudoku Solver (Backtracking) ===
Passo: 21
Tentando colocar 7 em (1,4)

+-------+-------+-------+
| &amp#27;[36m2&amp#27;[0m 4 &amp#27;[36m3&amp#27;[0m | &amp#27;[36m8&amp#27;[0m 1 9 | 5 7 6 | 
| &amp#27;[36m1&amp#27;[0m 6 5 | &amp#27;[36m3&amp#27;[0m 7 . | &amp#27;[36m8&amp#27;[0m . &amp#27;[36m2&amp#27;[0m | 
| &amp#27;[36m8&amp#27;[0m . . | &amp#27;[36m2&amp#27;[0m . . | . &amp#27;[36m3&amp#27;[0m . | 
+-------+-------+-------+
| &amp#27;[36m3&amp#27;[0m &amp#27;[36m2&amp#27;[0m &amp#27;[36m4&amp#27;[0m | &amp#27;[36m1&amp#27;[0m &amp#27;[36m6&amp#27;[0m &amp#27;[36m5&amp#27;[0m | &amp#27;[36m7&amp#27;[0m &amp#27;[36m8&amp#27;[0m &amp#27;[36m9&amp#27;[0m | 
| &amp#27;[36m6&amp#27;[0m &amp#27;[36m1&amp#27;[0m &amp#27;[36m7&amp#27;[0m | &amp#27;[36m4&amp#27;[0m &amp#27;[36m9&amp#27;[0m &amp#27;[36m8&amp#27;[0m | &amp#27;[36m2&amp#27;[0m &amp#27;[36m5&amp#27;[0m &amp#27;[36m3&amp#27;[0m | 
| &amp#27;[36m5&amp#27;[0m &amp#27;[36m9&amp#27;[0m &amp#27;[36m8&amp#27;[0m | &amp#27;[36m7&amp#27;[0m &amp#27;[36m2&amp#27;[0m &amp#27;[36m3&amp#27;[0m | &amp#27;[36m4&amp#27;[0m . . | 
+-------+-------+-------+
| &amp#27;[36m7&amp#27;[0m &amp#27;[36m5&amp#27;[0m &amp#27;[36m1&amp#27;[0m | &amp#27;[36m6&amp#27;[0m &amp#27;[36m4&amp#27;[0m &amp#27;[36m2&amp#27;[0m | &amp#27;[36m3&amp#27;[0m &amp#27;[36m9&amp#27;[0m &amp#27;[36m8&amp#27;[0m | 
| &amp#27;[36m4&amp#27;[0m &amp#27;[36m8&amp#27;[0m &amp#27;[36m6&amp#27;[0m | &amp#27;[36m9&amp#27;[0m &amp#27;[36m3&amp#27;[0m &amp#27;[36m7&amp#27;[0m | &amp#27;[36m1&amp#27;[0m &amp#27;[36m2&amp#27;[0m &amp#27;[36m5&amp#27;[0m | 
| &amp#27;[36m9&amp#27;[0m &amp#27;[36m3&amp#27;[0m &amp#27;[36m2&amp#27;[0m | &amp#27;[36m5&amp#27;[0m &amp#27;[36m8&amp#27;[0m &amp#27;[36m1&amp#27;[0m | &amp#27;[36m6&amp#27;[0m &amp#27;[36m4&amp#27;[0m &amp#27;[36m7&amp#27;[0m | 
+-------+-------+-------+
&amp#27;[H&amp#27;[2J
=== Sudoku Solver (Backtracking) ===
Passo: 22
Tentando colocar 4 em (1,5)

+-------+-------+-------+
| &amp#27;[36m2&amp#27;[0m 4 &amp#27;[36m3&amp#27;[0m | &amp#27;[36m8&amp#27;[0m 1 9 | 5 7 6 | 
| &amp#27;[36m1&amp#27;[0m 6 5 | &amp#27;[36m3&amp#27;[0m 7 4 | &amp#27;[36m8&amp#27;[0m . &amp#27;[36m2&amp#27;[0m | 
| &amp#27;[36m8&amp#27;[0m . . | &amp#27;[36m2&amp#27;[0m . . | . &amp#27;[36m3&amp#27;[0m . | 
+-------+-------+-------+
| &amp#27;[36m3&amp#27;[0m &amp#27;[36m2&amp#27;[0m &amp#27;[36m4&amp#27;[0m | &amp#27;[36m1&amp#27;[0m &amp#27;[36m6&amp#27;[0m &amp#27;[36m5&amp#27;[0m | &amp#27;[36m7&amp#27;[0m &amp#27;[36m8&amp#27;[0m &amp#27;[36m9&amp#27;[0m | 
| &amp#27;[36m6&amp#27;[0m &amp#27;[36m1&amp#27;[0m &amp#27;[36m7&amp#27;[0m | &amp#27;[36m4&amp#27;[0m &amp#27;[36m9&amp#27;[0m &amp#27;[36m8&amp#27;[0m | &amp#27;[36m2&amp#27;[0m &amp#27;[36m5&amp#27;[0m &amp#27;[36m3&amp#27;[0m | 
| &amp#27;[36m5&amp#27;[0m &amp#27;[36m9&amp#27;[0m &amp#27;[36m8&amp#27;[0m | &amp#27;[36m7&amp#27;[0m &amp#27;[36m2&amp#27;[0m &amp#27;[36m3&amp#27;[0m | &amp#27;[36m4&amp#27;[0m . . | 
+-------+-------+-------+
| &amp#27;[36m7&amp#27;[0m &amp#27;[36m5&amp#27;[0m &amp#27;[36m1&amp#27;[0m | &amp#27;[36m6&amp#27;[0m &amp#27;[36m4&amp#27;[0m &amp#27;[36m2&amp#27;[0m | &amp#27;[36m3&amp#27;[0m &amp#27;[36m9&amp#27;[0m &amp#27;[36m8&amp#27;[0m | 
| &amp#27;[36m4&amp#27;[0m &amp#27;[36m8&amp#27;[0m &amp#27;[36m6&amp#27;[0m | &amp#27;[36m9&amp#27;[0m &amp#27;[36m3&amp#27;[0m &amp#27;[36m7&amp#27;[0m | &amp#27;[36m1&amp#27;[0m &amp#27;[36m2&amp#27;[0m &amp#27;[36m5&amp#27;[0m | 
| &amp#27;[36m9&amp#27;[0m &amp#27;[36m3&amp#27;[0m &amp#27;[36m2&amp#27;[0m | &amp#27;[36m5&amp#27;[0m &amp#27;[36m8&amp#27;[0m &amp#27;[36m1&amp#27;[0m | &amp#27;[36m6&amp#27;[0m &amp#27;[36m4&amp#27;[0m &amp#27;[36m7&amp#27;[0m | 
+-------+-------+-------+
&amp#27;[H&amp#27;[2J
=== Sudoku Solver (Backtracking) ===
Passo: 23
Backtracking removendo 4 de (1,5)

+-------+-------+-------+
| &amp#27;[36m2&amp#27;[0m 4 &amp#27;[36m3&amp#27;[0m | &amp#27;[36m8&amp#27;[0m 1 9 | 5 7 6 | 
| &amp#27;[36m1&amp#27;[0m 6 5 | &amp#27;[36m3&amp#27;[0m 7 . | &amp#27;[36m8&amp#27;[0m . &amp#27;[36m2&amp#27;[0m | 
| &amp#27;[36m8&amp#27;[0m . . | &amp#27;[36m2&amp#27;[0m . . | . &amp#27;[36m3&amp#27;[0m . | 
+-------+-------+-------+
| &amp#27;[36m3&amp#27;[0m &amp#27;[36m2&amp#27;[0m &amp#27;[36m4&amp#27;[0m | &amp#27;[36m1&amp#27;[0m &amp#27;[36m6&amp#27;[0m &amp#27;[36m5&amp#27;[0m | &amp#27;[36m7&amp#27;[0m &amp#27;[36m8&amp#27;[0m &amp#27;[36m9&amp#27;[0m | 
| &amp#27;[36m6&amp#27;[0m &amp#27;[36m1&amp#27;[0m &amp#27;[36m7&amp#27;[0m | &amp#27;[36m4&amp#27;[0m &amp#27;[36m9&amp#27;[0m &amp#27;[36m8&amp#27;[0m | &amp#27;[36m2&amp#27;[0m &amp#27;[36m5&amp#27;[0m &amp#27;[36m3&amp#27;[0m | 
| &amp#27;[36m5&amp#27;[0m &amp#27;[36m9&amp#27;[0m &amp#27;[36m8&amp#27;[0m | &amp#27;[36m7&amp#27;[0m &amp#27;[36m2&amp#27;[0m &amp#27;[36m3&amp#27;[0m | &amp#27;[36m4&amp#27;[0m . . | 
+-------+-------+-------+
| &amp#27;[36m7&amp#27;[0m &amp#27;[36m5&amp#27;[0m &amp#27;[36m1&amp#27;[0m | &amp#27;[36m6&amp#27;[0m &amp#27;[36m4&amp#27;[0m &amp#27;[36m2&amp#27;[0m | &amp#27;[36m3&amp#27;[0m &amp#27;[36m9&amp#27;[0m &amp#27;[36m8&amp#27;[0m | 
| &amp#27;[36m4&amp#27;[0m &amp#27;[36m8&amp#27;[0m &amp#27;[36m6&amp#27;[0m | &amp#27;[36m9&amp#27;[0m &amp#27;[36m3&amp#27;[0m &amp#27;[36m7&amp#27;[0m | &amp#27;[36m1&amp#27;[0m &amp#27;[36m2&amp#27;[0m &amp#27;[36m5&amp#27;[0m | 
| &amp#27;[36m9&amp#27;[0m &amp#27;[36m3&amp#27;[0m &amp#27;[36m2&amp#27;[0m | &amp#27;[36m5&amp#27;[0m &amp#27;[36m8&amp#27;[0m &amp#27;[36m1&amp#27;[0m | &amp#27;[36m6&amp#27;[0m &amp#27;[36m4&amp#27;[0m &amp#27;[36m7&amp#27;[0m | 
+-------+-------+-------+
&amp#27;[H&amp#27;[2J
=== Sudoku Solver (Backtracking) ===
Passo: 24
Backtracking removendo 7 de (1,4)

+-------+-------+-------+
| &amp#27;[36m2&amp#27;[0m 4 &amp#27;[36m3&amp#27;[0m | &amp#27;[36m8&amp#27;[0m 1 9 | 5 7 6 | 
| &amp#27;[36m1&amp#27;[0m 6 5 | &amp#27;[36m3&amp#27;[0m . . | &amp#27;[36m8&amp#27;[0m . &amp#27;[36m2&amp#27;[0m | 
| &amp#27;[36m8&amp#27;[0m . . | &amp#27;[36m2&amp#27;[0m . . | . &amp#27;[36m3&amp#27;[0m . | 
+-------+-------+-------+
| &amp#27;[36m3&amp#27;[0m &amp#27;[36m2&amp#27;[0m &amp#27;[36m4&amp#27;[0m | &amp#27;[36m1&amp#27;[0m &amp#27;[36m6&amp#27;[0m &amp#27;[36m5&amp#27;[0m | &amp#27;[36m7&amp#27;[0m &amp#27;[36m8&amp#27;[0m &amp#27;[36m9&amp#27;[0m | 
| &amp#27;[36m6&amp#27;[0m &amp#27;[36m1&amp#27;[0m &amp#27;[36m7&amp#27;[0m | &amp#27;[36m4&amp#27;[0m &amp#27;[36m9&amp#27;[0m &amp#27;[36m8&amp#27;[0m | &amp#27;[36m2&amp#27;[0m &amp#27;[36m5&amp#27;[0m &amp#27;[36m3&amp#27;[0m | 
| &amp#27;[36m5&amp#27;[0m &amp#27;[36m9&amp#27;[0m &amp#27;[36m8&amp#27;[0m | &amp#27;[36m7&amp#27;[0m &amp#27;[36m2&amp#27;[0m &amp#27;[36m3&amp#27;[0m | &amp#27;[36m4&amp#27;[0m . . | 
+-------+-------+-------+
| &amp#27;[36m7&amp#27;[0m &amp#27;[36m5&amp#27;[0m &amp#27;[36m1&amp#27;[0m | &amp#27;[36m6&amp#27;[0m &amp#27;[36m4&amp#27;[0m &amp#27;[36m2&amp#27;[0m | &amp#27;[36m3&amp#27;[0m &amp#27;[36m9&amp#27;[0m &amp#27;[36m8&amp#27;[0m | 
| &amp#27;[36m4&amp#27;[0m &amp#27;[36m8&amp#27;[0m &amp#27;[36m6&amp#27;[0m | &amp#27;[36m9&amp#27;[0m &amp#27;[36m3&amp#27;[0m &amp#27;[36m7&amp#27;[0m | &amp#27;[36m1&amp#27;[0m &amp#27;[36m2&amp#27;[0m &amp#27;[36m5&amp#27;[0m | 
| &amp#27;[36m9&amp#27;[0m &amp#27;[36m3&amp#27;[0m &amp#27;[36m2&amp#27;[0m | &amp#27;[36m5&amp#27;[0m &amp#27;[36m8&amp#27;[0m &amp#27;[36m1&amp#27;[0m | &amp#27;[36m6&amp#27;[0m &amp#27;[36m4&amp#27;[0m &amp#27;[36m7&amp#27;[0m | 
+-------+-------+-------+
&amp#27;[H&amp#27;[2J
=== Sudoku Solver (Backtracking) ===
Passo: 25
Backtracking removendo 5 de (1,2)

+-------+-------+-------+
| &amp#27;[36m2&amp#27;[0m 4 &amp#27;[36m3&amp#27;[0m | &amp#27;[36m8&amp#27;[0m 1 9 | 5 7 6 | 
| &amp#27;[36m1&amp#27;[0m 6 . | &amp#27;[36m3&amp#27;[0m . . | &amp#27;[36m8&amp#27;[0m . &amp#27;[36m2&amp#27;[0m | 
| &amp#27;[36m8&amp#27;[0m . . | &amp#27;[36m2&amp#27;[0m . . | . &amp#27;[36m3&amp#27;[0m . | 
+-------+-------+-------+
| &amp#27;[36m3&amp#27;[0m &amp#27;[36m2&amp#27;[0m &amp#27;[36m4&amp#27;[0m | &amp#27;[36m1&amp#27;[0m &amp#27;[36m6&amp#27;[0m &amp#27;[36m5&amp#27;[0m | &amp#27;[36m7&amp#27;[0m &amp#27;[36m8&amp#27;[0m &amp#27;[36m9&amp#27;[0m | 
| &amp#27;[36m6&amp#27;[0m &amp#27;[36m1&amp#27;[0m &amp#27;[36m7&amp#27;[0m | &amp#27;[36m4&amp#27;[0m &amp#27;[36m9&amp#27;[0m &amp#27;[36m8&amp#27;[0m | &amp#27;[36m2&amp#27;[0m &amp#27;[36m5&amp#27;[0m &amp#27;[36m3&amp#27;[0m | 
| &amp#27;[36m5&amp#27;[0m &amp#27;[36m9&amp#27;[0m &amp#27;[36m8&amp#27;[0m | &amp#27;[36m7&amp#27;[0m &amp#27;[36m2&amp#27;[0m &amp#27;[36m3&amp#27;[0m | &amp#27;[36m4&amp#27;[0m . . | 
+-------+-------+-------+
| &amp#27;[36m7&amp#27;[0m &amp#27;[36m5&amp#27;[0m &amp#27;[36m1&amp#27;[0m | &amp#27;[36m6&amp#27;[0m &amp#27;[36m4&amp#27;[0m &amp#27;[36m2&amp#27;[0m | &amp#27;[36m3&amp#27;[0m &amp#27;[36m9&amp#27;[0m &amp#27;[36m8&amp#27;[0m | 
| &amp#27;[36m4&amp#27;[0m &amp#27;[36m8&amp#27;[0m &amp#27;[36m6&amp#27;[0m | &amp#27;[36m9&amp#27;[0m &amp#27;[36m3&amp#27;[0m &amp#27;[36m7&amp#27;[0m | &amp#27;[36m1&amp#27;[0m &amp#27;[36m2&amp#27;[0m &amp#27;[36m5&amp#27;[0m | 
| &amp#27;[36m9&amp#27;[0m &amp#27;[36m3&amp#27;[0m &amp#27;[36m2&amp#27;[0m | &amp#27;[36m5&amp#27;[0m &amp#27;[36m8&amp#27;[0m &amp#27;[36m1&amp#27;[0m | &amp#27;[36m6&amp#27;[0m &amp#27;[36m4&amp#27;[0m &amp#27;[36m7&amp#27;[0m | 
+-------+-------+-------+
&amp#27;[H&amp#27;[2J
=== Sudoku Solver (Backtracking) ===
Passo: 26
Tentando colocar 9 em (1,2)

+-------+-------+-------+
| &amp#27;[36m2&amp#27;[0m 4 &amp#27;[36m3&amp#27;[0m | &amp#27;[36m8&amp#27;[0m 1 9 | 5 7 6 | 
| &amp#27;[36m1&amp#27;[0m 6 9 | &amp#27;[36m3&amp#27;[0m . . | &amp#27;[36m8&amp#27;[0m . &amp#27;[36m2&amp#27;[0m | 
| &amp#27;[36m8&amp#27;[0m . . | &amp#27;[36m2&amp#27;[0m . . | . &amp#27;[36m3&amp#27;[0m . | 
+-------+-------+-------+
| &amp#27;[36m3&amp#27;[0m &amp#27;[36m2&amp#27;[0m &amp#27;[36m4&amp#27;[0m | &amp#27;[36m1&amp#27;[0m &amp#27;[36m6&amp#27;[0m &amp#27;[36m5&amp#27;[0m | &amp#27;[36m7&amp#27;[0m &amp#27;[36m8&amp#27;[0m &amp#27;[36m9&amp#27;[0m | 
| &amp#27;[36m6&amp#27;[0m &amp#27;[36m1&amp#27;[0m &amp#27;[36m7&amp#27;[0m | &amp#27;[36m4&amp#27;[0m &amp#27;[36m9&amp#27;[0m &amp#27;[36m8&amp#27;[0m | &amp#27;[36m2&amp#27;[0m &amp#27;[36m5&amp#27;[0m &amp#27;[36m3&amp#27;[0m | 
| &amp#27;[36m5&amp#27;[0m &amp#27;[36m9&amp#27;[0m &amp#27;[36m8&amp#27;[0m | &amp#27;[36m7&amp#27;[0m &amp#27;[36m2&amp#27;[0m &amp#27;[36m3&amp#27;[0m | &amp#27;[36m4&amp#27;[0m . . | 
+-------+-------+-------+
| &amp#27;[36m7&amp#27;[0m &amp#27;[36m5&amp#27;[0m &amp#27;[36m1&amp#27;[0m | &amp#27;[36m6&amp#27;[0m &amp#27;[36m4&amp#27;[0m &amp#27;[36m2&amp#27;[0m | &amp#27;[36m3&amp#27;[0m &amp#27;[36m9&amp#27;[0m &amp#27;[36m8&amp#27;[0m | 
| &amp#27;[36m4&amp#27;[0m &amp#27;[36m8&amp#27;[0m &amp#27;[36m6&amp#27;[0m | &amp#27;[36m9&amp#27;[0m &amp#27;[36m3&amp#27;[0m &amp#27;[36m7&amp#27;[0m | &amp#27;[36m1&amp#27;[0m &amp#27;[36m2&amp#27;[0m &amp#27;[36m5&amp#27;[0m | 
| &amp#27;[36m9&amp#27;[0m &amp#27;[36m3&amp#27;[0m &amp#27;[36m2&amp#27;[0m | &amp#27;[36m5&amp#27;[0m &amp#27;[36m8&amp#27;[0m &amp#27;[36m1&amp#27;[0m | &amp#27;[36m6&amp#27;[0m &amp#27;[36m4&amp#27;[0m &amp#27;[36m7&amp#27;[0m | 
+-------+-------+-------+
&amp#27;[H&amp#27;[2J
=== Sudoku Solver (Backtracking) ===
Passo: 27
Tentando colocar 5 em (1,4)

+-------+-------+-------+
| &amp#27;[36m2&amp#27;[0m 4 &amp#27;[36m3&amp#27;[0m | &amp#27;[36m8&amp#27;[0m 1 9 | 5 7 6 | 
| &amp#27;[36m1&amp#27;[0m 6 9 | &amp#27;[36m3&amp#27;[0m 5 . | &amp#27;[36m8&amp#27;[0m . &amp#27;[36m2&amp#27;[0m | 
| &amp#27;[36m8&amp#27;[0m . . | &amp#27;[36m2&amp#27;[0m . . | . &amp#27;[36m3&amp#27;[0m . | 
+-------+-------+-------+
| &amp#27;[36m3&amp#27;[0m &amp#27;[36m2&amp#27;[0m &amp#27;[36m4&amp#27;[0m | &amp#27;[36m1&amp#27;[0m &amp#27;[36m6&amp#27;[0m &amp#27;[36m5&amp#27;[0m | &amp#27;[36m7&amp#27;[0m &amp#27;[36m8&amp#27;[0m &amp#27;[36m9&amp#27;[0m | 
| &amp#27;[36m6&amp#27;[0m &amp#27;[36m1&amp#27;[0m &amp#27;[36m7&amp#27;[0m | &amp#27;[36m4&amp#27;[0m &amp#27;[36m9&amp#27;[0m &amp#27;[36m8&amp#27;[0m | &amp#27;[36m2&amp#27;[0m &amp#27;[36m5&amp#27;[0m &amp#27;[36m3&amp#27;[0m | 
| &amp#27;[36m5&amp#27;[0m &amp#27;[36m9&amp#27;[0m &amp#27;[36m8&amp#27;[0m | &amp#27;[36m7&amp#27;[0m &amp#27;[36m2&amp#27;[0m &amp#27;[36m3&amp#27;[0m | &amp#27;[36m4&amp#27;[0m . . | 
+-------+-------+-------+
| &amp#27;[36m7&amp#27;[0m &amp#27;[36m5&amp#27;[0m &amp#27;[36m1&amp#27;[0m | &amp#27;[36m6&amp#27;[0m &amp#27;[36m4&amp#27;[0m &amp#27;[36m2&amp#27;[0m | &amp#27;[36m3&amp#27;[0m &amp#27;[36m9&amp#27;[0m &amp#27;[36m8&amp#27;[0m | 
| &amp#27;[36m4&amp#27;[0m &amp#27;[36m8&amp#27;[0m &amp#27;[36m6&amp#27;[0m | &amp#27;[36m9&amp#27;[0m &amp#27;[36m3&amp#27;[0m &amp#27;[36m7&amp#27;[0m | &amp#27;[36m1&amp#27;[0m &amp#27;[36m2&amp#27;[0m &amp#27;[36m5&amp#27;[0m | 
| &amp#27;[36m9&amp#27;[0m &amp#27;[36m3&amp#27;[0m &amp#27;[36m2&amp#27;[0m | &amp#27;[36m5&amp#27;[0m &amp#27;[36m8&amp#27;[0m &amp#27;[36m1&amp#27;[0m | &amp#27;[36m6&amp#27;[0m &amp#27;[36m4&amp#27;[0m &amp#27;[36m7&amp#27;[0m | 
+-------+-------+-------+
&amp#27;[H&amp#27;[2J
=== Sudoku Solver (Backtracking) ===
Passo: 28
Tentando colocar 4 em (1,5)

+-------+-------+-------+
| &amp#27;[36m2&amp#27;[0m 4 &amp#27;[36m3&amp#27;[0m | &amp#27;[36m8&amp#27;[0m 1 9 | 5 7 6 | 
| &amp#27;[36m1&amp#27;[0m 6 9 | &amp#27;[36m3&amp#27;[0m 5 4 | &amp#27;[36m8&amp#27;[0m . &amp#27;[36m2&amp#27;[0m | 
| &amp#27;[36m8&amp#27;[0m . . | &amp#27;[36m2&amp#27;[0m . . | . &amp#27;[36m3&amp#27;[0m . | 
+-------+-------+-------+
| &amp#27;[36m3&amp#27;[0m &amp#27;[36m2&amp#27;[0m &amp#27;[36m4&amp#27;[0m | &amp#27;[36m1&amp#27;[0m &amp#27;[36m6&amp#27;[0m &amp#27;[36m5&amp#27;[0m | &amp#27;[36m7&amp#27;[0m &amp#27;[36m8&amp#27;[0m &amp#27;[36m9&amp#27;[0m | 
| &amp#27;[36m6&amp#27;[0m &amp#27;[36m1&amp#27;[0m &amp#27;[36m7&amp#27;[0m | &amp#27;[36m4&amp#27;[0m &amp#27;[36m9&amp#27;[0m &amp#27;[36m8&amp#27;[0m | &amp#27;[36m2&amp#27;[0m &amp#27;[36m5&amp#27;[0m &amp#27;[36m3&amp#27;[0m | 
| &amp#27;[36m5&amp#27;[0m &amp#27;[36m9&amp#27;[0m &amp#27;[36m8&amp#27;[0m | &amp#27;[36m7&amp#27;[0m &amp#27;[36m2&amp#27;[0m &amp#27;[36m3&amp#27;[0m | &amp#27;[36m4&amp#27;[0m . . | 
+-------+-------+-------+
| &amp#27;[36m7&amp#27;[0m &amp#27;[36m5&amp#27;[0m &amp#27;[36m1&amp#27;[0m | &amp#27;[36m6&amp#27;[0m &amp#27;[36m4&amp#27;[0m &amp#27;[36m2&amp#27;[0m | &amp#27;[36m3&amp#27;[0m &amp#27;[36m9&amp#27;[0m &amp#27;[36m8&amp#27;[0m | 
| &amp#27;[36m4&amp#27;[0m &amp#27;[36m8&amp#27;[0m &amp#27;[36m6&amp#27;[0m | &amp#27;[36m9&amp#27;[0m &amp#27;[36m3&amp#27;[0m &amp#27;[36m7&amp#27;[0m | &amp#27;[36m1&amp#27;[0m &amp#27;[36m2&amp#27;[0m &amp#27;[36m5&amp#27;[0m | 
| &amp#27;[36m9&amp#27;[0m &amp#27;[36m3&amp#27;[0m &amp#27;[36m2&amp#27;[0m | &amp#27;[36m5&amp#27;[0m &amp#27;[36m8&amp#27;[0m &amp#27;[36m1&amp#27;[0m | &amp#27;[36m6&amp#27;[0m &amp#27;[36m4&amp#27;[0m &amp#27;[36m7&amp#27;[0m | 
+-------+-------+-------+
&amp#27;[H&amp#27;[2J
=== Sudoku Solver (Backtracking) ===
Passo: 29
Backtracking removendo 4 de (1,5)

+-------+-------+-------+
| &amp#27;[36m2&amp#27;[0m 4 &amp#27;[36m3&amp#27;[0m | &amp#27;[36m8&amp#27;[0m 1 9 | 5 7 6 | 
| &amp#27;[36m1&amp#27;[0m 6 9 | &amp#27;[36m3&amp#27;[0m 5 . | &amp#27;[36m8&amp#27;[0m . &amp#27;[36m2&amp#27;[0m | 
| &amp#27;[36m8&amp#27;[0m . . | &amp#27;[36m2&amp#27;[0m . . | . &amp#27;[36m3&amp#27;[0m . | 
+-------+-------+-------+
| &amp#27;[36m3&amp#27;[0m &amp#27;[36m2&amp#27;[0m &amp#27;[36m4&amp#27;[0m | &amp#27;[36m1&amp#27;[0m &amp#27;[36m6&amp#27;[0m &amp#27;[36m5&amp#27;[0m | &amp#27;[36m7&amp#27;[0m &amp#27;[36m8&amp#27;[0m &amp#27;[36m9&amp#27;[0m | 
| &amp#27;[36m6&amp#27;[0m &amp#27;[36m1&amp#27;[0m &amp#27;[36m7&amp#27;[0m | &amp#27;[36m4&amp#27;[0m &amp#27;[36m9&amp#27;[0m &amp#27;[36m8&amp#27;[0m | &amp#27;[36m2&amp#27;[0m &amp#27;[36m5&amp#27;[0m &amp#27;[36m3&amp#27;[0m | 
| &amp#27;[36m5&amp#27;[0m &amp#27;[36m9&amp#27;[0m &amp#27;[36m8&amp#27;[0m | &amp#27;[36m7&amp#27;[0m &amp#27;[36m2&amp#27;[0m &amp#27;[36m3&amp#27;[0m | &amp#27;[36m4&amp#27;[0m . . | 
+-------+-------+-------+
| &amp#27;[36m7&amp#27;[0m &amp#27;[36m5&amp#27;[0m &amp#27;[36m1&amp#27;[0m | &amp#27;[36m6&amp#27;[0m &amp#27;[36m4&amp#27;[0m &amp#27;[36m2&amp#27;[0m | &amp#27;[36m3&amp#27;[0m &amp#27;[36m9&amp#27;[0m &amp#27;[36m8&amp#27;[0m | 
| &amp#27;[36m4&amp#27;[0m &amp#27;[36m8&amp#27;[0m &amp#27;[36m6&amp#27;[0m | &amp#27;[36m9&amp#27;[0m &amp#27;[36m3&amp#27;[0m &amp#27;[36m7&amp#27;[0m | &amp#27;[36m1&amp#27;[0m &amp#27;[36m2&amp#27;[0m &amp#27;[36m5&amp#27;[0m | 
| &amp#27;[36m9&amp#27;[0m &amp#27;[36m3&amp#27;[0m &amp#27;[36m2&amp#27;[0m | &amp#27;[36m5&amp#27;[0m &amp#27;[36m8&amp#27;[0m &amp#27;[36m1&amp#27;[0m | &amp#27;[36m6&amp#27;[0m &amp#27;[36m4&amp#27;[0m &amp#27;[36m7&amp#27;[0m | 
+-------+-------+-------+
&amp#27;[H&amp#27;[2J
=== Sudoku Solver (Backtracking) ===
Passo: 30
Backtracking removendo 5 de (1,4)

+-------+-------+-------+
| &amp#27;[36m2&amp#27;[0m 4 &amp#27;[36m3&amp#27;[0m | &amp#27;[36m8&amp#27;[0m 1 9 | 5 7 6 | 
| &amp#27;[36m1&amp#27;[0m 6 9 | &amp#27;[36m3&amp#27;[0m . . | &amp#27;[36m8&amp#27;[0m . &amp#27;[36m2&amp#27;[0m | 
| &amp#27;[36m8&amp#27;[0m . . | &amp#27;[36m2&amp#27;[0m . . | . &amp#27;[36m3&amp#27;[0m . | 
+-------+-------+-------+
| &amp#27;[36m3&amp#27;[0m &amp#27;[36m2&amp#27;[0m &amp#27;[36m4&amp#27;[0m | &amp#27;[36m1&amp#27;[0m &amp#27;[36m6&amp#27;[0m &amp#27;[36m5&amp#27;[0m | &amp#27;[36m7&amp#27;[0m &amp#27;[36m8&amp#27;[0m &amp#27;[36m9&amp#27;[0m | 
| &amp#27;[36m6&amp#27;[0m &amp#27;[36m1&amp#27;[0m &amp#27;[36m7&amp#27;[0m | &amp#27;[36m4&amp#27;[0m &amp#27;[36m9&amp#27;[0m &amp#27;[36m8&amp#27;[0m | &amp#27;[36m2&amp#27;[0m &amp#27;[36m5&amp#27;[0m &amp#27;[36m3&amp#27;[0m | 
| &amp#27;[36m5&amp#27;[0m &amp#27;[36m9&amp#27;[0m &amp#27;[36m8&amp#27;[0m | &amp#27;[36m7&amp#27;[0m &amp#27;[36m2&amp#27;[0m &amp#27;[36m3&amp#27;[0m | &amp#27;[36m4&amp#27;[0m . . | 
+-------+-------+-------+
| &amp#27;[36m7&amp#27;[0m &amp#27;[36m5&amp#27;[0m &amp#27;[36m1&amp#27;[0m | &amp#27;[36m6&amp#27;[0m &amp#27;[36m4&amp#27;[0m &amp#27;[36m2&amp#27;[0m | &amp#27;[36m3&amp#27;[0m &amp#27;[36m9&amp#27;[0m &amp#27;[36m8&amp#27;[0m | 
| &amp#27;[36m4&amp#27;[0m &amp#27;[36m8&amp#27;[0m &amp#27;[36m6&amp#27;[0m | &amp#27;[36m9&amp#27;[0m &amp#27;[36m3&amp#27;[0m &amp#27;[36m7&amp#27;[0m | &amp#27;[36m1&amp#27;[0m &amp#27;[36m2&amp#27;[0m &amp#27;[36m5&amp#27;[0m | 
| &amp#27;[36m9&amp#27;[0m &amp#27;[36m3&amp#27;[0m &amp#27;[36m2&amp#27;[0m | &amp#27;[36m5&amp#27;[0m &amp#27;[36m8&amp#27;[0m &amp#27;[36m1&amp#27;[0m | &amp#27;[36m6&amp#27;[0m &amp#27;[36m4&amp#27;[0m &amp#27;[36m7&amp#27;[0m | 
+-------+-------+-------+
&amp#27;[H&amp#27;[2J
=== Sudoku Solver (Backtracking) ===
Passo: 31
Tentando colocar 7 em (1,4)

+-------+-------+-------+
| &amp#27;[36m2&amp#27;[0m 4 &amp#27;[36m3&amp#27;[0m | &amp#27;[36m8&amp#27;[0m 1 9 | 5 7 6 | 
| &amp#27;[36m1&amp#27;[0m 6 9 | &amp#27;[36m3&amp#27;[0m 7 . | &amp#27;[36m8&amp#27;[0m . &amp#27;[36m2&amp#27;[0m | 
| &amp#27;[36m8&amp#27;[0m . . | &amp#27;[36m2&amp#27;[0m . . | . &amp#27;[36m3&amp#27;[0m . | 
+-------+-------+-------+
| &amp#27;[36m3&amp#27;[0m &amp#27;[36m2&amp#27;[0m &amp#27;[36m4&amp#27;[0m | &amp#27;[36m1&amp#27;[0m &amp#27;[36m6&amp#27;[0m &amp#27;[36m5&amp#27;[0m | &amp#27;[36m7&amp#27;[0m &amp#27;[36m8&amp#27;[0m &amp#27;[36m9&amp#27;[0m | 
| &amp#27;[36m6&amp#27;[0m &amp#27;[36m1&amp#27;[0m &amp#27;[36m7&amp#27;[0m | &amp#27;[36m4&amp#27;[0m &amp#27;[36m9&amp#27;[0m &amp#27;[36m8&amp#27;[0m | &amp#27;[36m2&amp#27;[0m &amp#27;[36m5&amp#27;[0m &amp#27;[36m3&amp#27;[0m | 
| &amp#27;[36m5&amp#27;[0m &amp#27;[36m9&amp#27;[0m &amp#27;[36m8&amp#27;[0m | &amp#27;[36m7&amp#27;[0m &amp#27;[36m2&amp#27;[0m &amp#27;[36m3&amp#27;[0m | &amp#27;[36m4&amp#27;[0m . . | 
+-------+-------+-------+
| &amp#27;[36m7&amp#27;[0m &amp#27;[36m5&amp#27;[0m &amp#27;[36m1&amp#27;[0m | &amp#27;[36m6&amp#27;[0m &amp#27;[36m4&amp#27;[0m &amp#27;[36m2&amp#27;[0m | &amp#27;[36m3&amp#27;[0m &amp#27;[36m9&amp#27;[0m &amp#27;[36m8&amp#27;[0m | 
| &amp#27;[36m4&amp#27;[0m &amp#27;[36m8&amp#27;[0m &amp#27;[36m6&amp#27;[0m | &amp#27;[36m9&amp#27;[0m &amp#27;[36m3&amp#27;[0m &amp#27;[36m7&amp#27;[0m | &amp#27;[36m1&amp#27;[0m &amp#27;[36m2&amp#27;[0m &amp#27;[36m5&amp#27;[0m | 
| &amp#27;[36m9&amp#27;[0m &amp#27;[36m3&amp#27;[0m &amp#27;[36m2&amp#27;[0m | &amp#27;[36m5&amp#27;[0m &amp#27;[36m8&amp#27;[0m &amp#27;[36m1&amp#27;[0m | &amp#27;[36m6&amp#27;[0m &amp#27;[36m4&amp#27;[0m &amp#27;[36m7&amp#27;[0m | 
+-------+-------+-------+
&amp#27;[H&amp#27;[2J
=== Sudoku Solver (Backtracking) ===
Passo: 32
Tentando colocar 4 em (1,5)

+-------+-------+-------+
| &amp#27;[36m2&amp#27;[0m 4 &amp#27;[36m3&amp#27;[0m | &amp#27;[36m8&amp#27;[0m 1 9 | 5 7 6 | 
| &amp#27;[36m1&amp#27;[0m 6 9 | &amp#27;[36m3&amp#27;[0m 7 4 | &amp#27;[36m8&amp#27;[0m . &amp#27;[36m2&amp#27;[0m | 
| &amp#27;[36m8&amp#27;[0m . . | &amp#27;[36m2&amp#27;[0m . . | . &amp#27;[36m3&amp#27;[0m . | 
+-------+-------+-------+
| &amp#27;[36m3&amp#27;[0m &amp#27;[36m2&amp#27;[0m &amp#27;[36m4&amp#27;[0m | &amp#27;[36m1&amp#27;[0m &amp#27;[36m6&amp#27;[0m &amp#27;[36m5&amp#27;[0m | &amp#27;[36m7&amp#27;[0m &amp#27;[36m8&amp#27;[0m &amp#27;[36m9&amp#27;[0m | 
| &amp#27;[36m6&amp#27;[0m &amp#27;[36m1&amp#27;[0m &amp#27;[36m7&amp#27;[0m | &amp#27;[36m4&amp#27;[0m &amp#27;[36m9&amp#27;[0m &amp#27;[36m8&amp#27;[0m | &amp#27;[36m2&amp#27;[0m &amp#27;[36m5&amp#27;[0m &amp#27;[36m3&amp#27;[0m | 
| &amp#27;[36m5&amp#27;[0m &amp#27;[36m9&amp#27;[0m &amp#27;[36m8&amp#27;[0m | &amp#27;[36m7&amp#27;[0m &amp#27;[36m2&amp#27;[0m &amp#27;[36m3&amp#27;[0m | &amp#27;[36m4&amp#27;[0m . . | 
+-------+-------+-------+
| &amp#27;[36m7&amp#27;[0m &amp#27;[36m5&amp#27;[0m &amp#27;[36m1&amp#27;[0m | &amp#27;[36m6&amp#27;[0m &amp#27;[36m4&amp#27;[0m &amp#27;[36m2&amp#27;[0m | &amp#27;[36m3&amp#27;[0m &amp#27;[36m9&amp#27;[0m &amp#27;[36m8&amp#27;[0m | 
| &amp#27;[36m4&amp#27;[0m &amp#27;[36m8&amp#27;[0m &amp#27;[36m6&amp#27;[0m | &amp#27;[36m9&amp#27;[0m &amp#27;[36m3&amp#27;[0m &amp#27;[36m7&amp#27;[0m | &amp#27;[36m1&amp#27;[0m &amp#27;[36m2&amp#27;[0m &amp#27;[36m5&amp#27;[0m | 
| &amp#27;[36m9&amp#27;[0m &amp#27;[36m3&amp#27;[0m &amp#27;[36m2&amp#27;[0m | &amp#27;[36m5&amp#27;[0m &amp#27;[36m8&amp#27;[0m &amp#27;[36m1&amp#27;[0m | &amp#27;[36m6&amp#27;[0m &amp#27;[36m4&amp#27;[0m &amp#27;[36m7&amp#27;[0m | 
+-------+-------+-------+
&amp#27;[H&amp#27;[2J
=== Sudoku Solver (Backtracking) ===
Passo: 33
Backtracking removendo 4 de (1,5)

+-------+-------+-------+
| &amp#27;[36m2&amp#27;[0m 4 &amp#27;[36m3&amp#27;[0m | &amp#27;[36m8&amp#27;[0m 1 9 | 5 7 6 | 
| &amp#27;[36m1&amp#27;[0m 6 9 | &amp#27;[36m3&amp#27;[0m 7 . | &amp#27;[36m8&amp#27;[0m . &amp#27;[36m2&amp#27;[0m | 
| &amp#27;[36m8&amp#27;[0m . . | &amp#27;[36m2&amp#27;[0m . . | . &amp#27;[36m3&amp#27;[0m . | 
+-------+-------+-------+
| &amp#27;[36m3&amp#27;[0m &amp#27;[36m2&amp#27;[0m &amp#27;[36m4&amp#27;[0m | &amp#27;[36m1&amp#27;[0m &amp#27;[36m6&amp#27;[0m &amp#27;[36m5&amp#27;[0m | &amp#27;[36m7&amp#27;[0m &amp#27;[36m8&amp#27;[0m &amp#27;[36m9&amp#27;[0m | 
| &amp#27;[36m6&amp#27;[0m &amp#27;[36m1&amp#27;[0m &amp#27;[36m7&amp#27;[0m | &amp#27;[36m4&amp#27;[0m &amp#27;[36m9&amp#27;[0m &amp#27;[36m8&amp#27;[0m | &amp#27;[36m2&amp#27;[0m &amp#27;[36m5&amp#27;[0m &amp#27;[36m3&amp#27;[0m | 
| &amp#27;[36m5&amp#27;[0m &amp#27;[36m9&amp#27;[0m &amp#27;[36m8&amp#27;[0m | &amp#27;[36m7&amp#27;[0m &amp#27;[36m2&amp#27;[0m &amp#27;[36m3&amp#27;[0m | &amp#27;[36m4&amp#27;[0m . . | 
+-------+-------+-------+
| &amp#27;[36m7&amp#27;[0m &amp#27;[36m5&amp#27;[0m &amp#27;[36m1&amp#27;[0m | &amp#27;[36m6&amp#27;[0m &amp#27;[36m4&amp#27;[0m &amp#27;[36m2&amp#27;[0m | &amp#27;[36m3&amp#27;[0m &amp#27;[36m9&amp#27;[0m &amp#27;[36m8&amp#27;[0m | 
| &amp#27;[36m4&amp#27;[0m &amp#27;[36m8&amp#27;[0m &amp#27;[36m6&amp#27;[0m | &amp#27;[36m9&amp#27;[0m &amp#27;[36m3&amp#27;[0m &amp#27;[36m7&amp#27;[0m | &amp#27;[36m1&amp#27;[0m &amp#27;[36m2&amp#27;[0m &amp#27;[36m5&amp#27;[0m | 
| &amp#27;[36m9&amp#27;[0m &amp#27;[36m3&amp#27;[0m &amp#27;[36m2&amp#27;[0m | &amp#27;[36m5&amp#27;[0m &amp#27;[36m8&amp#27;[0m &amp#27;[36m1&amp#27;[0m | &amp#27;[36m6&amp#27;[0m &amp#27;[36m4&amp#27;[0m &amp#27;[36m7&amp#27;[0m | 
+-------+-------+-------+
&amp#27;[H&amp#27;[2J
=== Sudoku Solver (Backtracking) ===
Passo: 34
Backtracking removendo 7 de (1,4)

+-------+-------+-------+
| &amp#27;[36m2&amp#27;[0m 4 &amp#27;[36m3&amp#27;[0m | &amp#27;[36m8&amp#27;[0m 1 9 | 5 7 6 | 
| &amp#27;[36m1&amp#27;[0m 6 9 | &amp#27;[36m3&amp#27;[0m . . | &amp#27;[36m8&amp#27;[0m . &amp#27;[36m2&amp#27;[0m | 
| &amp#27;[36m8&amp#27;[0m . . | &amp#27;[36m2&amp#27;[0m . . | . &amp#27;[36m3&amp#27;[0m . | 
+-------+-------+-------+
| &amp#27;[36m3&amp#27;[0m &amp#27;[36m2&amp#27;[0m &amp#27;[36m4&amp#27;[0m | &amp#27;[36m1&amp#27;[0m &amp#27;[36m6&amp#27;[0m &amp#27;[36m5&amp#27;[0m | &amp#27;[36m7&amp#27;[0m &amp#27;[36m8&amp#27;[0m &amp#27;[36m9&amp#27;[0m | 
| &amp#27;[36m6&amp#27;[0m &amp#27;[36m1&amp#27;[0m &amp#27;[36m7&amp#27;[0m | &amp#27;[36m4&amp#27;[0m &amp#27;[36m9&amp#27;[0m &amp#27;[36m8&amp#27;[0m | &amp#27;[36m2&amp#27;[0m &amp#27;[36m5&amp#27;[0m &amp#27;[36m3&amp#27;[0m | 
| &amp#27;[36m5&amp#27;[0m &amp#27;[36m9&amp#27;[0m &amp#27;[36m8&amp#27;[0m | &amp#27;[36m7&amp#27;[0m &amp#27;[36m2&amp#27;[0m &amp#27;[36m3&amp#27;[0m | &amp#27;[36m4&amp#27;[0m . . | 
+-------+-------+-------+
| &amp#27;[36m7&amp#27;[0m &amp#27;[36m5&amp#27;[0m &amp#27;[36m1&amp#27;[0m | &amp#27;[36m6&amp#27;[0m &amp#27;[36m4&amp#27;[0m &amp#27;[36m2&amp#27;[0m | &amp#27;[36m3&amp#27;[0m &amp#27;[36m9&amp#27;[0m &amp#27;[36m8&amp#27;[0m | 
| &amp#27;[36m4&amp#27;[0m &amp#27;[36m8&amp#27;[0m &amp#27;[36m6&amp#27;[0m | &amp#27;[36m9&amp#27;[0m &amp#27;[36m3&amp#27;[0m &amp#27;[36m7&amp#27;[0m | &amp#27;[36m1&amp#27;[0m &amp#27;[36m2&amp#27;[0m &amp#27;[36m5&amp#27;[0m | 
| &amp#27;[36m9&amp#27;[0m &amp#27;[36m3&amp#27;[0m &amp#27;[36m2&amp#27;[0m | &amp#27;[36m5&amp#27;[0m &amp#27;[36m8&amp#27;[0m &amp#27;[36m1&amp#27;[0m | &amp#27;[36m6&amp#27;[0m &amp#27;[36m4&amp#27;[0m &amp#27;[36m7&amp#27;[0m | 
+-------+-------+-------+
&amp#27;[H&amp#27;[2J
=== Sudoku Solver (Backtracking) ===
Passo: 35
Backtracking removendo 9 de (1,2)

+-------+-------+-------+
| &amp#27;[36m2&amp#27;[0m 4 &amp#27;[36m3&amp#27;[0m | &amp#27;[36m8&amp#27;[0m 1 9 | 5 7 6 | 
| &amp#27;[36m1&amp#27;[0m 6 . | &amp#27;[36m3&amp#27;[0m . . | &amp#27;[36m8&amp#27;[0m . &amp#27;[36m2&amp#27;[0m | 
| &amp#27;[36m8&amp#27;[0m . . | &amp#27;[36m2&amp#27;[0m . . | . &amp#27;[36m3&amp#27;[0m . | 
+-------+-------+-------+
| &amp#27;[36m3&amp#27;[0m &amp#27;[36m2&amp#27;[0m &amp#27;[36m4&amp#27;[0m | &amp#27;[36m1&amp#27;[0m &amp#27;[36m6&amp#27;[0m &amp#27;[36m5&amp#27;[0m | &amp#27;[36m7&amp#27;[0m &amp#27;[36m8&amp#27;[0m &amp#27;[36m9&amp#27;[0m | 
| &amp#27;[36m6&amp#27;[0m &amp#27;[36m1&amp#27;[0m &amp#27;[36m7&amp#27;[0m | &amp#27;[36m4&amp#27;[0m &amp#27;[36m9&amp#27;[0m &amp#27;[36m8&amp#27;[0m | &amp#27;[36m2&amp#27;[0m &amp#27;[36m5&amp#27;[0m &amp#27;[36m3&amp#27;[0m | 
| &amp#27;[36m5&amp#27;[0m &amp#27;[36m9&amp#27;[0m &amp#27;[36m8&amp#27;[0m | &amp#27;[36m7&amp#27;[0m &amp#27;[36m2&amp#27;[0m &amp#27;[36m3&amp#27;[0m | &amp#27;[36m4&amp#27;[0m . . | 
+-------+-------+-------+
| &amp#27;[36m7&amp#27;[0m &amp#27;[36m5&amp#27;[0m &amp#27;[36m1&amp#27;[0m | &amp#27;[36m6&amp#27;[0m &amp#27;[36m4&amp#27;[0m &amp#27;[36m2&amp#27;[0m | &amp#27;[36m3&amp#27;[0m &amp#27;[36m9&amp#27;[0m &amp#27;[36m8&amp#27;[0m | 
| &amp#27;[36m4&amp#27;[0m &amp#27;[36m8&amp#27;[0m &amp#27;[36m6&amp#27;[0m | &amp#27;[36m9&amp#27;[0m &amp#27;[36m3&amp#27;[0m &amp#27;[36m7&amp#27;[0m | &amp#27;[36m1&amp#27;[0m &amp#27;[36m2&amp#27;[0m &amp#27;[36m5&amp#27;[0m | 
| &amp#27;[36m9&amp#27;[0m &amp#27;[36m3&amp#27;[0m &amp#27;[36m2&amp#27;[0m | &amp#27;[36m5&amp#27;[0m &amp#27;[36m8&amp#27;[0m &amp#27;[36m1&amp#27;[0m | &amp#27;[36m6&amp#27;[0m &amp#27;[36m4&amp#27;[0m &amp#27;[36m7&amp#27;[0m | 
+-------+-------+-------+
&amp#27;[H&amp#27;[2J
=== Sudoku Solver (Backtracking) ===
Passo: 36
Backtracking removendo 6 de (1,1)

+-------+-------+-------+
| &amp#27;[36m2&amp#27;[0m 4 &amp#27;[36m3&amp#27;[0m | &amp#27;[36m8&amp#27;[0m 1 9 | 5 7 6 | 
| &amp#27;[36m1&amp#27;[0m . . | &amp#27;[36m3&amp#27;[0m . . | &amp#27;[36m8&amp#27;[0m . &amp#27;[36m2&amp#27;[0m | 
| &amp#27;[36m8&amp#27;[0m . . | &amp#27;[36m2&amp#27;[0m . . | . &amp#27;[36m3&amp#27;[0m . | 
+-------+-------+-------+
| &amp#27;[36m3&amp#27;[0m &amp#27;[36m2&amp#27;[0m &amp#27;[36m4&amp#27;[0m | &amp#27;[36m1&amp#27;[0m &amp#27;[36m6&amp#27;[0m &amp#27;[36m5&amp#27;[0m | &amp#27;[36m7&amp#27;[0m &amp#27;[36m8&amp#27;[0m &amp#27;[36m9&amp#27;[0m | 
| &amp#27;[36m6&amp#27;[0m &amp#27;[36m1&amp#27;[0m &amp#27;[36m7&amp#27;[0m | &amp#27;[36m4&amp#27;[0m &amp#27;[36m9&amp#27;[0m &amp#27;[36m8&amp#27;[0m | &amp#27;[36m2&amp#27;[0m &amp#27;[36m5&amp#27;[0m &amp#27;[36m3&amp#27;[0m | 
| &amp#27;[36m5&amp#27;[0m &amp#27;[36m9&amp#27;[0m &amp#27;[36m8&amp#27;[0m | &amp#27;[36m7&amp#27;[0m &amp#27;[36m2&amp#27;[0m &amp#27;[36m3&amp#27;[0m | &amp#27;[36m4&amp#27;[0m . . | 
+-------+-------+-------+
| &amp#27;[36m7&amp#27;[0m &amp#27;[36m5&amp#27;[0m &amp#27;[36m1&amp#27;[0m | &amp#27;[36m6&amp#27;[0m &amp#27;[36m4&amp#27;[0m &amp#27;[36m2&amp#27;[0m | &amp#27;[36m3&amp#27;[0m &amp#27;[36m9&amp#27;[0m &amp#27;[36m8&amp#27;[0m | 
| &amp#27;[36m4&amp#27;[0m &amp#27;[36m8&amp#27;[0m &amp#27;[36m6&amp#27;[0m | &amp#27;[36m9&amp#27;[0m &amp#27;[36m3&amp#27;[0m &amp#27;[36m7&amp#27;[0m | &amp#27;[36m1&amp#27;[0m &amp#27;[36m2&amp#27;[0m &amp#27;[36m5&amp#27;[0m | 
| &amp#27;[36m9&amp#27;[0m &amp#27;[36m3&amp#27;[0m &amp#27;[36m2&amp#27;[0m | &amp#27;[36m5&amp#27;[0m &amp#27;[36m8&amp#27;[0m &amp#27;[36m1&amp#27;[0m | &amp#27;[36m6&amp#27;[0m &amp#27;[36m4&amp#27;[0m &amp#27;[36m7&amp#27;[0m | 
+-------+-------+-------+
&amp#27;[H&amp#27;[2J
=== Sudoku Solver (Backtracking) ===
Passo: 37
Tentando colocar 7 em (1,1)

+-------+-------+-------+
| &amp#27;[36m2&amp#27;[0m 4 &amp#27;[36m3&amp#27;[0m | &amp#27;[36m8&amp#27;[0m 1 9 | 5 7 6 | 
| &amp#27;[36m1&amp#27;[0m 7 . | &amp#27;[36m3&amp#27;[0m . . | &amp#27;[36m8&amp#27;[0m . &amp#27;[36m2&amp#27;[0m | 
| &amp#27;[36m8&amp#27;[0m . . | &amp#27;[36m2&amp#27;[0m . . | . &amp#27;[36m3&amp#27;[0m . | 
+-------+-------+-------+
| &amp#27;[36m3&amp#27;[0m &amp#27;[36m2&amp#27;[0m &amp#27;[36m4&amp#27;[0m | &amp#27;[36m1&amp#27;[0m &amp#27;[36m6&amp#27;[0m &amp#27;[36m5&amp#27;[0m | &amp#27;[36m7&amp#27;[0m &amp#27;[36m8&amp#27;[0m &amp#27;[36m9&amp#27;[0m | 
| &amp#27;[36m6&amp#27;[0m &amp#27;[36m1&amp#27;[0m &amp#27;[36m7&amp#27;[0m | &amp#27;[36m4&amp#27;[0m &amp#27;[36m9&amp#27;[0m &amp#27;[36m8&amp#27;[0m | &amp#27;[36m2&amp#27;[0m &amp#27;[36m5&amp#27;[0m &amp#27;[36m3&amp#27;[0m | 
| &amp#27;[36m5&amp#27;[0m &amp#27;[36m9&amp#27;[0m &amp#27;[36m8&amp#27;[0m | &amp#27;[36m7&amp#27;[0m &amp#27;[36m2&amp#27;[0m &amp#27;[36m3&amp#27;[0m | &amp#27;[36m4&amp#27;[0m . . | 
+-------+-------+-------+
| &amp#27;[36m7&amp#27;[0m &amp#27;[36m5&amp#27;[0m &amp#27;[36m1&amp#27;[0m | &amp#27;[36m6&amp#27;[0m &amp#27;[36m4&amp#27;[0m &amp#27;[36m2&amp#27;[0m | &amp#27;[36m3&amp#27;[0m &amp#27;[36m9&amp#27;[0m &amp#27;[36m8&amp#27;[0m | 
| &amp#27;[36m4&amp#27;[0m &amp#27;[36m8&amp#27;[0m &amp#27;[36m6&amp#27;[0m | &amp#27;[36m9&amp#27;[0m &amp#27;[36m3&amp#27;[0m &amp#27;[36m7&amp#27;[0m | &amp#27;[36m1&amp#27;[0m &amp#27;[36m2&amp#27;[0m &amp#27;[36m5&amp#27;[0m | 
| &amp#27;[36m9&amp#27;[0m &amp#27;[36m3&amp#27;[0m &amp#27;[36m2&amp#27;[0m | &amp#27;[36m5&amp#27;[0m &amp#27;[36m8&amp#27;[0m &amp#27;[36m1&amp#27;[0m | &amp#27;[36m6&amp#27;[0m &amp#27;[36m4&amp#27;[0m &amp#27;[36m7&amp#27;[0m | 
+-------+-------+-------+
&amp#27;[H&amp#27;[2J
=== Sudoku Solver (Backtracking) ===
Passo: 38
Tentando colocar 5 em (1,2)

+-------+-------+-------+
| &amp#27;[36m2&amp#27;[0m 4 &amp#27;[36m3&amp#27;[0m | &amp#27;[36m8&amp#27;[0m 1 9 | 5 7 6 | 
| &amp#27;[36m1&amp#27;[0m 7 5 | &amp#27;[36m3&amp#27;[0m . . | &amp#27;[36m8&amp#27;[0m . &amp#27;[36m2&amp#27;[0m | 
| &amp#27;[36m8&amp#27;[0m . . | &amp#27;[36m2&amp#27;[0m . . | . &amp#27;[36m3&amp#27;[0m . | 
+-------+-------+-------+
| &amp#27;[36m3&amp#27;[0m &amp#27;[36m2&amp#27;[0m &amp#27;[36m4&amp#27;[0m | &amp#27;[36m1&amp#27;[0m &amp#27;[36m6&amp#27;[0m &amp#27;[36m5&amp#27;[0m | &amp#27;[36m7&amp#27;[0m &amp#27;[36m8&amp#27;[0m &amp#27;[36m9&amp#27;[0m | 
| &amp#27;[36m6&amp#27;[0m &amp#27;[36m1&amp#27;[0m &amp#27;[36m7&amp#27;[0m | &amp#27;[36m4&amp#27;[0m &amp#27;[36m9&amp#27;[0m &amp#27;[36m8&amp#27;[0m | &amp#27;[36m2&amp#27;[0m &amp#27;[36m5&amp#27;[0m &amp#27;[36m3&amp#27;[0m | 
| &amp#27;[36m5&amp#27;[0m &amp#27;[36m9&amp#27;[0m &amp#27;[36m8&amp#27;[0m | &amp#27;[36m7&amp#27;[0m &amp#27;[36m2&amp#27;[0m &amp#27;[36m3&amp#27;[0m | &amp#27;[36m4&amp#27;[0m . . | 
+-------+-------+-------+
| &amp#27;[36m7&amp#27;[0m &amp#27;[36m5&amp#27;[0m &amp#27;[36m1&amp#27;[0m | &amp#27;[36m6&amp#27;[0m &amp#27;[36m4&amp#27;[0m &amp#27;[36m2&amp#27;[0m | &amp#27;[36m3&amp#27;[0m &amp#27;[36m9&amp#27;[0m &amp#27;[36m8&amp#27;[0m | 
| &amp#27;[36m4&amp#27;[0m &amp#27;[36m8&amp#27;[0m &amp#27;[36m6&amp#27;[0m | &amp#27;[36m9&amp#27;[0m &amp#27;[36m3&amp#27;[0m &amp#27;[36m7&amp#27;[0m | &amp#27;[36m1&amp#27;[0m &amp#27;[36m2&amp#27;[0m &amp#27;[36m5&amp#27;[0m | 
| &amp#27;[36m9&amp#27;[0m &amp#27;[36m3&amp#27;[0m &amp#27;[36m2&amp#27;[0m | &amp#27;[36m5&amp#27;[0m &amp#27;[36m8&amp#27;[0m &amp#27;[36m1&amp#27;[0m | &amp#27;[36m6&amp#27;[0m &amp#27;[36m4&amp#27;[0m &amp#27;[36m7&amp#27;[0m | 
+-------+-------+-------+
&amp#27;[H&amp#27;[2J
=== Sudoku Solver (Backtracking) ===
Passo: 39
Backtracking removendo 5 de (1,2)

+-------+-------+-------+
| &amp#27;[36m2&amp#27;[0m 4 &amp#27;[36m3&amp#27;[0m | &amp#27;[36m8&amp#27;[0m 1 9 | 5 7 6 | 
| &amp#27;[36m1&amp#27;[0m 7 . | &amp#27;[36m3&amp#27;[0m . . | &amp#27;[36m8&amp#27;[0m . &amp#27;[36m2&amp#27;[0m | 
| &amp#27;[36m8&amp#27;[0m . . | &amp#27;[36m2&amp#27;[0m . . | . &amp#27;[36m3&amp#27;[0m . | 
+-------+-------+-------+
| &amp#27;[36m3&amp#27;[0m &amp#27;[36m2&amp#27;[0m &amp#27;[36m4&amp#27;[0m | &amp#27;[36m1&amp#27;[0m &amp#27;[36m6&amp#27;[0m &amp#27;[36m5&amp#27;[0m | &amp#27;[36m7&amp#27;[0m &amp#27;[36m8&amp#27;[0m &amp#27;[36m9&amp#27;[0m | 
| &amp#27;[36m6&amp#27;[0m &amp#27;[36m1&amp#27;[0m &amp#27;[36m7&amp#27;[0m | &amp#27;[36m4&amp#27;[0m &amp#27;[36m9&amp#27;[0m &amp#27;[36m8&amp#27;[0m | &amp#27;[36m2&amp#27;[0m &amp#27;[36m5&amp#27;[0m &amp#27;[36m3&amp#27;[0m | 
| &amp#27;[36m5&amp#27;[0m &amp#27;[36m9&amp#27;[0m &amp#27;[36m8&amp#27;[0m | &amp#27;[36m7&amp#27;[0m &amp#27;[36m2&amp#27;[0m &amp#27;[36m3&amp#27;[0m | &amp#27;[36m4&amp#27;[0m . . | 
+-------+-------+-------+
| &amp#27;[36m7&amp#27;[0m &amp#27;[36m5&amp#27;[0m &amp#27;[36m1&amp#27;[0m | &amp#27;[36m6&amp#27;[0m &amp#27;[36m4&amp#27;[0m &amp#27;[36m2&amp#27;[0m | &amp#27;[36m3&amp#27;[0m &amp#27;[36m9&amp#27;[0m &amp#27;[36m8&amp#27;[0m | 
| &amp#27;[36m4&amp#27;[0m &amp#27;[36m8&amp#27;[0m &amp#27;[36m6&amp#27;[0m | &amp#27;[36m9&amp#27;[0m &amp#27;[36m3&amp#27;[0m &amp#27;[36m7&amp#27;[0m | &amp#27;[36m1&amp#27;[0m &amp#27;[36m2&amp#27;[0m &amp#27;[36m5&amp#27;[0m | 
| &amp#27;[36m9&amp#27;[0m &amp#27;[36m3&amp#27;[0m &amp#27;[36m2&amp#27;[0m | &amp#27;[36m5&amp#27;[0m &amp#27;[36m8&amp#27;[0m &amp#27;[36m1&amp#27;[0m | &amp#27;[36m6&amp#27;[0m &amp#27;[36m4&amp#27;[0m &amp#27;[36m7&amp#27;[0m | 
+-------+-------+-------+
&amp#27;[H&amp#27;[2J
=== Sudoku Solver (Backtracking) ===
Passo: 40
Tentando colocar 9 em (1,2)

+-------+-------+-------+
| &amp#27;[36m2&amp#27;[0m 4 &amp#27;[36m3&amp#27;[0m | &amp#27;[36m8&amp#27;[0m 1 9 | 5 7 6 | 
| &amp#27;[36m1&amp#27;[0m 7 9 | &amp#27;[36m3&amp#27;[0m . . | &amp#27;[36m8&amp#27;[0m . &amp#27;[36m2&amp#27;[0m | 
| &amp#27;[36m8&amp#27;[0m . . | &amp#27;[36m2&amp#27;[0m . . | . &amp#27;[36m3&amp#27;[0m . | 
+-------+-------+-------+
| &amp#27;[36m3&amp#27;[0m &amp#27;[36m2&amp#27;[0m &amp#27;[36m4&amp#27;[0m | &amp#27;[36m1&amp#27;[0m &amp#27;[36m6&amp#27;[0m &amp#27;[36m5&amp#27;[0m | &amp#27;[36m7&amp#27;[0m &amp#27;[36m8&amp#27;[0m &amp#27;[36m9&amp#27;[0m | 
| &amp#27;[36m6&amp#27;[0m &amp#27;[36m1&amp#27;[0m &amp#27;[36m7&amp#27;[0m | &amp#27;[36m4&amp#27;[0m &amp#27;[36m9&amp#27;[0m &amp#27;[36m8&amp#27;[0m | &amp#27;[36m2&amp#27;[0m &amp#27;[36m5&amp#27;[0m &amp#27;[36m3&amp#27;[0m | 
| &amp#27;[36m5&amp#27;[0m &amp#27;[36m9&amp#27;[0m &amp#27;[36m8&amp#27;[0m | &amp#27;[36m7&amp#27;[0m &amp#27;[36m2&amp#27;[0m &amp#27;[36m3&amp#27;[0m | &amp#27;[36m4&amp#27;[0m . . | 
+-------+-------+-------+
| &amp#27;[36m7&amp#27;[0m &amp#27;[36m5&amp#27;[0m &amp#27;[36m1&amp#27;[0m | &amp#27;[36m6&amp#27;[0m &amp#27;[36m4&amp#27;[0m &amp#27;[36m2&amp#27;[0m | &amp#27;[36m3&amp#27;[0m &amp#27;[36m9&amp#27;[0m &amp#27;[36m8&amp#27;[0m | 
| &amp#27;[36m4&amp#27;[0m &amp#27;[36m8&amp#27;[0m &amp#27;[36m6&amp#27;[0m | &amp#27;[36m9&amp#27;[0m &amp#27;[36m3&amp#27;[0m &amp#27;[36m7&amp#27;[0m | &amp#27;[36m1&amp#27;[0m &amp#27;[36m2&amp#27;[0m &amp#27;[36m5&amp#27;[0m | 
| &amp#27;[36m9&amp#27;[0m &amp#27;[36m3&amp#27;[0m &amp#27;[36m2&amp#27;[0m | &amp#27;[36m5&amp#27;[0m &amp#27;[36m8&amp#27;[0m &amp#27;[36m1&amp#27;[0m | &amp#27;[36m6&amp#27;[0m &amp#27;[36m4&amp#27;[0m &amp#27;[36m7&amp#27;[0m | 
+-------+-------+-------+
&amp#27;[H&amp#27;[2J
=== Sudoku Solver (Backtracking) ===
Passo: 41
Tentando colocar 5 em (1,4)

+-------+-------+-------+
| &amp#27;[36m2&amp#27;[0m 4 &amp#27;[36m3&amp#27;[0m | &amp#27;[36m8&amp#27;[0m 1 9 | 5 7 6 | 
| &amp#27;[36m1&amp#27;[0m 7 9 | &amp#27;[36m3&amp#27;[0m 5 . | &amp#27;[36m8&amp#27;[0m . &amp#27;[36m2&amp#27;[0m | 
| &amp#27;[36m8&amp#27;[0m . . | &amp#27;[36m2&amp#27;[0m . . | . &amp#27;[36m3&amp#27;[0m . | 
+-------+-------+-------+
| &amp#27;[36m3&amp#27;[0m &amp#27;[36m2&amp#27;[0m &amp#27;[36m4&amp#27;[0m | &amp#27;[36m1&amp#27;[0m &amp#27;[36m6&amp#27;[0m &amp#27;[36m5&amp#27;[0m | &amp#27;[36m7&amp#27;[0m &amp#27;[36m8&amp#27;[0m &amp#27;[36m9&amp#27;[0m | 
| &amp#27;[36m6&amp#27;[0m &amp#27;[36m1&amp#27;[0m &amp#27;[36m7&amp#27;[0m | &amp#27;[36m4&amp#27;[0m &amp#27;[36m9&amp#27;[0m &amp#27;[36m8&amp#27;[0m | &amp#27;[36m2&amp#27;[0m &amp#27;[36m5&amp#27;[0m &amp#27;[36m3&amp#27;[0m | 
| &amp#27;[36m5&amp#27;[0m &amp#27;[36m9&amp#27;[0m &amp#27;[36m8&amp#27;[0m | &amp#27;[36m7&amp#27;[0m &amp#27;[36m2&amp#27;[0m &amp#27;[36m3&amp#27;[0m | &amp#27;[36m4&amp#27;[0m . . | 
+-------+-------+-------+
| &amp#27;[36m7&amp#27;[0m &amp#27;[36m5&amp#27;[0m &amp#27;[36m1&amp#27;[0m | &amp#27;[36m6&amp#27;[0m &amp#27;[36m4&amp#27;[0m &amp#27;[36m2&amp#27;[0m | &amp#27;[36m3&amp#27;[0m &amp#27;[36m9&amp#27;[0m &amp#27;[36m8&amp#27;[0m | 
| &amp#27;[36m4&amp#27;[0m &amp#27;[36m8&amp#27;[0m &amp#27;[36m6&amp#27;[0m | &amp#27;[36m9&amp#27;[0m &amp#27;[36m3&amp#27;[0m &amp#27;[36m7&amp#27;[0m | &amp#27;[36m1&amp#27;[0m &amp#27;[36m2&amp#27;[0m &amp#27;[36m5&amp#27;[0m | 
| &amp#27;[36m9&amp#27;[0m &amp#27;[36m3&amp#27;[0m &amp#27;[36m2&amp#27;[0m | &amp#27;[36m5&amp#27;[0m &amp#27;[36m8&amp#27;[0m &amp#27;[36m1&amp#27;[0m | &amp#27;[36m6&amp#27;[0m &amp#27;[36m4&amp#27;[0m &amp#27;[36m7&amp#27;[0m | 
+-------+-------+-------+
&amp#27;[H&amp#27;[2J
=== Sudoku Solver (Backtracking) ===
Passo: 42
Tentando colocar 4 em (1,5)

+-------+-------+-------+
| &amp#27;[36m2&amp#27;[0m 4 &amp#27;[36m3&amp#27;[0m | &amp#27;[36m8&amp#27;[0m 1 9 | 5 7 6 | 
| &amp#27;[36m1&amp#27;[0m 7 9 | &amp#27;[36m3&amp#27;[0m 5 4 | &amp#27;[36m8&amp#27;[0m . &amp#27;[36m2&amp#27;[0m | 
| &amp#27;[36m8&amp#27;[0m . . | &amp#27;[36m2&amp#27;[0m . . | . &amp#27;[36m3&amp#27;[0m . | 
+-------+-------+-------+
| &amp#27;[36m3&amp#27;[0m &amp#27;[36m2&amp#27;[0m &amp#27;[36m4&amp#27;[0m | &amp#27;[36m1&amp#27;[0m &amp#27;[36m6&amp#27;[0m &amp#27;[36m5&amp#27;[0m | &amp#27;[36m7&amp#27;[0m &amp#27;[36m8&amp#27;[0m &amp#27;[36m9&amp#27;[0m | 
| &amp#27;[36m6&amp#27;[0m &amp#27;[36m1&amp#27;[0m &amp#27;[36m7&amp#27;[0m | &amp#27;[36m4&amp#27;[0m &amp#27;[36m9&amp#27;[0m &amp#27;[36m8&amp#27;[0m | &amp#27;[36m2&amp#27;[0m &amp#27;[36m5&amp#27;[0m &amp#27;[36m3&amp#27;[0m | 
| &amp#27;[36m5&amp#27;[0m &amp#27;[36m9&amp#27;[0m &amp#27;[36m8&amp#27;[0m | &amp#27;[36m7&amp#27;[0m &amp#27;[36m2&amp#27;[0m &amp#27;[36m3&amp#27;[0m | &amp#27;[36m4&amp#27;[0m . . | 
+-------+-------+-------+
| &amp#27;[36m7&amp#27;[0m &amp#27;[36m5&amp#27;[0m &amp#27;[36m1&amp#27;[0m | &amp#27;[36m6&amp#27;[0m &amp#27;[36m4&amp#27;[0m &amp#27;[36m2&amp#27;[0m | &amp#27;[36m3&amp#27;[0m &amp#27;[36m9&amp#27;[0m &amp#27;[36m8&amp#27;[0m | 
| &amp#27;[36m4&amp#27;[0m &amp#27;[36m8&amp#27;[0m &amp#27;[36m6&amp#27;[0m | &amp#27;[36m9&amp#27;[0m &amp#27;[36m3&amp#27;[0m &amp#27;[36m7&amp#27;[0m | &amp#27;[36m1&amp#27;[0m &amp#27;[36m2&amp#27;[0m &amp#27;[36m5&amp#27;[0m | 
| &amp#27;[36m9&amp#27;[0m &amp#27;[36m3&amp#27;[0m &amp#27;[36m2&amp#27;[0m | &amp#27;[36m5&amp#27;[0m &amp#27;[36m8&amp#27;[0m &amp#27;[36m1&amp#27;[0m | &amp#27;[36m6&amp#27;[0m &amp#27;[36m4&amp#27;[0m &amp#27;[36m7&amp#27;[0m | 
+-------+-------+-------+
&amp#27;[H&amp#27;[2J
=== Sudoku Solver (Backtracking) ===
Passo: 43
Backtracking removendo 4 de (1,5)

+-------+-------+-------+
| &amp#27;[36m2&amp#27;[0m 4 &amp#27;[36m3&amp#27;[0m | &amp#27;[36m8&amp#27;[0m 1 9 | 5 7 6 | 
| &amp#27;[36m1&amp#27;[0m 7 9 | &amp#27;[36m3&amp#27;[0m 5 . | &amp#27;[36m8&amp#27;[0m . &amp#27;[36m2&amp#27;[0m | 
| &amp#27;[36m8&amp#27;[0m . . | &amp#27;[36m2&amp#27;[0m . . | . &amp#27;[36m3&amp#27;[0m . | 
+-------+-------+-------+
| &amp#27;[36m3&amp#27;[0m &amp#27;[36m2&amp#27;[0m &amp#27;[36m4&amp#27;[0m | &amp#27;[36m1&amp#27;[0m &amp#27;[36m6&amp#27;[0m &amp#27;[36m5&amp#27;[0m | &amp#27;[36m7&amp#27;[0m &amp#27;[36m8&amp#27;[0m &amp#27;[36m9&amp#27;[0m | 
[...]
| 4 2 &amp#27;[36m6&amp#27;[0m | 3 &amp#27;[36m7&amp#27;[0m &amp#27;[36m1&amp#27;[0m | 5 9 8 | 
| 5 8 1 | 4 &amp#27;[36m2&amp#27;[0m &amp#27;[36m9&amp#27;[0m | 3 6 &amp#27;[36m7&amp#27;[0m | 
+-------+-------+-------+
| 6 9 &amp#27;[36m8&amp#27;[0m | &amp#27;[36m5&amp#27;[0m &amp#27;[36m3&amp#27;[0m &amp#27;[36m7&amp#27;[0m | 1 2 4 | 
| &amp#27;[36m7&amp#27;[0m 4 &amp#27;[36m2&amp#27;[0m | &amp#27;[36m6&amp#27;[0m &amp#27;[36m1&amp#27;[0m &amp#27;[36m8&amp#27;[0m | 9 5 &amp#27;[36m3&amp#27;[0m | 
| 1 5 . | &amp#27;[36m2&amp#27;[0m &amp#27;[36m9&amp#27;[0m &amp#27;[36m4&amp#27;[0m | &amp#27;[36m7&amp#27;[0m &amp#27;[36m8&amp#27;[0m . | 
+-------+-------+-------+
| . . . | &amp#27;[36m7&amp#27;[0m &amp#27;[36m5&amp#27;[0m &amp#27;[36m2&amp#27;[0m | . . . | 
| &amp#27;[36m9&amp#27;[0m &amp#27;[36m6&amp#27;[0m &amp#27;[36m5&amp#27;[0m | . . &amp#27;[36m3&amp#27;[0m | &amp#27;[36m4&amp#27;[0m &amp#27;[36m7&amp#27;[0m &amp#27;[36m2&amp#27;[0m | 
| &amp#27;[36m2&amp#27;[0m . &amp#27;[36m7&amp#27;[0m | &amp#27;[36m9&amp#27;[0m &amp#27;[36m4&amp#27;[0m &amp#27;[36m6&amp#27;[0m | . &amp#27;[36m1&amp#27;[0m . | 
+-------+-------+-------+
&amp#27;[H&amp#27;[2J
=== Sudoku Solver (Backtracking) ===
Passo: 118
Tentando colocar 3 em (5,2)

+-------+-------+-------+
| 3 &amp#27;[36m7&amp#27;[0m &amp#27;[36m9&amp#27;[0m | 8 &amp#27;[36m6&amp#27;[0m &amp#27;[36m5&amp#27;[0m | &amp#27;[36m2&amp#27;[0m 4 &amp#27;[36m1&amp#27;[0m | 
| 4 2 &amp#27;[36m6&amp#27;[0m | 3 &amp#27;[36m7&amp#27;[0m &amp#27;[36m1&amp#27;[0m | 5 9 8 | 
| 5 8 1 | 4 &amp#27;[36m2&amp#27;[0m &amp#27;[36m9&amp#27;[0m | 3 6 &amp#27;[36m7&amp#27;[0m | 
+-------+-------+-------+
| 6 9 &amp#27;[36m8&amp#27;[0m | &amp#27;[36m5&amp#27;[0m &amp#27;[36m3&amp#27;[0m &amp#27;[36m7&amp#27;[0m | 1 2 4 | 
| &amp#27;[36m7&amp#27;[0m 4 &amp#27;[36m2&amp#27;[0m | &amp#27;[36m6&amp#27;[0m &amp#27;[36m1&amp#27;[0m &amp#27;[36m8&amp#27;[0m | 9 5 &amp#27;[36m3&amp#27;[0m | 
| 1 5 3 | &amp#27;[36m2&amp#27;[0m &amp#27;[36m9&amp#27;[0m &amp#27;[36m4&amp#27;[0m | &amp#27;[36m7&amp#27;[0m &amp#27;[36m8&amp#27;[0m . | 
+-------+-------+-------+
| . . . | &amp#27;[36m7&amp#27;[0m &amp#27;[36m5&amp#27;[0m &amp#27;[36m2&amp#27;[0m | . . . | 
| &amp#27;[36m9&amp#27;[0m &amp#27;[36m6&amp#27;[0m &amp#27;[36m5&amp#27;[0m | . . &amp#27;[36m3&amp#27;[0m | &amp#27;[36m4&amp#27;[0m &amp#27;[36m7&amp#27;[0m &amp#27;[36m2&amp#27;[0m | 
| &amp#27;[36m2&amp#27;[0m . &amp#27;[36m7&amp#27;[0m | &amp#27;[36m9&amp#27;[0m &amp#27;[36m4&amp#27;[0m &amp#27;[36m6&amp#27;[0m | . &amp#27;[36m1&amp#27;[0m . | 
+-------+-------+-------+
&amp#27;[H&amp#27;[2J
=== Sudoku Solver (Backtracking) ===
Passo: 119
Tentando colocar 6 em (5,8)

+-------+-------+-------+
| 3 &amp#27;[36m7&amp#27;[0m &amp#27;[36m9&amp#27;[0m | 8 &amp#27;[36m6&amp#27;[0m &amp#27;[36m5&amp#27;[0m | &amp#27;[36m2&amp#27;[0m 4 &amp#27;[36m1&amp#27;[0m | 
| 4 2 &amp#27;[36m6&amp#27;[0m | 3 &amp#27;[36m7&amp#27;[0m &amp#27;[36m1&amp#27;[0m | 5 9 8 | 
| 5 8 1 | 4 &amp#27;[36m2&amp#27;[0m &amp#27;[36m9&amp#27;[0m | 3 6 &amp#27;[36m7&amp#27;[0m | 
+-------+-------+-------+
| 6 9 &amp#27;[36m8&amp#27;[0m | &amp#27;[36m5&amp#27;[0m &amp#27;[36m3&amp#27;[0m &amp#27;[36m7&amp#27;[0m | 1 2 4 | 
| &amp#27;[36m7&amp#27;[0m 4 &amp#27;[36m2&amp#27;[0m | &amp#27;[36m6&amp#27;[0m &amp#27;[36m1&amp#27;[0m &amp#27;[36m8&amp#27;[0m | 9 5 &amp#27;[36m3&amp#27;[0m | 
| 1 5 3 | &amp#27;[36m2&amp#27;[0m &amp#27;[36m9&amp#27;[0m &amp#27;[36m4&amp#27;[0m | &amp#27;[36m7&amp#27;[0m &amp#27;[36m8&amp#27;[0m 6 | 
+-------+-------+-------+
| . . . | &amp#27;[36m7&amp#27;[0m &amp#27;[36m5&amp#27;[0m &amp#27;[36m2&amp#27;[0m | . . . | 
| &amp#27;[36m9&amp#27;[0m &amp#27;[36m6&amp#27;[0m &amp#27;[36m5&amp#27;[0m | . . &amp#27;[36m3&amp#27;[0m | &amp#27;[36m4&amp#27;[0m &amp#27;[36m7&amp#27;[0m &amp#27;[36m2&amp#27;[0m | 
| &amp#27;[36m2&amp#27;[0m . &amp#27;[36m7&amp#27;[0m | &amp#27;[36m9&amp#27;[0m &amp#27;[36m4&amp#27;[0m &amp#27;[36m6&amp#27;[0m | . &amp#27;[36m1&amp#27;[0m . | 
+-------+-------+-------+
&amp#27;[H&amp#27;[2J
=== Sudoku Solver (Backtracking) ===
Passo: 120
Tentando colocar 8 em (6,0)

+-------+-------+-------+
| 3 &amp#27;[36m7&amp#27;[0m &amp#27;[36m9&amp#27;[0m | 8 &amp#27;[36m6&amp#27;[0m &amp#27;[36m5&amp#27;[0m | &amp#27;[36m2&amp#27;[0m 4 &amp#27;[36m1&amp#27;[0m | 
| 4 2 &amp#27;[36m6&amp#27;[0m | 3 &amp#27;[36m7&amp#27;[0m &amp#27;[36m1&amp#27;[0m | 5 9 8 | 
| 5 8 1 | 4 &amp#27;[36m2&amp#27;[0m &amp#27;[36m9&amp#27;[0m | 3 6 &amp#27;[36m7&amp#27;[0m | 
+-------+-------+-------+
| 6 9 &amp#27;[36m8&amp#27;[0m | &amp#27;[36m5&amp#27;[0m &amp#27;[36m3&amp#27;[0m &amp#27;[36m7&amp#27;[0m | 1 2 4 | 
| &amp#27;[36m7&amp#27;[0m 4 &amp#27;[36m2&amp#27;[0m | &amp#27;[36m6&amp#27;[0m &amp#27;[36m1&amp#27;[0m &amp#27;[36m8&amp#27;[0m | 9 5 &amp#27;[36m3&amp#27;[0m | 
| 1 5 3 | &amp#27;[36m2&amp#27;[0m &amp#27;[36m9&amp#27;[0m &amp#27;[36m4&amp#27;[0m | &amp#27;[36m7&amp#27;[0m &amp#27;[36m8&amp#27;[0m 6 | 
+-------+-------+-------+
| 8 . . | &amp#27;[36m7&amp#27;[0m &amp#27;[36m5&amp#27;[0m &amp#27;[36m2&amp#27;[0m | . . . | 
| &amp#27;[36m9&amp#27;[0m &amp#27;[36m6&amp#27;[0m &amp#27;[36m5&amp#27;[0m | . . &amp#27;[36m3&amp#27;[0m | &amp#27;[36m4&amp#27;[0m &amp#27;[36m7&amp#27;[0m &amp#27;[36m2&amp#27;[0m | 
| &amp#27;[36m2&amp#27;[0m . &amp#27;[36m7&amp#27;[0m | &amp#27;[36m9&amp#27;[0m &amp#27;[36m4&amp#27;[0m &amp#27;[36m6&amp#27;[0m | . &amp#27;[36m1&amp#27;[0m . | 
+-------+-------+-------+
&amp#27;[H&amp#27;[2J
=== Sudoku Solver (Backtracking) ===
Passo: 121
Tentando colocar 1 em (6,1)

+-------+-------+-------+
| 3 &amp#27;[36m7&amp#27;[0m &amp#27;[36m9&amp#27;[0m | 8 &amp#27;[36m6&amp#27;[0m &amp#27;[36m5&amp#27;[0m | &amp#27;[36m2&amp#27;[0m 4 &amp#27;[36m1&amp#27;[0m | 
| 4 2 &amp#27;[36m6&amp#27;[0m | 3 &amp#27;[36m7&amp#27;[0m &amp#27;[36m1&amp#27;[0m | 5 9 8 | 
| 5 8 1 | 4 &amp#27;[36m2&amp#27;[0m &amp#27;[36m9&amp#27;[0m | 3 6 &amp#27;[36m7&amp#27;[0m | 
+-------+-------+-------+
| 6 9 &amp#27;[36m8&amp#27;[0m | &amp#27;[36m5&amp#27;[0m &amp#27;[36m3&amp#27;[0m &amp#27;[36m7&amp#27;[0m | 1 2 4 | 
| &amp#27;[36m7&amp#27;[0m 4 &amp#27;[36m2&amp#27;[0m | &amp#27;[36m6&amp#27;[0m &amp#27;[36m1&amp#27;[0m &amp#27;[36m8&amp#27;[0m | 9 5 &amp#27;[36m3&amp#27;[0m | 
| 1 5 3 | &amp#27;[36m2&amp#27;[0m &amp#27;[36m9&amp#27;[0m &amp#27;[36m4&amp#27;[0m | &amp#27;[36m7&amp#27;[0m &amp#27;[36m8&amp#27;[0m 6 | 
+-------+-------+-------+
| 8 1 . | &amp#27;[36m7&amp#27;[0m &amp#27;[36m5&amp#27;[0m &amp#27;[36m2&amp#27;[0m | . . . | 
| &amp#27;[36m9&amp#27;[0m &amp#27;[36m6&amp#27;[0m &amp#27;[36m5&amp#27;[0m | . . &amp#27;[36m3&amp#27;[0m | &amp#27;[36m4&amp#27;[0m &amp#27;[36m7&amp#27;[0m &amp#27;[36m2&amp#27;[0m | 
| &amp#27;[36m2&amp#27;[0m . &amp#27;[36m7&amp#27;[0m | &amp#27;[36m9&amp#27;[0m &amp#27;[36m4&amp#27;[0m &amp#27;[36m6&amp#27;[0m | . &amp#27;[36m1&amp#27;[0m . | 
+-------+-------+-------+
&amp#27;[H&amp#27;[2J
=== Sudoku Solver (Backtracking) ===
Passo: 122
Tentando colocar 4 em (6,2)

+-------+-------+-------+
| 3 &amp#27;[36m7&amp#27;[0m &amp#27;[36m9&amp#27;[0m | 8 &amp#27;[36m6&amp#27;[0m &amp#27;[36m5&amp#27;[0m | &amp#27;[36m2&amp#27;[0m 4 &amp#27;[36m1&amp#27;[0m | 
| 4 2 &amp#27;[36m6&amp#27;[0m | 3 &amp#27;[36m7&amp#27;[0m &amp#27;[36m1&amp#27;[0m | 5 9 8 | 
| 5 8 1 | 4 &amp#27;[36m2&amp#27;[0m &amp#27;[36m9&amp#27;[0m | 3 6 &amp#27;[36m7&amp#27;[0m | 
+-------+-------+-------+
| 6 9 &amp#27;[36m8&amp#27;[0m | &amp#27;[36m5&amp#27;[0m &amp#27;[36m3&amp#27;[0m &amp#27;[36m7&amp#27;[0m | 1 2 4 | 
| &amp#27;[36m7&amp#27;[0m 4 &amp#27;[36m2&amp#27;[0m | &amp#27;[36m6&amp#27;[0m &amp#27;[36m1&amp#27;[0m &amp#27;[36m8&amp#27;[0m | 9 5 &amp#27;[36m3&amp#27;[0m | 
| 1 5 3 | &amp#27;[36m2&amp#27;[0m &amp#27;[36m9&amp#27;[0m &amp#27;[36m4&amp#27;[0m | &amp#27;[36m7&amp#27;[0m &amp#27;[36m8&amp#27;[0m 6 | 
+-------+-------+-------+
| 8 1 4 | &amp#27;[36m7&amp#27;[0m &amp#27;[36m5&amp#27;[0m &amp#27;[36m2&amp#27;[0m | . . . | 
| &amp#27;[36m9&amp#27;[0m &amp#27;[36m6&amp#27;[0m &amp#27;[36m5&amp#27;[0m | . . &amp#27;[36m3&amp#27;[0m | &amp#27;[36m4&amp#27;[0m &amp#27;[36m7&amp#27;[0m &amp#27;[36m2&amp#27;[0m | 
| &amp#27;[36m2&amp#27;[0m . &amp#27;[36m7&amp#27;[0m | &amp#27;[36m9&amp#27;[0m &amp#27;[36m4&amp#27;[0m &amp#27;[36m6&amp#27;[0m | . &amp#27;[36m1&amp#27;[0m . | 
+-------+-------+-------+
&amp#27;[H&amp#27;[2J
=== Sudoku Solver (Backtracking) ===
Passo: 123
Tentando colocar 6 em (6,6)

+-------+-------+-------+
| 3 &amp#27;[36m7&amp#27;[0m &amp#27;[36m9&amp#27;[0m | 8 &amp#27;[36m6&amp#27;[0m &amp#27;[36m5&amp#27;[0m | &amp#27;[36m2&amp#27;[0m 4 &amp#27;[36m1&amp#27;[0m | 
| 4 2 &amp#27;[36m6&amp#27;[0m | 3 &amp#27;[36m7&amp#27;[0m &amp#27;[36m1&amp#27;[0m | 5 9 8 | 
| 5 8 1 | 4 &amp#27;[36m2&amp#27;[0m &amp#27;[36m9&amp#27;[0m | 3 6 &amp#27;[36m7&amp#27;[0m | 
+-------+-------+-------+
| 6 9 &amp#27;[36m8&amp#27;[0m | &amp#27;[36m5&amp#27;[0m &amp#27;[36m3&amp#27;[0m &amp#27;[36m7&amp#27;[0m | 1 2 4 | 
| &amp#27;[36m7&amp#27;[0m 4 &amp#27;[36m2&amp#27;[0m | &amp#27;[36m6&amp#27;[0m &amp#27;[36m1&amp#27;[0m &amp#27;[36m8&amp#27;[0m | 9 5 &amp#27;[36m3&amp#27;[0m | 
| 1 5 3 | &amp#27;[36m2&amp#27;[0m &amp#27;[36m9&amp#27;[0m &amp#27;[36m4&amp#27;[0m | &amp#27;[36m7&amp#27;[0m &amp#27;[36m8&amp#27;[0m 6 | 
+-------+-------+-------+
| 8 1 4 | &amp#27;[36m7&amp#27;[0m &amp#27;[36m5&amp#27;[0m &amp#27;[36m2&amp#27;[0m | 6 . . | 
| &amp#27;[36m9&amp#27;[0m &amp#27;[36m6&amp#27;[0m &amp#27;[36m5&amp#27;[0m | . . &amp#27;[36m3&amp#27;[0m | &amp#27;[36m4&amp#27;[0m &amp#27;[36m7&amp#27;[0m &amp#27;[36m2&amp#27;[0m | 
| &amp#27;[36m2&amp#27;[0m . &amp#27;[36m7&amp#27;[0m | &amp#27;[36m9&amp#27;[0m &amp#27;[36m4&amp#27;[0m &amp#27;[36m6&amp#27;[0m | . &amp#27;[36m1&amp#27;[0m . | 
+-------+-------+-------+
&amp#27;[H&amp#27;[2J
=== Sudoku Solver (Backtracking) ===
Passo: 124
Tentando colocar 3 em (6,7)

+-------+-------+-------+
| 3 &amp#27;[36m7&amp#27;[0m &amp#27;[36m9&amp#27;[0m | 8 &amp#27;[36m6&amp#27;[0m &amp#27;[36m5&amp#27;[0m | &amp#27;[36m2&amp#27;[0m 4 &amp#27;[36m1&amp#27;[0m | 
| 4 2 &amp#27;[36m6&amp#27;[0m | 3 &amp#27;[36m7&amp#27;[0m &amp#27;[36m1&amp#27;[0m | 5 9 8 | 
| 5 8 1 | 4 &amp#27;[36m2&amp#27;[0m &amp#27;[36m9&amp#27;[0m | 3 6 &amp#27;[36m7&amp#27;[0m | 
+-------+-------+-------+
| 6 9 &amp#27;[36m8&amp#27;[0m | &amp#27;[36m5&amp#27;[0m &amp#27;[36m3&amp#27;[0m &amp#27;[36m7&amp#27;[0m | 1 2 4 | 
| &amp#27;[36m7&amp#27;[0m 4 &amp#27;[36m2&amp#27;[0m | &amp#27;[36m6&amp#27;[0m &amp#27;[36m1&amp#27;[0m &amp#27;[36m8&amp#27;[0m | 9 5 &amp#27;[36m3&amp#27;[0m | 
| 1 5 3 | &amp#27;[36m2&amp#27;[0m &amp#27;[36m9&amp#27;[0m &amp#27;[36m4&amp#27;[0m | &amp#27;[36m7&amp#27;[0m &amp#27;[36m8&amp#27;[0m 6 | 
+-------+-------+-------+
| 8 1 4 | &amp#27;[36m7&amp#27;[0m &amp#27;[36m5&amp#27;[0m &amp#27;[36m2&amp#27;[0m | 6 3 . | 
| &amp#27;[36m9&amp#27;[0m &amp#27;[36m6&amp#27;[0m &amp#27;[36m5&amp#27;[0m | . . &amp#27;[36m3&amp#27;[0m | &amp#27;[36m4&amp#27;[0m &amp#27;[36m7&amp#27;[0m &amp#27;[36m2&amp#27;[0m | 
| &amp#27;[36m2&amp#27;[0m . &amp#27;[36m7&amp#27;[0m | &amp#27;[36m9&amp#27;[0m &amp#27;[36m4&amp#27;[0m &amp#27;[36m6&amp#27;[0m | . &amp#27;[36m1&amp#27;[0m . | 
+-------+-------+-------+
&amp#27;[H&amp#27;[2J
=== Sudoku Solver (Backtracking) ===
Passo: 125
Tentando colocar 9 em (6,8)

+-------+-------+-------+
| 3 &amp#27;[36m7&amp#27;[0m &amp#27;[36m9&amp#27;[0m | 8 &amp#27;[36m6&amp#27;[0m &amp#27;[36m5&amp#27;[0m | &amp#27;[36m2&amp#27;[0m 4 &amp#27;[36m1&amp#27;[0m | 
| 4 2 &amp#27;[36m6&amp#27;[0m | 3 &amp#27;[36m7&amp#27;[0m &amp#27;[36m1&amp#27;[0m | 5 9 8 | 
| 5 8 1 | 4 &amp#27;[36m2&amp#27;[0m &amp#27;[36m9&amp#27;[0m | 3 6 &amp#27;[36m7&amp#27;[0m | 
+-------+-------+-------+
| 6 9 &amp#27;[36m8&amp#27;[0m | &amp#27;[36m5&amp#27;[0m &amp#27;[36m3&amp#27;[0m &amp#27;[36m7&amp#27;[0m | 1 2 4 | 
| &amp#27;[36m7&amp#27;[0m 4 &amp#27;[36m2&amp#27;[0m | &amp#27;[36m6&amp#27;[0m &amp#27;[36m1&amp#27;[0m &amp#27;[36m8&amp#27;[0m | 9 5 &amp#27;[36m3&amp#27;[0m | 
| 1 5 3 | &amp#27;[36m2&amp#27;[0m &amp#27;[36m9&amp#27;[0m &amp#27;[36m4&amp#27;[0m | &amp#27;[36m7&amp#27;[0m &amp#27;[36m8&amp#27;[0m 6 | 
+-------+-------+-------+
| 8 1 4 | &amp#27;[36m7&amp#27;[0m &amp#27;[36m5&amp#27;[0m &amp#27;[36m2&amp#27;[0m | 6 3 9 | 
| &amp#27;[36m9&amp#27;[0m &amp#27;[36m6&amp#27;[0m &amp#27;[36m5&amp#27;[0m | . . &amp#27;[36m3&amp#27;[0m | &amp#27;[36m4&amp#27;[0m &amp#27;[36m7&amp#27;[0m &amp#27;[36m2&amp#27;[0m | 
| &amp#27;[36m2&amp#27;[0m . &amp#27;[36m7&amp#27;[0m | &amp#27;[36m9&amp#27;[0m &amp#27;[36m4&amp#27;[0m &amp#27;[36m6&amp#27;[0m | . &amp#27;[36m1&amp#27;[0m . | 
+-------+-------+-------+
&amp#27;[H&amp#27;[2J
=== Sudoku Solver (Backtracking) ===
Passo: 126
Tentando colocar 1 em (7,3)

+-------+-------+-------+
| 3 &amp#27;[36m7&amp#27;[0m &amp#27;[36m9&amp#27;[0m | 8 &amp#27;[36m6&amp#27;[0m &amp#27;[36m5&amp#27;[0m | &amp#27;[36m2&amp#27;[0m 4 &amp#27;[36m1&amp#27;[0m | 
| 4 2 &amp#27;[36m6&amp#27;[0m | 3 &amp#27;[36m7&amp#27;[0m &amp#27;[36m1&amp#27;[0m | 5 9 8 | 
| 5 8 1 | 4 &amp#27;[36m2&amp#27;[0m &amp#27;[36m9&amp#27;[0m | 3 6 &amp#27;[36m7&amp#27;[0m | 
+-------+-------+-------+
| 6 9 &amp#27;[36m8&amp#27;[0m | &amp#27;[36m5&amp#27;[0m &amp#27;[36m3&amp#27;[0m &amp#27;[36m7&amp#27;[0m | 1 2 4 | 
| &amp#27;[36m7&amp#27;[0m 4 &amp#27;[36m2&amp#27;[0m | &amp#27;[36m6&amp#27;[0m &amp#27;[36m1&amp#27;[0m &amp#27;[36m8&amp#27;[0m | 9 5 &amp#27;[36m3&amp#27;[0m | 
| 1 5 3 | &amp#27;[36m2&amp#27;[0m &amp#27;[36m9&amp#27;[0m &amp#27;[36m4&amp#27;[0m | &amp#27;[36m7&amp#27;[0m &amp#27;[36m8&amp#27;[0m 6 | 
+-------+-------+-------+
| 8 1 4 | &amp#27;[36m7&amp#27;[0m &amp#27;[36m5&amp#27;[0m &amp#27;[36m2&amp#27;[0m | 6 3 9 | 
| &amp#27;[36m9&amp#27;[0m &amp#27;[36m6&amp#27;[0m &amp#27;[36m5&amp#27;[0m | 1 . &amp#27;[36m3&amp#27;[0m | &amp#27;[36m4&amp#27;[0m &amp#27;[36m7&amp#27;[0m &amp#27;[36m2&amp#27;[0m | 
| &amp#27;[36m2&amp#27;[0m . &amp#27;[36m7&amp#27;[0m | &amp#27;[36m9&amp#27;[0m &amp#27;[36m4&amp#27;[0m &amp#27;[36m6&amp#27;[0m | . &amp#27;[36m1&amp#27;[0m . | 
+-------+-------+-------+
&amp#27;[H&amp#27;[2J
=== Sudoku Solver (Backtracking) ===
Passo: 127
Tentando colocar 8 em (7,4)

+-------+-------+-------+
| 3 &amp#27;[36m7&amp#27;[0m &amp#27;[36m9&amp#27;[0m | 8 &amp#27;[36m6&amp#27;[0m &amp#27;[36m5&amp#27;[0m | &amp#27;[36m2&amp#27;[0m 4 &amp#27;[36m1&amp#27;[0m | 
| 4 2 &amp#27;[36m6&amp#27;[0m | 3 &amp#27;[36m7&amp#27;[0m &amp#27;[36m1&amp#27;[0m | 5 9 8 | 
| 5 8 1 | 4 &amp#27;[36m2&amp#27;[0m &amp#27;[36m9&amp#27;[0m | 3 6 &amp#27;[36m7&amp#27;[0m | 
+-------+-------+-------+
| 6 9 &amp#27;[36m8&amp#27;[0m | &amp#27;[36m5&amp#27;[0m &amp#27;[36m3&amp#27;[0m &amp#27;[36m7&amp#27;[0m | 1 2 4 | 
| &amp#27;[36m7&amp#27;[0m 4 &amp#27;[36m2&amp#27;[0m | &amp#27;[36m6&amp#27;[0m &amp#27;[36m1&amp#27;[0m &amp#27;[36m8&amp#27;[0m | 9 5 &amp#27;[36m3&amp#27;[0m | 
| 1 5 3 | &amp#27;[36m2&amp#27;[0m &amp#27;[36m9&amp#27;[0m &amp#27;[36m4&amp#27;[0m | &amp#27;[36m7&amp#27;[0m &amp#27;[36m8&amp#27;[0m 6 | 
+-------+-------+-------+
| 8 1 4 | &amp#27;[36m7&amp#27;[0m &amp#27;[36m5&amp#27;[0m &amp#27;[36m2&amp#27;[0m | 6 3 9 | 
| &amp#27;[36m9&amp#27;[0m &amp#27;[36m6&amp#27;[0m &amp#27;[36m5&amp#27;[0m | 1 8 &amp#27;[36m3&amp#27;[0m | &amp#27;[36m4&amp#27;[0m &amp#27;[36m7&amp#27;[0m &amp#27;[36m2&amp#27;[0m | 
| &amp#27;[36m2&amp#27;[0m . &amp#27;[36m7&amp#27;[0m | &amp#27;[36m9&amp#27;[0m &amp#27;[36m4&amp#27;[0m &amp#27;[36m6&amp#27;[0m | . &amp#27;[36m1&amp#27;[0m . | 
+-------+-------+-------+
&amp#27;[H&amp#27;[2J
=== Sudoku Solver (Backtracking) ===
Passo: 128
Tentando colocar 3 em (8,1)

+-------+-------+-------+
| 3 &amp#27;[36m7&amp#27;[0m &amp#27;[36m9&amp#27;[0m | 8 &amp#27;[36m6&amp#27;[0m &amp#27;[36m5&amp#27;[0m | &amp#27;[36m2&amp#27;[0m 4 &amp#27;[36m1&amp#27;[0m | 
| 4 2 &amp#27;[36m6&amp#27;[0m | 3 &amp#27;[36m7&amp#27;[0m &amp#27;[36m1&amp#27;[0m | 5 9 8 | 
| 5 8 1 | 4 &amp#27;[36m2&amp#27;[0m &amp#27;[36m9&amp#27;[0m | 3 6 &amp#27;[36m7&amp#27;[0m | 
+-------+-------+-------+
| 6 9 &amp#27;[36m8&amp#27;[0m | &amp#27;[36m5&amp#27;[0m &amp#27;[36m3&amp#27;[0m &amp#27;[36m7&amp#27;[0m | 1 2 4 | 
| &amp#27;[36m7&amp#27;[0m 4 &amp#27;[36m2&amp#27;[0m | &amp#27;[36m6&amp#27;[0m &amp#27;[36m1&amp#27;[0m &amp#27;[36m8&amp#27;[0m | 9 5 &amp#27;[36m3&amp#27;[0m | 
| 1 5 3 | &amp#27;[36m2&amp#27;[0m &amp#27;[36m9&amp#27;[0m &amp#27;[36m4&amp#27;[0m | &amp#27;[36m7&amp#27;[0m &amp#27;[36m8&amp#27;[0m 6 | 
+-------+-------+-------+
| 8 1 4 | &amp#27;[36m7&amp#27;[0m &amp#27;[36m5&amp#27;[0m &amp#27;[36m2&amp#27;[0m | 6 3 9 | 
| &amp#27;[36m9&amp#27;[0m &amp#27;[36m6&amp#27;[0m &amp#27;[36m5&amp#27;[0m | 1 8 &amp#27;[36m3&amp#27;[0m | &amp#27;[36m4&amp#27;[0m &amp#27;[36m7&amp#27;[0m &amp#27;[36m2&amp#27;[0m | 
| &amp#27;[36m2&amp#27;[0m 3 &amp#27;[36m7&amp#27;[0m | &amp#27;[36m9&amp#27;[0m &amp#27;[36m4&amp#27;[0m &amp#27;[36m6&amp#27;[0m | . &amp#27;[36m1&amp#27;[0m . | 
+-------+-------+-------+
&amp#27;[H&amp#27;[2J
=== Sudoku Solver (Backtracking) ===
Passo: 129
Tentando colocar 8 em (8,6)

+-------+-------+-------+
| 3 &amp#27;[36m7&amp#27;[0m &amp#27;[36m9&amp#27;[0m | 8 &amp#27;[36m6&amp#27;[0m &amp#27;[36m5&amp#27;[0m | &amp#27;[36m2&amp#27;[0m 4 &amp#27;[36m1&amp#27;[0m | 
| 4 2 &amp#27;[36m6&amp#27;[0m | 3 &amp#27;[36m7&amp#27;[0m &amp#27;[36m1&amp#27;[0m | 5 9 8 | 
| 5 8 1 | 4 &amp#27;[36m2&amp#27;[0m &amp#27;[36m9&amp#27;[0m | 3 6 &amp#27;[36m7&amp#27;[0m | 
+-------+-------+-------+
| 6 9 &amp#27;[36m8&amp#27;[0m | &amp#27;[36m5&amp#27;[0m &amp#27;[36m3&amp#27;[0m &amp#27;[36m7&amp#27;[0m | 1 2 4 | 
| &amp#27;[36m7&amp#27;[0m 4 &amp#27;[36m2&amp#27;[0m | &amp#27;[36m6&amp#27;[0m &amp#27;[36m1&amp#27;[0m &amp#27;[36m8&amp#27;[0m | 9 5 &amp#27;[36m3&amp#27;[0m | 
| 1 5 3 | &amp#27;[36m2&amp#27;[0m &amp#27;[36m9&amp#27;[0m &amp#27;[36m4&amp#27;[0m | &amp#27;[36m7&amp#27;[0m &amp#27;[36m8&amp#27;[0m 6 | 
+-------+-------+-------+
| 8 1 4 | &amp#27;[36m7&amp#27;[0m &amp#27;[36m5&amp#27;[0m &amp#27;[36m2&amp#27;[0m | 6 3 9 | 
| &amp#27;[36m9&amp#27;[0m &amp#27;[36m6&amp#27;[0m &amp#27;[36m5&amp#27;[0m | 1 8 &amp#27;[36m3&amp#27;[0m | &amp#27;[36m4&amp#27;[0m &amp#27;[36m7&amp#27;[0m &amp#27;[36m2&amp#27;[0m | 
| &amp#27;[36m2&amp#27;[0m 3 &amp#27;[36m7&amp#27;[0m | &amp#27;[36m9&amp#27;[0m &amp#27;[36m4&amp#27;[0m &amp#27;[36m6&amp#27;[0m | 8 &amp#27;[36m1&amp#27;[0m . | 
+-------+-------+-------+
&amp#27;[H&amp#27;[2J
=== Sudoku Solver (Backtracking) ===
Passo: 130
Tentando colocar 5 em (8,8)

+-------+-------+-------+
| 3 &amp#27;[36m7&amp#27;[0m &amp#27;[36m9&amp#27;[0m | 8 &amp#27;[36m6&amp#27;[0m &amp#27;[36m5&amp#27;[0m | &amp#27;[36m2&amp#27;[0m 4 &amp#27;[36m1&amp#27;[0m | 
| 4 2 &amp#27;[36m6&amp#27;[0m | 3 &amp#27;[36m7&amp#27;[0m &amp#27;[36m1&amp#27;[0m | 5 9 8 | 
| 5 8 1 | 4 &amp#27;[36m2&amp#27;[0m &amp#27;[36m9&amp#27;[0m | 3 6 &amp#27;[36m7&amp#27;[0m | 
+-------+-------+-------+
| 6 9 &amp#27;[36m8&amp#27;[0m | &amp#27;[36m5&amp#27;[0m &amp#27;[36m3&amp#27;[0m &amp#27;[36m7&amp#27;[0m | 1 2 4 | 
| &amp#27;[36m7&amp#27;[0m 4 &amp#27;[36m2&amp#27;[0m | &amp#27;[36m6&amp#27;[0m &amp#27;[36m1&amp#27;[0m &amp#27;[36m8&amp#27;[0m | 9 5 &amp#27;[36m3&amp#27;[0m | 
| 1 5 3 | &amp#27;[36m2&amp#27;[0m &amp#27;[36m9&amp#27;[0m &amp#27;[36m4&amp#27;[0m | &amp#27;[36m7&amp#27;[0m &amp#27;[36m8&amp#27;[0m 6 | 
+-------+-------+-------+
| 8 1 4 | &amp#27;[36m7&amp#27;[0m &amp#27;[36m5&amp#27;[0m &amp#27;[36m2&amp#27;[0m | 6 3 9 | 
| &amp#27;[36m9&amp#27;[0m &amp#27;[36m6&amp#27;[0m &amp#27;[36m5&amp#27;[0m | 1 8 &amp#27;[36m3&amp#27;[0m | &amp#27;[36m4&amp#27;[0m &amp#27;[36m7&amp#27;[0m &amp#27;[36m2&amp#27;[0m | 
| &amp#27;[36m2&amp#27;[0m 3 &amp#27;[36m7&amp#27;[0m | &amp#27;[36m9&amp#27;[0m &amp#27;[36m4&amp#27;[0m &amp#27;[36m6&amp#27;[0m | 8 &amp#27;[36m1&amp#27;[0m 5 | 
+-------+-------+-------+
]]></system-out>
  </testcase>
</testsuite>