<?xml version="1.0" encoding="UTF-8"?>
<testsuite xmlns:xsi="http://www.w3.org/2001/XMLSchema-instance" xsi:noNamespaceSchemaLocation="https://maven.apache.org/surefire/maven-surefire-plugin/xsd/surefire-test-report-3.0.xsd" version="3.0" name="br.edu.sudoku.SudokuValidatorTest" time="0.031" tests="6" errors="0" skipped="0" failures="0">
  <properties>
[...]
</properties>
  <testcase name="testInvalidZero" classname="br.edu.sudoku.SudokuValidatorTest" time="0.001"/>
  <testcase name="testRowConflict" classname="br.edu.sudoku.SudokuValidatorTest" time="0.001"/>
  <testcase name="testInvalidGreaterThanNine" classname="br.edu.sudoku.SudokuValidatorTest" time="0.006"/>
  <testcase name="testBoxConflict" classname="br.edu.sudoku.SudokuValidatorTest" time="0.001"/>
  <testcase name="testValidInsertion" classname="br.edu.sudoku.SudokuValidatorTest" time="0.001"/>
  <testcase name="testColumnConflict" classname="br.edu.sudoku.SudokuValidatorTest" time="0.005"/>
</testsuite>