<?xml version="1.0" encoding="UTF-8"?>
<testsuite xmlns:xsi="http://www.w3.org/2001/XMLSchema-instance" xsi:noNamespaceSchemaLocation="https://maven.apache.org/surefire/maven-surefire-plugin/xsd/surefire-test-report-3.0.xsd" version="3.0" name="br.edu.sudoku.BranchAndBoundSolverTest" time="17.096" tests="1" errors="0" skipped="0" failures="0">
  <properties>
[...]
</properties>
  <testcase name="testBranchAndBoundSolvesEasySudoku" classname="br.edu.sudoku.BranchAndBoundSolverTest" time="17.093">
    <system-out><![CDATA[&amp#27;[H&amp#27;[2J=== Sudoku Solver (Branch and Bound) ===
Passo: 1
Tentando colocar 5 em (0,6)

+-------+-------+-------+
| &amp#27;[36m2&amp#27;[0m . &amp#27;[36m3&amp#27;[0m | &amp#27;[36m8&amp#27;[0m . . | 5 . . | 
| &amp#27;[36m1&amp#27;[0m . . | &amp#27;[36m3&amp#27;[0m . . | &amp#27;[36m8&amp#27;[0m . &amp#27;[36m2&amp#27;[0m | 
| &amp#27;[36m8&amp#27;[0m . . | &amp#27;[36m2&amp#27;[0m . . | . &amp#27;[36m3&amp#27;[0m . | 
+-------+-------+-------+
| &amp#27;[36m3&amp#27;[0m &amp#27;[36m2&amp#27;[0m &amp#27;[36m4&amp#27;[0m | &amp#27;[36m1&amp#27;[0m &amp#27;[36m6&amp#27;[0m &amp#27;[36m5&amp#27;[0m | &amp#27;[36m7&amp#27;[0m &amp#27;[36m8&amp#27;[0m &amp#27;[36m9&amp#27;[0m | 
| &amp#27;[36m6&amp#27;[0m &amp#27;[36m1&amp#27;[0m &amp#27;[36m7&amp#27;[0m | &amp#27;[36m4&amp#27;[0m &amp#27;[36m9&amp#27;[0m &amp#27;[36m8&amp#27;[0m | &amp#27;[36m2&amp#27;[0m &amp#27;[36m5&amp#27;[0m &amp#27;[36m3&amp#27;[0m | 
| &amp#27;[36m5&amp#27;[0m &amp#27;[36m9&amp#27;[0m &amp#27;[36m8&amp#27;[0m | &amp#27;[36m7&amp#27;[0m &amp#27;[36m2&amp#27;[0m &amp#27;[36m3&amp#27;[0m | &amp#27;[36m4&amp#27;[0m . . | 
+-------+-------+-------+
| &amp#27;[36m7&amp#27;[0m &amp#27;[36m5&amp#27;[0m &amp#27;[36m1&amp#27;[0m | &amp#27;[36m6&amp#27;[0m &amp#27;[36m4&amp#27;[0m &amp#27;[36m2&amp#27;[0m | &amp#27;[36m3&amp#27;[0m &amp#27;[36m9&amp#27;[0m &amp#27;[36m8&amp#27;[0m | 
| &amp#27;[36m4&amp#27;[0m &amp#27;[36m8&amp#27;[0m &amp#27;[36m6&amp#27;[0m | &amp#27;[36m9&amp#27;[0m &amp#27;[36m3&amp#27;[0m &amp#27;[36m7&amp#27;[0m | &amp#27;[36m1&amp#27;[0m &amp#27;[36m2&amp#27;[0m &amp#27;[36m5&amp#27;[0m | 
| &amp#27;[36m9&amp#27;[0m &amp#27;[36m3&amp#27;[0m &amp#27;[36m2&amp#27;[0m | &amp#27;[36m5&amp#27;[0m &amp#27;[36m8&amp#27;[0m &amp#27;[36m1&amp#27;[0m | &amp#27;[36m6&amp#27;[0m &amp#27;[36m4&amp#27;[0m &amp#27;[36m7&amp#27;[0m | 
+-------+-------+-------+
&amp#27;[H&amp#27;[2J=== Sudoku Solver (Branch and Bound) ===
Passo: 2
Tentando colocar 9 em (2,6)

+-------+-------+-------+
| &amp#27;[36m2&amp#27;[0m . &amp#27;[36m3&amp#27;[0m | &amp#27;[36m8&amp#27;[0m . . | 5 . . | 
| &amp#27;[36m1&amp#27;[0m . . | &amp#27;[36m3&amp#27;[0m . . | &amp#27;[36m8&amp#27;[0m . &amp#27;[36m2&amp#27;[0m | 
| &amp#27;[36m8&amp#27;[0m . . | &amp#27;[36m2&amp#27;[0m . . | 9 &amp#27;[36m3&amp#27;[0m . | 
+-------+-------+-------+
| &amp#27;[36m3&amp#27;[0m &amp#27;[36m2&amp#27;[0m &amp#27;[36m4&amp#27;[0m | &amp#27;[36m1&amp#27;[0m &amp#27;[36m6&amp#27;[0m &amp#27;[36m5&amp#27;[0m | &amp#27;[36m7&amp#27;[0m &amp#27;[36m8&amp#27;[0m &amp#27;[36m9&amp#27;[0m | 
| &amp#27;[36m6&amp#27;[0m &amp#27;[36m1&amp#27;[0m &amp#27;[36m7&amp#27;[0m | &amp#27;[36m4&amp#27;[0m &amp#27;[36m9&amp#27;[0m &amp#27;[36m8&amp#27;[0m | &amp#27;[36m2&amp#27;[0m &amp#27;[36m5&amp#27;[0m &amp#27;[36m3&amp#27;[0m | 
| &amp#27;[36m5&amp#27;[0m &amp#27;[36m9&amp#27;[0m &amp#27;[36m8&amp#27;[0m | &amp#27;[36m7&amp#27;[0m &amp#27;[36m2&amp#27;[0m &amp#27;[36m3&amp#27;[0m | &amp#27;[36m4&amp#27;[0m . . | 
+-------+-------+-------+
| &amp#27;[36m7&amp#27;[0m &amp#27;[36m5&amp#27;[0m &amp#27;[36m1&amp#27;[0m | &amp#27;[36m6&amp#27;[0m &amp#27;[36m4&amp#27;[0m &amp#27;[36m2&amp#27;[0m | &amp#27;[36m3&amp#27;[0m &amp#27;[36m9&amp#27;[0m &amp#27;[36m8&amp#27;[0m | 
| &amp#27;[36m4&amp#27;[0m &amp#27;[36m8&amp#27;[0m &amp#27;[36m6&amp#27;[0m | &amp#27;[36m9&amp#27;[0m &amp#27;[36m3&amp#27;[0m &amp#27;[36m7&amp#27;[0m | &amp#27;[36m1&amp#27;[0m &amp#27;[36m2&amp#27;[0m &amp#27;[36m5&amp#27;[0m | 
| &amp#27;[36m9&amp#27;[0m &amp#27;[36m3&amp#27;[0m &amp#27;[36m2&amp#27;[0m | &amp#27;[36m5&amp#27;[0m &amp#27;[36m8&amp#27;[0m &amp#27;[36m1&amp#27;[0m | &amp#27;[36m6&amp#27;[0m &amp#27;[36m4&amp#27;[0m &amp#27;[36m7&amp#27;[0m | 
+-------+-------+-------+
&amp#27;[H&amp#27;[2J=== Sudoku Solver (Branch and Bound) ===
Passo: 3
Tentando colocar 5 em (2,2)

+-------+-------+-------+
| &amp#27;[36m2&amp#27;[0m . &amp#27;[36m3&amp#27;[0m | &amp#27;[36m8&amp#27;[0m . . | 5 . . | 
| &amp#27;[36m1&amp#27;[0m . . | &amp#27;[36m3&amp#27;[0m . . | &amp#27;[36m8&amp#27;[0m . &amp#27;[36m2&amp#27;[0m | 
| &amp#27;[36m8&amp#27;[0m . 5 | &amp#27;[36m2&amp#27;[0m . . | 9 &amp#27;[36m3&amp#27;[0m . | 
+-------+-------+-------+
| &amp#27;[36m3&amp#27;[0m &amp#27;[36m2&amp#27;[0m &amp#27;[36m4&amp#27;[0m | &amp#27;[36m1&amp#27;[0m &amp#27;[36m6&amp#27;[0m &amp#27;[36m5&amp#27;[0m | &amp#27;[36m7&amp#27;[0m &amp#27;[36m8&amp#27;[0m &amp#27;[36m9&amp#27;[0m | 
| &amp#27;[36m6&amp#27;[0m &amp#27;[36m1&amp#27;[0m &amp#27;[36m7&amp#27;[0m | &amp#27;[36m4&amp#27;[0m &amp#27;[36m9&amp#27;[0m &amp#27;[36m8&amp#27;[0m | &amp#27;[36m2&amp#27;[0m &amp#27;[36m5&amp#27;[0m &amp#27;[36m3&amp#27;[0m | 
| &amp#27;[36m5&amp#27;[0m &amp#27;[36m9&amp#27;[0m &amp#27;[36m8&amp#27;[0m | &amp#27;[36m7&amp#27;[0m &amp#27;[36m2&amp#27;[0m &amp#27;[36m3&amp#27;[0m | &amp#27;[36m4&amp#27;[0m . . | 
+-------+-------+-------+
| &amp#27;[36m7&amp#27;[0m &amp#27;[36m5&amp#27;[0m &amp#27;[36m1&amp#27;[0m | &amp#27;[36m6&amp#27;[0m &amp#27;[36m4&amp#27;[0m &amp#27;[36m2&amp#27;[0m | &amp#27;[36m3&amp#27;[0m &amp#27;[36m9&amp#27;[0m &amp#27;[36m8&amp#27;[0m | 
| &amp#27;[36m4&amp#27;[0m &amp#27;[36m8&amp#27;[0m &amp#27;[36m6&amp#27;[0m | &amp#27;[36m9&amp#27;[0m &amp#27;[36m3&amp#27;[0m &amp#27;[36m7&amp#27;[0m | &amp#27;[36m1&amp#27;[0m &amp#27;[36m2&amp#27;[0m &amp#27;[36m5&amp#27;[0m | 
| &amp#27;[36m9&amp#27;[0m &amp#27;[36m3&amp#27;[0m &amp#27;[36m2&amp#27;[0m | &amp#27;[36m5&amp#27;[0m &amp#27;[36m8&amp#27;[0m &amp#27;[36m1&amp#27;[0m | &amp#27;[36m6&amp#27;[0m &amp#27;[36m4&amp#27;[0m &amp#27;[36m7&amp#27;[0m | 
+-------+-------+-------+
&amp#27;[H&amp#27;[2J=== Sudoku Solver (Branch and Bound) ===
Passo: 4
Tentando colocar 9 em (1,2)

+-------+-------+-------+
| &amp#27;[36m2&amp#27;[0m . &amp#27;[36m3&amp#27;[0m | &amp#27;[36m8&amp#27;[0m . . | 5 . . | 
| &amp#27;[36m1&amp#27;[0m . 9 | &amp#27;[36m3&amp#27;[0m . . | &amp#27;[36m8&amp#27;[0m . &amp#27;[36m2&amp#27;[0m | 
| &amp#27;[36m8&amp#27;[0m . 5 | &amp#27;[36m2&amp#27;[0m . . | 9 &amp#27;[36m3&amp#27;[0m . | 
+-------+-------+-------+
| &amp#27;[36m3&amp#27;[0m &amp#27;[36m2&amp#27;[0m &amp#27;[36m4&amp#27;[0m | &amp#27;[36m1&amp#27;[0m &amp#27;[36m6&amp#27;[0m &amp#27;[36m5&amp#27;[0m | &amp#27;[36m7&amp#27;[0m &amp#27;[36m8&amp#27;[0m &amp#27;[36m9&amp#27;[0m | 
| &amp#27;[36m6&amp#27;[0m &amp#27;[36m1&amp#27;[0m &amp#27;[36m7&amp#27;[0m | &amp#27;[36m4&amp#27;[0m &amp#27;[36m9&amp#27;[0m &amp#27;[36m8&amp#27;[0m | &amp#27;[36m2&amp#27;[0m &amp#27;[36m5&amp#27;[0m &amp#27;[36m3&amp#27;[0m | 
| &amp#27;[36m5&amp#27;[0m &amp#27;[36m9&amp#27;[0m &amp#27;[36m8&amp#27;[0m | &amp#27;[36m7&amp#27;[0m &amp#27;[36m2&amp#27;[0m &amp#27;[36m3&amp#27;[0m | &amp#27;[36m4&amp#27;[0m . . | 
+-------+-------+-------+
| &amp#27;[36m7&amp#27;[0m &amp#27;[36m5&amp#27;[0m &amp#27;[36m1&amp#27;[0m | &amp#27;[36m6&amp#27;[0m &amp#27;[36m4&amp#27;[0m &amp#27;[36m2&amp#27;[0m | &amp#27;[36m3&amp#27;[0m &amp#27;[36m9&amp#27;[0m &amp#27;[36m8&amp#27;[0m | 
| &amp#27;[36m4&amp#27;[0m &amp#27;[36m8&amp#27;[0m &amp#27;[36m6&amp#27;[0m | &amp#27;[36m9&amp#27;[0m &amp#27;[36m3&amp#27;[0m &amp#27;[36m7&amp#27;[0m | &amp#27;[36m1&amp#27;[0m &amp#27;[36m2&amp#27;[0m &amp#27;[36m5&amp#27;[0m | 
| &amp#27;[36m9&amp#27;[0m &amp#27;[36m3&amp#27;[0m &amp#27;[36m2&amp#27;[0m | &amp#27;[36m5&amp#27;[0m &amp#27;[36m8&amp#27;[0m &amp#27;[36m1&amp#27;[0m | &amp#27;[36m6&amp#27;[0m &amp#27;[36m4&amp#27;[0m &amp#27;[36m7&amp#27;[0m | 
+-------+-------+-------+
&amp#27;[H&amp#27;[2J=== Sudoku Solver (Branch and Bound) ===
Passo: 5
Tentando colocar 1 em (0,4)

+-------+-------+-------+
| &amp#27;[36m2&amp#27;[0m . &amp#27;[36m3&amp#27;[0m | &amp#27;[36m8&amp#27;[0m 1 . | 5 . . | 
| &amp#27;[36m1&amp#27;[0m . 9 | &amp#27;[36m3&amp#27;[0m . . | &amp#27;[36m8&amp#27;[0m . &amp#27;[36m2&amp#27;[0m | 
| &amp#27;[36m8&amp#27;[0m . 5 | &amp#27;[36m2&amp#27;[0m . . | 9 &amp#27;[36m3&amp#27;[0m . | 
+-------+-------+-------+
| &amp#27;[36m3&amp#27;[0m &amp#27;[36m2&amp#27;[0m &amp#27;[36m4&amp#27;[0m | &amp#27;[36m1&amp#27;[0m &amp#27;[36m6&amp#27;[0m &amp#27;[36m5&amp#27;[0m | &amp#27;[36m7&amp#27;[0m &amp#27;[36m8&amp#27;[0m &amp#27;[36m9&amp#27;[0m | 
| &amp#27;[36m6&amp#27;[0m &amp#27;[36m1&amp#27;[0m &amp#27;[36m7&amp#27;[0m | &amp#27;[36m4&amp#27;[0m &amp#27;[36m9&amp#27;[0m &amp#27;[36m8&amp#27;[0m | &amp#27;[36m2&amp#27;[0m &amp#27;[36m5&amp#27;[0m &amp#27;[36m3&amp#27;[0m | 
| &amp#27;[36m5&amp#27;[0m &amp#27;[36m9&amp#27;[0m &amp#27;[36m8&amp#27;[0m | &amp#27;[36m7&amp#27;[0m &amp#27;[36m2&amp#27;[0m &amp#27;[36m3&amp#27;[0m | &amp#27;[36m4&amp#27;[0m . . | 
+-------+-------+-------+
| &amp#27;[36m7&amp#27;[0m &amp#27;[36m5&amp#27;[0m &amp#27;[36m1&amp#27;[0m | &amp#27;[36m6&amp#27;[0m &amp#27;[36m4&amp#27;[0m &amp#27;[36m2&amp#27;[0m | &amp#27;[36m3&amp#27;[0m &amp#27;[36m9&amp#27;[0m &amp#27;[36m8&amp#27;[0m | 
| &amp#27;[36m4&amp#27;[0m &amp#27;[36m8&amp#27;[0m &amp#27;[36m6&amp#27;[0m | &amp#27;[36m9&amp#27;[0m &amp#27;[36m3&amp#27;[0m &amp#27;[36m7&amp#27;[0m | &amp#27;[36m1&amp#27;[0m &amp#27;[36m2&amp#27;[0m &amp#27;[36m5&amp#27;[0m | 
| &amp#27;[36m9&amp#27;[0m &amp#27;[36m3&amp#27;[0m &amp#27;[36m2&amp#27;[0m | &amp#27;[36m5&amp#27;[0m &amp#27;[36m8&amp#27;[0m &amp#27;[36m1&amp#27;[0m | &amp#27;[36m6&amp#27;[0m &amp#27;[36m4&amp#27;[0m &amp#27;[36m7&amp#27;[0m | 
+-------+-------+-------+
&amp#27;[H&amp#27;[2J=== Sudoku Solver (Branch and Bound) ===
Passo: 6
Tentando colocar 7 em (2,4)

+-------+-------+-------+
| &amp#27;[36m2&amp#27;[0m . &amp#27;[36m3&amp#27;[0m | &amp#27;[36m8&amp#27;[0m 1 . | 5 . . | 
| &amp#27;[36m1&amp#27;[0m . 9 | &amp#27;[36m3&amp#27;[0m . . | &amp#27;[36m8&amp#27;[0m . &amp#27;[36m2&amp#27;[0m | 
| &amp#27;[36m8&amp#27;[0m . 5 | &amp#27;[36m2&amp#27;[0m 7 . | 9 &amp#27;[36m3&amp#27;[0m . | 
+-------+-------+-------+
| &amp#27;[36m3&amp#27;[0m &amp#27;[36m2&amp#27;[0m &amp#27;[36m4&amp#27;[0m | &amp#27;[36m1&amp#27;[0m &amp#27;[36m6&amp#27;[0m &amp#27;[36m5&amp#27;[0m | &amp#27;[36m7&amp#27;[0m &amp#27;[36m8&amp#27;[0m &amp#27;[36m9&amp#27;[0m | 
| &amp#27;[36m6&amp#27;[0m &amp#27;[36m1&amp#27;[0m &amp#27;[36m7&amp#27;[0m | &amp#27;[36m4&amp#27;[0m &amp#27;[36m9&amp#27;[0m &amp#27;[36m8&amp#27;[0m | &amp#27;[36m2&amp#27;[0m &amp#27;[36m5&amp#27;[0m &amp#27;[36m3&amp#27;[0m | 
| &amp#27;[36m5&amp#27;[0m &amp#27;[36m9&amp#27;[0m &amp#27;[36m8&amp#27;[0m | &amp#27;[36m7&amp#27;[0m &amp#27;[36m2&amp#27;[0m &amp#27;[36m3&amp#27;[0m | &amp#27;[36m4&amp#27;[0m . . | 
+-------+-------+-------+
| &amp#27;[36m7&amp#27;[0m &amp#27;[36m5&amp#27;[0m &amp#27;[36m1&amp#27;[0m | &amp#27;[36m6&amp#27;[0m &amp#27;[36m4&amp#27;[0m &amp#27;[36m2&amp#27;[0m | &amp#27;[36m3&amp#27;[0m &amp#27;[36m9&amp#27;[0m &amp#27;[36m8&amp#27;[0m | 
| &amp#27;[36m4&amp#27;[0m &amp#27;[36m8&amp#27;[0m &amp#27;[36m6&amp#27;[0m | &amp#27;[36m9&amp#27;[0m &amp#27;[36m3&amp#27;[0m &amp#27;[36m7&amp#27;[0m | &amp#27;[36m1&amp#27;[0m &amp#27;[36m2&amp#27;[0m &amp#27;[36m5&amp#27;[0m | 
| &amp#27;[36m9&amp#27;[0m &amp#27;[36m3&amp#27;[0m &amp#27;[36m2&amp#27;[0m | &amp#27;[36m5&amp#27;[0m &amp#27;[36m8&amp#27;[0m &amp#27;[36m1&amp#27;[0m | &amp#27;[36m6&amp#27;[0m &amp#27;[36m4&amp#27;[0m &amp#27;[36m7&amp#27;[0m | 
+-------+-------+-------+
&amp#27;[H&amp#27;[2J=== Sudoku Solver (Branch and Bound) ===
Passo: 7
Tentando colocar 5 em (1,4)

+-------+-------+-------+
| &amp#27;[36m2&amp#27;[0m . &amp#27;[36m3&amp#27;[0m | &amp#27;[36m8&amp#27;[0m 1 . | 5 . . | 
| &amp#27;[36m1&amp#27;[0m . 9 | &amp#27;[36m3&amp#27;[0m 5 . | &amp#27;[36m8&amp#27;[0m . &amp#27;[36m2&amp#27;[0m | 
| &amp#27;[36m8&amp#27;[0m . 5 | &amp#27;[36m2&amp#27;[0m 7 . | 9 &amp#27;[36m3&amp#27;[0m . | 
+-------+-------+-------+
| &amp#27;[36m3&amp#27;[0m &amp#27;[36m2&amp#27;[0m &amp#27;[36m4&amp#27;[0m | &amp#27;[36m1&amp#27;[0m &amp#27;[36m6&amp#27;[0m &amp#27;[36m5&amp#27;[0m | &amp#27;[36m7&amp#27;[0m &amp#27;[36m8&amp#27;[0m &amp#27;[36m9&amp#27;[0m | 
| &amp#27;[36m6&amp#27;[0m &amp#27;[36m1&amp#27;[0m &amp#27;[36m7&amp#27;[0m | &amp#27;[36m4&amp#27;[0m &amp#27;[36m9&amp#27;[0m &amp#27;[36m8&amp#27;[0m | &amp#27;[36m2&amp#27;[0m &amp#27;[36m5&amp#27;[0m &amp#27;[36m3&amp#27;[0m | 
| &amp#27;[36m5&amp#27;[0m &amp#27;[36m9&amp#27;[0m &amp#27;[36m8&amp#27;[0m | &amp#27;[36m7&amp#27;[0m &amp#27;[36m2&amp#27;[0m &amp#27;[36m3&amp#27;[0m | &amp#27;[36m4&amp#27;[0m . . | 
+-------+-------+-------+
| &amp#27;[36m7&amp#27;[0m &amp#27;[36m5&amp#27;[0m &amp#27;[36m1&amp#27;[0m | &amp#27;[36m6&amp#27;[0m &amp#27;[36m4&amp#27;[0m &amp#27;[36m2&amp#27;[0m | &amp#27;[36m3&amp#27;[0m &amp#27;[36m9&amp#27;[0m &amp#27;[36m8&amp#27;[0m | 
| &amp#27;[36m4&amp#27;[0m &amp#27;[36m8&amp#27;[0m &amp#27;[36m6&amp#27;[0m | &amp#27;[36m9&amp#27;[0m &amp#27;[36m3&amp#27;[0m &amp#27;[36m7&amp#27;[0m | &amp#27;[36m1&amp#27;[0m &amp#27;[36m2&amp#27;[0m &amp#27;[36m5&amp#27;[0m | 
| &amp#27;[36m9&amp#27;[0m &amp#27;[36m3&amp#27;[0m &amp#27;[36m2&amp#27;[0m | &amp#27;[36m5&amp#27;[0m &amp#27;[36m8&amp#27;[0m &amp#27;[36m1&amp#27;[0m | &amp#27;[36m6&amp#27;[0m &amp#27;[36m4&amp#27;[0m &amp#27;[36m7&amp#27;[0m | 
+-------+-------+-------+
&amp#27;[H&amp#27;[2J=== Sudoku Solver (Branch and Bound) ===
Passo: 8
Tentando colocar 6 em (0,7)

+-------+-------+-------+
| &amp#27;[36m2&amp#27;[0m . &amp#27;[36m3&amp#27;[0m | &amp#27;[36m8&amp#27;[0m 1 . | 5 6 . | 
| &amp#27;[36m1&amp#27;[0m . 9 | &amp#27;[36m3&amp#27;[0m 5 . | &amp#27;[36m8&amp#27;[0m . &amp#27;[36m2&amp#27;[0m | 
| &amp#27;[36m8&amp#27;[0m . 5 | &amp#27;[36m2&amp#27;[0m 7 . | 9 &amp#27;[36m3&amp#27;[0m . | 
+-------+-------+-------+
| &amp#27;[36m3&amp#27;[0m &amp#27;[36m2&amp#27;[0m &amp#27;[36m4&amp#27;[0m | &amp#27;[36m1&amp#27;[0m &amp#27;[36m6&amp#27;[0m &amp#27;[36m5&amp#27;[0m | &amp#27;[36m7&amp#27;[0m &amp#27;[36m8&amp#27;[0m &amp#27;[36m9&amp#27;[0m | 
| &amp#27;[36m6&amp#27;[0m &amp#27;[36m1&amp#27;[0m &amp#27;[36m7&amp#27;[0m | &amp#27;[36m4&amp#27;[0m &amp#27;[36m9&amp#27;[0m &amp#27;[36m8&amp#27;[0m | &amp#27;[36m2&amp#27;[0m &amp#27;[36m5&amp#27;[0m &amp#27;[36m3&amp#27;[0m | 
| &amp#27;[36m5&amp#27;[0m &amp#27;[36m9&amp#27;[0m &amp#27;[36m8&amp#27;[0m | &amp#27;[36m7&amp#27;[0m &amp#27;[36m2&amp#27;[0m &amp#27;[36m3&amp#27;[0m | &amp#27;[36m4&amp#27;[0m . . | 
+-------+-------+-------+
| &amp#27;[36m7&amp#27;[0m &amp#27;[36m5&amp#27;[0m &amp#27;[36m1&amp#27;[0m | &amp#27;[36m6&amp#27;[0m &amp#27;[36m4&amp#27;[0m &amp#27;[36m2&amp#27;[0m | &amp#27;[36m3&amp#27;[0m &amp#27;[36m9&amp#27;[0m &amp#27;[36m8&amp#27;[0m | 
| &amp#27;[36m4&amp#27;[0m &amp#27;[36m8&amp#27;[0m &amp#27;[36m6&amp#27;[0m | &amp#27;[36m9&amp#27;[0m &amp#27;[36m3&amp#27;[0m &amp#27;[36m7&amp#27;[0m | &amp#27;[36m1&amp#27;[0m &amp#27;[36m2&amp#27;[0m &amp#27;[36m5&amp#27;[0m | 
| &amp#27;[36m9&amp#27;[0m &amp#27;[36m3&amp#27;[0m &amp#27;[36m2&amp#27;[0m | &amp#27;[36m5&amp#27;[0m &amp#27;[36m8&amp#27;[0m &amp#27;[36m1&amp#27;[0m | &amp#27;[36m6&amp#27;[0m &amp#27;[36m4&amp#27;[0m &amp#27;[36m7&amp#27;[0m | 
+-------+-------+-------+
&amp#27;[H&amp#27;[2J=== Sudoku Solver (Branch and Bound) ===
Passo: 9
Tentando colocar 4 em (0,8)

+-------+-------+-------+
| &amp#27;[36m2&amp#27;[0m . &amp#27;[36m3&amp#27;[0m | &amp#27;[36m8&amp#27;[0m 1 . | 5 6 4 | 
| &amp#27;[36m1&amp#27;[0m . 9 | &amp#27;[36m3&amp#27;[0m 5 . | &amp#27;[36m8&amp#27;[0m . &amp#27;[36m2&amp#27;[0m | 
| &amp#27;[36m8&amp#27;[0m . 5 | &amp#27;[36m2&amp#27;[0m 7 . | 9 &amp#27;[36m3&amp#27;[0m . | 
+-------+-------+-------+
| &amp#27;[36m3&amp#27;[0m &amp#27;[36m2&amp#27;[0m &amp#27;[36m4&amp#27;[0m | &amp#27;[36m1&amp#27;[0m &amp#27;[36m6&amp#27;[0m &amp#27;[36m5&amp#27;[0m | &amp#27;[36m7&amp#27;[0m &amp#27;[36m8&amp#27;[0m &amp#27;[36m9&amp#27;[0m | 
| &amp#27;[36m6&amp#27;[0m &amp#27;[36m1&amp#27;[0m &amp#27;[36m7&amp#27;[0m | &amp#27;[36m4&amp#27;[0m &amp#27;[36m9&amp#27;[0m &amp#27;[36m8&amp#27;[0m | &amp#27;[36m2&amp#27;[0m &amp#27;[36m5&amp#27;[0m &amp#27;[36m3&amp#27;[0m | 
| &amp#27;[36m5&amp#27;[0m &amp#27;[36m9&amp#27;[0m &amp#27;[36m8&amp#27;[0m | &amp#27;[36m7&amp#27;[0m &amp#27;[36m2&amp#27;[0m &amp#27;[36m3&amp#27;[0m | &amp#27;[36m4&amp#27;[0m . . | 
+-------+-------+-------+
| &amp#27;[36m7&amp#27;[0m &amp#27;[36m5&amp#27;[0m &amp#27;[36m1&amp#27;[0m | &amp#27;[36m6&amp#27;[0m &amp#27;[36m4&amp#27;[0m &amp#27;[36m2&amp#27;[0m | &amp#27;[36m3&amp#27;[0m &amp#27;[36m9&amp#27;[0m &amp#27;[36m8&amp#27;[0m | 
| &amp#27;[36m4&amp#27;[0m &amp#27;[36m8&amp#27;[0m &amp#27;[36m6&amp#27;[0m | &amp#27;[36m9&amp#27;[0m &amp#27;[36m3&amp#27;[0m &amp#27;[36m7&amp#27;[0m | &amp#27;[36m1&amp#27;[0m &amp#27;[36m2&amp#27;[0m &amp#27;[36m5&amp#27;[0m | 
| &amp#27;[36m9&amp#27;[0m &amp#27;[36m3&amp#27;[0m &amp#27;[36m2&amp#27;[0m | &amp#27;[36m5&amp#27;[0m &amp#27;[36m8&amp#27;[0m &amp#27;[36m1&amp#27;[0m | &amp#27;[36m6&amp#27;[0m &amp#27;[36m4&amp#27;[0m &amp#27;[36m7&amp#27;[0m | 
+-------+-------+-------+
&amp#27;[H&amp#27;[2J=== Sudoku Solver (Branch and Bound) ===
Passo: 10
Tentando colocar 7 em (0,1)

+-------+-------+-------+
| &amp#27;[36m2&amp#27;[0m 7 &amp#27;[36m3&amp#27;[0m | &amp#27;[36m8&amp#27;[0m 1 . | 5 6 4 | 
| &amp#27;[36m1&amp#27;[0m . 9 | &amp#27;[36m3&amp#27;[0m 5 . | &amp#27;[36m8&amp#27;[0m . &amp#27;[36m2&amp#27;[0m | 
| &amp#27;[36m8&amp#27;[0m . 5 | &amp#27;[36m2&amp#27;[0m 7 . | 9 &amp#27;[36m3&amp#27;[0m . | 
+-------+-------+-------+
| &amp#27;[36m3&amp#27;[0m &amp#27;[36m2&amp#27;[0m &amp#27;[36m4&amp#27;[0m | &amp#27;[36m1&amp#27;[0m &amp#27;[36m6&amp#27;[0m &amp#27;[36m5&amp#27;[0m | &amp#27;[36m7&amp#27;[0m &amp#27;[36m8&amp#27;[0m &amp#27;[36m9&amp#27;[0m | 
| &amp#27;[36m6&amp#27;[0m &amp#27;[36m1&amp#27;[0m &amp#27;[36m7&amp#27;[0m | &amp#27;[36m4&amp#27;[0m &amp#27;[36m9&amp#27;[0m &amp#27;[36m8&amp#27;[0m | &amp#27;[36m2&amp#27;[0m &amp#27;[36m5&amp#27;[0m &amp#27;[36m3&amp#27;[0m | 
| &amp#27;[36m5&amp#27;[0m &amp#27;[36m9&amp#27;[0m &amp#27;[36m8&amp#27;[0m | &amp#27;[36m7&amp#27;[0m &amp#27;[36m2&amp#27;[0m &amp#27;[36m3&amp#27;[0m | &amp#27;[36m4&amp#27;[0m . . | 
+-------+-------+-------+
| &amp#27;[36m7&amp#27;[0m &amp#27;[36m5&amp#27;[0m &amp#27;[36m1&amp#27;[0m | &amp#27;[36m6&amp#27;[0m &amp#27;[36m4&amp#27;[0m &amp#27;[36m2&amp#27;[0m | &amp#27;[36m3&amp#27;[0m &amp#27;[36m9&amp#27;[0m &amp#27;[36m8&amp#27;[0m | 
| &amp#27;[36m4&amp#27;[0m &amp#27;[36m8&amp#27;[0m &amp#27;[36m6&amp#27;[0m | &amp#27;[36m9&amp#27;[0m &amp#27;[36m3&amp#27;[0m &amp#27;[36m7&amp#27;[0m | &amp#27;[36m1&amp#27;[0m &amp#27;[36m2&amp#27;[0m &amp#27;[36m5&amp#27;[0m | 
| &amp#27;[36m9&amp#27;[0m &amp#27;[36m3&amp#27;[0m &amp#27;[36m2&amp#27;[0m | &amp#27;[36m5&amp#27;[0m &amp#27;[36m8&amp#27;[0m &amp#27;[36m1&amp#27;[0m | &amp#27;[36m6&amp#27;[0m &amp#27;[36m4&amp#27;[0m &amp#27;[36m7&amp#27;[0m | 
+-------+-------+-------+
&amp#27;[H&amp#27;[2J=== Sudoku Solver (Branch and Bound) ===
Passo: 11
Tentando colocar 9 em (0,5)

+-------+-------+-------+
| &amp#27;[36m2&amp#27;[0m 7 &amp#27;[36m3&amp#27;[0m | &amp#27;[36m8&amp#27;[0m 1 9 | 5 6 4 | 
| &amp#27;[36m1&amp#27;[0m . 9 | &amp#27;[36m3&amp#27;[0m 5 . | &amp#27;[36m8&amp#27;[0m . &amp#27;[36m2&amp#27;[0m | 
| &amp#27;[36m8&amp#27;[0m . 5 | &amp#27;[36m2&amp#27;[0m 7 . | 9 &amp#27;[36m3&amp#27;[0m . | 
+-------+-------+-------+
| &amp#27;[36m3&amp#27;[0m &amp#27;[36m2&amp#27;[0m &amp#27;[36m4&amp#27;[0m | &amp#27;[36m1&amp#27;[0m &amp#27;[36m6&amp#27;[0m &amp#27;[36m5&amp#27;[0m | &amp#27;[36m7&amp#27;[0m &amp#27;[36m8&amp#27;[0m &amp#27;[36m9&amp#27;[0m | 
| &amp#27;[36m6&amp#27;[0m &amp#27;[36m1&amp#27;[0m &amp#27;[36m7&amp#27;[0m | &amp#27;[36m4&amp#27;[0m &amp#27;[36m9&amp#27;[0m &amp#27;[36m8&amp#27;[0m | &amp#27;[36m2&amp#27;[0m &amp#27;[36m5&amp#27;[0m &amp#27;[36m3&amp#27;[0m | 
| &amp#27;[36m5&amp#27;[0m &amp#27;[36m9&amp#27;[0m &amp#27;[36m8&amp#27;[0m | &amp#27;[36m7&amp#27;[0m &amp#27;[36m2&amp#27;[0m &amp#27;[36m3&amp#27;[0m | &amp#27;[36m4&amp#27;[0m . . | 
+-------+-------+-------+
| &amp#27;[36m7&amp#27;[0m &amp#27;[36m5&amp#27;[0m &amp#27;[36m1&amp#27;[0m | &amp#27;[36m6&amp#27;[0m &amp#27;[36m4&amp#27;[0m &amp#27;[36m2&amp#27;[0m | &amp#27;[36m3&amp#27;[0m &amp#27;[36m9&amp#27;[0m &amp#27;[36m8&amp#27;[0m | 
| &amp#27;[36m4&amp#27;[0m &amp#27;[36m8&amp#27;[0m &amp#27;[36m6&amp#27;[0m | &amp#27;[36m9&amp#27;[0m &amp#27;[36m3&amp#27;[0m &amp#27;[36m7&amp#27;[0m | &amp#27;[36m1&amp#27;[0m &amp#27;[36m2&amp#27;[0m &amp#27;[36m5&amp#27;[0m | 
| &amp#27;[36m9&amp#27;[0m &amp#27;[36m3&amp#27;[0m &amp#27;[36m2&amp#27;[0m | &amp#27;[36m5&amp#27;[0m &amp#27;[36m8&amp#27;[0m &amp#27;[36m1&amp#27;[0m | &amp#27;[36m6&amp#27;[0m &amp#27;[36m4&amp#27;[0m &amp#27;[36m7&amp#27;[0m | 
+-------+-------+-------+
&amp#27;[H&amp#27;[2J=== Sudoku Solver (Branch and Bound) ===
Passo: 12
Tentando colocar 7 em (1,7)

+-------+-------+-------+
| &amp#27;[36m2&amp#27;[0m 7 &amp#27;[36m3&amp#27;[0m | &amp#27;[36m8&amp#27;[0m 1 9 | 5 6 4 | 
| &amp#27;[36m1&amp#27;[0m . 9 | &amp#27;[36m3&amp#27;[0m 5 . | &amp#27;[36m8&amp#27;[0m 7 &amp#27;[36m2&amp#27;[0m | 
| &amp#27;[36m8&amp#27;[0m . 5 | &amp#27;[36m2&amp#27;[0m 7 . | 9 &amp#27;[36m3&amp#27;[0m . | 
+-------+-------+-------+
| &amp#27;[36m3&amp#27;[0m &amp#27;[36m2&amp#27;[0m &amp#27;[36m4&amp#27;[0m | &amp#27;[36m1&amp#27;[0m &amp#27;[36m6&amp#27;[0m &amp#27;[36m5&amp#27;[0m | &amp#27;[36m7&amp#27;[0m &amp#27;[36m8&amp#27;[0m &amp#27;[36m9&amp#27;[0m | 
| &amp#27;[36m6&amp#27;[0m &amp#27;[36m1&amp#27;[0m &amp#27;[36m7&amp#27;[0m | &amp#27;[36m4&amp#27;[0m &amp#27;[36m9&amp#27;[0m &amp#27;[36m8&amp#27;[0m | &amp#27;[36m2&amp#27;[0m &amp#27;[36m5&amp#27;[0m &amp#27;[36m3&amp#27;[0m | 
| &amp#27;[36m5&amp#27;[0m &amp#27;[36m9&amp#27;[0m &amp#27;[36m8&amp#27;[0m | &amp#27;[36m7&amp#27;[0m &amp#27;[36m2&amp#27;[0m &amp#27;[36m3&amp#27;[0m | &amp#27;[36m4&amp#27;[0m . . | 
+-------+-------+-------+
| &amp#27;[36m7&amp#27;[0m &amp#27;[36m5&amp#27;[0m &amp#27;[36m1&amp#27;[0m | &amp#27;[36m6&amp#27;[0m &amp#27;[36m4&amp#27;[0m &amp#27;[36m2&amp#27;[0m | &amp#27;[36m3&amp#27;[0m &amp#27;[36m9&amp#27;[0m &amp#27;[36m8&amp#27;[0m | 
| &amp#27;[36m4&amp#27;[0m &amp#27;[36m8&amp#27;[0m &amp#27;[36m6&amp#27;[0m | &amp#27;[36m9&amp#27;[0m &amp#27;[36m3&amp#27;[0m &amp#27;[36m7&amp#27;[0m | &amp#27;[36m1&amp#27;[0m &amp#27;[36m2&amp#27;[0m &amp#27;[36m5&amp#27;[0m | 
| &amp#27;[36m9&amp#27;[0m &amp#27;[36m3&amp#27;[0m &amp#27;[36m2&amp#27;[0m | &amp#27;[36m5&amp#27;[0m &amp#27;[36m8&amp#27;[0m &amp#27;[36m1&amp#27;[0m | &amp#27;[36m6&amp#27;[0m &amp#27;[36m4&amp#27;[0m &amp#27;[36m7&amp#27;[0m | 
+-------+-------+-------+
&amp#27;[H&amp#27;[2J=== Sudoku Solver (Branch and Bound) ===
Passo: 13
Tentando colocar 1 em (2,8)

+-------+-------+-------+
| &amp#27;[36m2&amp#27;[0m 7 &amp#27;[36m3&amp#27;[0m | &amp#27;[36m8&amp#27;[0m 1 9 | 5 6 4 | 
| &amp#27;[36m1&amp#27;[0m . 9 | &amp#27;[36m3&amp#27;[0m 5 . | &amp#27;[36m8&amp#27;[0m 7 &amp#27;[36m2&amp#27;[0m | 
| &amp#27;[36m8&amp#27;[0m . 5 | &amp#27;[36m2&amp#27;[0m 7 . | 9 &amp#27;[36m3&amp#27;[0m 1 | 
+-------+-------+-------+
| &amp#27;[36m3&amp#27;[0m &amp#27;[36m2&amp#27;[0m &amp#27;[36m4&amp#27;[0m | &amp#27;[36m1&amp#27;[0m &amp#27;[36m6&amp#27;[0m &amp#27;[36m5&amp#27;[0m | &amp#27;[36m7&amp#27;[0m &amp#27;[36m8&amp#27;[0m &amp#27;[36m9&amp#27;[0m | 
| &amp#27;[36m6&amp#27;[0m &amp#27;[36m1&amp#27;[0m &amp#27;[36m7&amp#27;[0m | &amp#27;[36m4&amp#27;[0m &amp#27;[36m9&amp#27;[0m &amp#27;[36m8&amp#27;[0m | &amp#27;[36m2&amp#27;[0m &amp#27;[36m5&amp#27;[0m &amp#27;[36m3&amp#27;[0m | 
| &amp#27;[36m5&amp#27;[0m &amp#27;[36m9&amp#27;[0m &amp#27;[36m8&amp#27;[0m | &amp#27;[36m7&amp#27;[0m &amp#27;[36m2&amp#27;[0m &amp#27;[36m3&amp#27;[0m | &amp#27;[36m4&amp#27;[0m . . | 
+-------+-------+-------+
| &amp#27;[36m7&amp#27;[0m &amp#27;[36m5&amp#27;[0m &amp#27;[36m1&amp#27;[0m | &amp#27;[36m6&amp#27;[0m &amp#27;[36m4&amp#27;[0m &amp#27;[36m2&amp#27;[0m | &amp#27;[36m3&amp#27;[0m &amp#27;[36m9&amp#27;[0m &amp#27;[36m8&amp#27;[0m | 
| &amp#27;[36m4&amp#27;[0m &amp#27;[36m8&amp#27;[0m &amp#27;[36m6&amp#27;[0m | &amp#27;[36m9&amp#27;[0m &amp#27;[36m3&amp#27;[0m &amp#27;[36m7&amp#27;[0m | &amp#27;[36m1&amp#27;[0m &amp#27;[36m2&amp#27;[0m &amp#27;[36m5&amp#27;[0m | 
| &amp#27;[36m9&amp#27;[0m &amp#27;[36m3&amp#27;[0m &amp#27;[36m2&amp#27;[0m | &amp#27;[36m5&amp#27;[0m &amp#27;[36m8&amp#27;[0m &amp#27;[36m1&amp#27;[0m | &amp#27;[36m6&amp#27;[0m &amp#27;[36m4&amp#27;[0m &amp#27;[36m7&amp#27;[0m | 
+-------+-------+-------+
&amp#27;[H&amp#27;[2J=== Sudoku Solver (Branch and Bound) ===
Passo: 14
Tentando colocar 1 em (5,7)

+-------+-------+-------+
| &amp#27;[36m2&amp#27;[0m 7 &amp#27;[36m3&amp#27;[0m | &amp#27;[36m8&amp#27;[0m 1 9 | 5 6 4 | 
| &amp#27;[36m1&amp#27;[0m . 9 | &amp#27;[36m3&amp#27;[0m 5 . | &amp#27;[36m8&amp#27;[0m 7 &amp#27;[36m2&amp#27;[0m | 
| &amp#27;[36m8&amp#27;[0m . 5 | &amp#27;[36m2&amp#27;[0m 7 . | 9 &amp#27;[36m3&amp#27;[0m 1 | 
+-------+-------+-------+
| &amp#27;[36m3&amp#27;[0m &amp#27;[36m2&amp#27;[0m &amp#27;[36m4&amp#27;[0m | &amp#27;[36m1&amp#27;[0m &amp#27;[36m6&amp#27;[0m &amp#27;[36m5&amp#27;[0m | &amp#27;[36m7&amp#27;[0m &amp#27;[36m8&amp#27;[0m &amp#27;[36m9&amp#27;[0m | 
| &amp#27;[36m6&amp#27;[0m &amp#27;[36m1&amp#27;[0m &amp#27;[36m7&amp#27;[0m | &amp#27;[36m4&amp#27;[0m &amp#27;[36m9&amp#27;[0m &amp#27;[36m8&amp#27;[0m | &amp#27;[36m2&amp#27;[0m &amp#27;[36m5&amp#27;[0m &amp#27;[36m3&amp#27;[0m | 
| &amp#27;[36m5&amp#27;[0m &amp#27;[36m9&amp#27;[0m &amp#27;[36m8&amp#27;[0m | &amp#27;[36m7&amp#27;[0m &amp#27;[36m2&amp#27;[0m &amp#27;[36m3&amp#27;[0m | &amp#27;[36m4&amp#27;[0m 1 . | 
+-------+-------+-------+
| &amp#27;[36m7&amp#27;[0m &amp#27;[36m5&amp#27;[0m &amp#27;[36m1&amp#27;[0m | &amp#27;[36m6&amp#27;[0m &amp#27;[36m4&amp#27;[0m &amp#27;[36m2&amp#27;[0m | &amp#27;[36m3&amp#27;[0m &amp#27;[36m9&amp#27;[0m &amp#27;[36m8&amp#27;[0m | 
| &amp#27;[36m4&amp#27;[0m &amp#27;[36m8&amp#27;[0m &amp#27;[36m6&amp#27;[0m | &amp#27;[36m9&amp#27;[0m &amp#27;[36m3&amp#27;[0m &amp#27;[36m7&amp#27;[0m | &amp#27;[36m1&amp#27;[0m &amp#27;[36m2&amp#27;[0m &amp#27;[36m5&amp#27;[0m | 
| &amp#27;[36m9&amp#27;[0m &amp#27;[36m3&amp#27;[0m &amp#27;[36m2&amp#27;[0m | &amp#27;[36m5&amp#27;[0m &amp#27;[36m8&amp#27;[0m &amp#27;[36m1&amp#27;[0m | &amp#27;[36m6&amp#27;[0m &amp#27;[36m4&amp#27;[0m &amp#27;[36m7&amp#27;[0m | 
+-------+-------+-------+
&amp#27;[H&amp#27;[2J=== Sudoku Solver (Branch and Bound) ===
Passo: 15
Tentando colocar 6 em (5,8)

+-------+-------+-------+
| &amp#27;[36m2&amp#27;[0m 7 &amp#27;[36m3&amp#27;[0m | &amp#27;[36m8&amp#27;[0m 1 9 | 5 6 4 | 
| &amp#27;[36m1&amp#27;[0m . 9 | &amp#27;[36m3&amp#27;[0m 5 . | &amp#27;[36m8&amp#27;[0m 7 &amp#27;[36m2&amp#27;[0m | 
| &amp#27;[36m8&amp#27;[0m . 5 | &amp#27;[36m2&amp#27;[0m 7 . | 9 &amp#27;[36m3&amp#27;[0m 1 | 
+-------+-------+-------+
| &amp#27;[36m3&amp#27;[0m &amp#27;[36m2&amp#27;[0m &amp#27;[36m4&amp#27;[0m | &amp#27;[36m1&amp#27;[0m &amp#27;[36m6&amp#27;[0m &amp#27;[36m5&amp#27;[0m | &amp#27;[36m7&amp#27;[0m &amp#27;[36m8&amp#27;[0m &amp#27;[36m9&amp#27;[0m | 
| &amp#27;[36m6&amp#27;[0m &amp#27;[36m1&amp#27;[0m &amp#27;[36m7&amp#27;[0m | &amp#27;[36m4&amp#27;[0m &amp#27;[36m9&amp#27;[0m &amp#27;[36m8&amp#27;[0m | &amp#27;[36m2&amp#27;[0m &amp#27;[36m5&amp#27;[0m &amp#27;[36m3&amp#27;[0m | 
| &amp#27;[36m5&amp#27;[0m &amp#27;[36m9&amp#27;[0m &amp#27;[36m8&amp#27;[0m | &amp#27;[36m7&amp#27;[0m &amp#27;[36m2&amp#27;[0m &amp#27;[36m3&amp#27;[0m | &amp#27;[36m4&amp#27;[0m 1 6 | 
+-------+-------+-------+
| &amp#27;[36m7&amp#27;[0m &amp#27;[36m5&amp#27;[0m &amp#27;[36m1&amp#27;[0m | &amp#27;[36m6&amp#27;[0m &amp#27;[36m4&amp#27;[0m &amp#27;[36m2&amp#27;[0m | &amp#27;[36m3&amp#27;[0m &amp#27;[36m9&amp#27;[0m &amp#27;[36m8&amp#27;[0m | 
| &amp#27;[36m4&amp#27;[0m &amp#27;[36m8&amp#27;[0m &amp#27;[36m6&amp#27;[0m | &amp#27;[36m9&amp#27;[0m &amp#27;[36m3&amp#27;[0m &amp#27;[36m7&amp#27;[0m | &amp#27;[36m1&amp#27;[0m &amp#27;[36m2&amp#27;[0m &amp#27;[36m5&amp#27;[0m | 
| &amp#27;[36m9&amp#27;[0m &amp#27;[36m3&amp#27;[0m &amp#27;[36m2&amp#27;[0m | &amp#27;[36m5&amp#27;[0m &amp#27;[36m8&amp#27;[0m &amp#27;[36m1&amp#27;[0m | &amp#27;[36m6&amp#27;[0m &amp#27;[36m4&amp#27;[0m &amp#27;[36m7&amp#27;[0m | 
+-------+-------+-------+
&amp#27;[H&amp#27;[2J=== Sudoku Solver (Branch and Bound) ===
Passo: 16
Tentando colocar 4 em (1,1)

+-------+-------+-------+
| &amp#27;[36m2&amp#27;[0m 7 &amp#27;[36m3&amp#27;[0m | &amp#27;[36m8&amp#27;[0m 1 9 | 5 6 4 | 
| &amp#27;[36m1&amp#27;[0m 4 9 | &amp#27;[36m3&amp#27;[0m 5 . | &amp#27;[36m8&amp#27;[0m 7 &amp#27;[36m2&amp#27;[0m | 
| &amp#27;[36m8&amp#27;[0m . 5 | &amp#27;[36m2&amp#27;[0m 7 . | 9 &amp#27;[36m3&amp#27;[0m 1 | 
+-------+-------+-------+
| &amp#27;[36m3&amp#27;[0m &amp#27;[36m2&amp#27;[0m &amp#27;[36m4&amp#27;[0m | &amp#27;[36m1&amp#27;[0m &amp#27;[36m6&amp#27;[0m &amp#27;[36m5&amp#27;[0m | &amp#27;[36m7&amp#27;[0m &amp#27;[36m8&amp#27;[0m &amp#27;[36m9&amp#27;[0m | 
| &amp#27;[36m6&amp#27;[0m &amp#27;[36m1&amp#27;[0m &amp#27;[36m7&amp#27;[0m | &amp#27;[36m4&amp#27;[0m &amp#27;[36m9&amp#27;[0m &amp#27;[36m8&amp#27;[0m | &amp#27;[36m2&amp#27;[0m &amp#27;[36m5&amp#27;[0m &amp#27;[36m3&amp#27;[0m | 
| &amp#27;[36m5&amp#27;[0m &amp#27;[36m9&amp#27;[0m &amp#27;[36m8&amp#27;[0m | &amp#27;[36m7&amp#27;[0m &amp#27;[36m2&amp#27;[0m &amp#27;[36m3&amp#27;[0m | &amp#27;[36m4&amp#27;[0m 1 6 | 
+-------+-------+-------+
| &amp#27;[36m7&amp#27;[0m &amp#27;[36m5&amp#27;[0m &amp#27;[36m1&amp#27;[0m | &amp#27;[36m6&amp#27;[0m &amp#27;[36m4&amp#27;[0m &amp#27;[36m2&amp#27;[0m | &amp#27;[36m3&amp#27;[0m &amp#27;[36m9&amp#27;[0m &amp#27;[36m8&amp#27;[0m | 
| &amp#27;[36m4&amp#27;[0m &amp#27;[36m8&amp#27;[0m &amp#27;[36m6&amp#27;[0m | &amp#27;[36m9&amp#27;[0m &amp#27;[36m3&amp#27;[0m &amp#27;[36m7&amp#27;[0m | &amp#27;[36m1&amp#27;[0m &amp#27;[36m2&amp#27;[0m &amp#27;[36m5&amp#27;[0m | 
| &amp#27;[36m9&amp#27;[0m &amp#27;[36m3&amp#27;[0m &amp#27;[36m2&amp#27;[0m | &amp#27;[36m5&amp#27;[0m &amp#27;[36m8&amp#27;[0m &amp#27;[36m1&amp#27;[0m | &amp#27;[36m6&amp#27;[0m &amp#27;[36m4&amp#27;[0m &amp#27;[36m7&amp#27;[0m | 
+-------+-------+-------+
&amp#27;[H&amp#27;[2J=== Sudoku Solver (Branch and Bound) ===
Passo: 17
Tentando colocar 6 em (1,5)

+-------+-------+-------+
| &amp#27;[36m2&amp#27;[0m 7 &amp#27;[36m3&amp#27;[0m | &amp#27;[36m8&amp#27;[0m 1 9 | 5 6 4 | 
| &amp#27;[36m1&amp#27;[0m 4 9 | &amp#27;[36m3&amp#27;[0m 5 6 | &amp#27;[36m8&amp#27;[0m 7 &amp#27;[36m2&amp#27;[0m | 
| &amp#27;[36m8&amp#27;[0m . 5 | &amp#27;[36m2&amp#27;[0m 7 . | 9 &amp#27;[36m3&amp#27;[0m 1 | 
+-------+-------+-------+
| &amp#27;[36m3&amp#27;[0m &amp#27;[36m2&amp#27;[0m &amp#27;[36m4&amp#27;[0m | &amp#27;[36m1&amp#27;[0m &amp#27;[36m6&amp#27;[0m &amp#27;[36m5&amp#27;[0m | &amp#27;[36m7&amp#27;[0m &amp#27;[36m8&amp#27;[0m &amp#27;[36m9&amp#27;[0m | 
| &amp#27;[36m6&amp#27;[0m &amp#27;[36m1&amp#27;[0m &amp#27;[36m7&amp#27;[0m | &amp#27;[36m4&amp#27;[0m &amp#27;[36m9&amp#27;[0m &amp#27;[36m8&amp#27;[0m | &amp#27;[36m2&amp#27;[0m &amp#27;[36m5&amp#27;[0m &amp#27;[36m3&amp#27;[0m | 
| &amp#27;[36m5&amp#27;[0m &amp#27;[36m9&amp#27;[0m &amp#27;[36m8&amp#27;[0m | &amp#27;[36m7&amp#27;[0m &amp#27;[36m2&amp#27;[0m &amp#27;[36m3&amp#27;[0m | &amp#27;[36m4&amp#27;[0m 1 6 | 
+-------+-------+-------+
| &amp#27;[36m7&amp#27;[0m &amp#27;[36m5&amp#27;[0m &amp#27;[36m1&amp#27;[0m | &amp#27;[36m6&amp#27;[0m &amp#27;[36m4&amp#27;[0m &amp#27;[36m2&amp#27;[0m | &amp#27;[36m3&amp#27;[0m &amp#27;[36m9&amp#27;[0m &amp#27;[36m8&amp#27;[0m | 
| &amp#27;[36m4&amp#27;[0m &amp#27;[36m8&amp#27;[0m &amp#27;[36m6&amp#27;[0m | &amp#27;[36m9&amp#27;[0m &amp#27;[36m3&amp#27;[0m &amp#27;[36m7&amp#27;[0m | &amp#27;[36m1&amp#27;[0m &amp#27;[36m2&amp#27;[0m &amp#27;[36m5&amp#27;[0m | 
| &amp#27;[36m9&amp#27;[0m &amp#27;[36m3&amp#27;[0m &amp#27;[36m2&amp#27;[0m | &amp#27;[36m5&amp#27;[0m &amp#27;[36m8&amp#27;[0m &amp#27;[36m1&amp#27;[0m | &amp#27;[36m6&amp#27;[0m &amp#27;[36m4&amp#27;[0m &amp#27;[36m7&amp#27;[0m | 
+-------+-------+-------+
&amp#27;[H&amp#27;[2J=== Sudoku Solver (Branch and Bound) ===
Passo: 18
Tentando colocar 6 em (2,1)

+-------+-------+-------+
| &amp#27;[36m2&amp#27;[0m 7 &amp#27;[36m3&amp#27;[0m | &amp#27;[36m8&amp#27;[0m 1 9 | 5 6 4 | 
| &amp#27;[36m1&amp#27;[0m 4 9 | &amp#27;[36m3&amp#27;[0m 5 6 | &amp#27;[36m8&amp#27;[0m 7 &amp#27;[36m2&amp#27;[0m | 
| &amp#27;[36m8&amp#27;[0m 6 5 | &amp#27;[36m2&amp#27;[0m 7 . | 9 &amp#27;[36m3&amp#27;[0m 1 | 
+-------+-------+-------+
| &amp#27;[36m3&amp#27;[0m &amp#27;[36m2&amp#27;[0m &amp#27;[36m4&amp#27;[0m | &amp#27;[36m1&amp#27;[0m &amp#27;[36m6&amp#27;[0m &amp#27;[36m5&amp#27;[0m | &amp#27;[36m7&amp#27;[0m &amp#27;[36m8&amp#27;[0m &amp#27;[36m9&amp#27;[0m | 
| &amp#27;[36m6&amp#27;[0m &amp#27;[36m1&amp#27;[0m &amp#27;[36m7&amp#27;[0m | &amp#27;[36m4&amp#27;[0m &amp#27;[36m9&amp#27;[0m &amp#27;[36m8&amp#27;[0m | &amp#27;[36m2&amp#27;[0m &amp#27;[36m5&amp#27;[0m &amp#27;[36m3&amp#27;[0m | 
| &amp#27;[36m5&amp#27;[0m &amp#27;[36m9&amp#27;[0m &amp#27;[36m8&amp#27;[0m | &amp#27;[36m7&amp#27;[0m &amp#27;[36m2&amp#27;[0m &amp#27;[36m3&amp#27;[0m | &amp#27;[36m4&amp#27;[0m 1 6 | 
+-------+-------+-------+
| &amp#27;[36m7&amp#27;[0m &amp#27;[36m5&amp#27;[0m &amp#27;[36m1&amp#27;[0m | &amp#27;[36m6&amp#27;[0m &amp#27;[36m4&amp#27;[0m &amp#27;[36m2&amp#27;[0m | &amp#27;[36m3&amp#27;[0m &amp#27;[36m9&amp#27;[0m &amp#27;[36m8&amp#27;[0m | 
| &amp#27;[36m4&amp#27;[0m &amp#27;[36m8&amp#27;[0m &amp#27;[36m6&amp#27;[0m | &amp#27;[36m9&amp#27;[0m &amp#27;[36m3&amp#27;[0m &amp#27;[36m7&amp#27;[0m | &amp#27;[36m1&amp#27;[0m &amp#27;[36m2&amp#27;[0m &amp#27;[36m5&amp#27;[0m | 
| &amp#27;[36m9&amp#27;[0m &amp#27;[36m3&amp#27;[0m &amp#27;[36m2&amp#27;[0m | &amp#27;[36m5&amp#27;[0m &amp#27;[36m8&amp#27;[0m &amp#27;[36m1&amp#27;[0m | &amp#27;[36m6&amp#27;[0m &amp#27;[36m4&amp#27;[0m &amp#27;[36m7&amp#27;[0m | 
+-------+-------+-------+
&amp#27;[H&amp#27;[2J=== Sudoku Solver (Branch and Bound) ===
Passo: 19
Tentando colocar 4 em (2,5)

+-------+-------+-------+
| &amp#27;[36m2&amp#27;[0m 7 &amp#27;[36m3&amp#27;[0m | &amp#27;[36m8&amp#27;[0m 1 9 | 5 6 4 | 
| &amp#27;[36m1&amp#27;[0m 4 9 | &amp#27;[36m3&amp#27;[0m 5 6 | &amp#27;[36m8&amp#27;[0m 7 &amp#27;[36m2&amp#27;[0m | 
| &amp#27;[36m8&amp#27;[0m 6 5 | &amp#27;[36m2&amp#27;[0m 7 4 | 9 &amp#27;[36m3&amp#27;[0m 1 | 
+-------+-------+-------+
| &amp#27;[36m3&amp#27;[0m &amp#27;[36m2&amp#27;[0m &amp#27;[36m4&amp#27;[0m | &amp#27;[36m1&amp#27;[0m &amp#27;[36m6&amp#27;[0m &amp#27;[36m5&amp#27;[0m | &amp#27;[36m7&amp#27;[0m &amp#27;[36m8&amp#27;[0m &amp#27;[36m9&amp#27;[0m | 
| &amp#27;[36m6&amp#27;[0m &amp#27;[36m1&amp#27;[0m &amp#27;[36m7&amp#27;[0m | &amp#27;[36m4&amp#27;[0m &amp#27;[36m9&amp#27;[0m &amp#27;[36m8&amp#27;[0m | &amp#27;[36m2&amp#27;[0m &amp#27;[36m5&amp#27;[0m &amp#27;[36m3&amp#27;[0m | 
| &amp#27;[36m5&amp#27;[0m &amp#27;[36m9&amp#27;[0m &amp#27;[36m8&amp#27;[0m | &amp#27;[36m7&amp#27;[0m &amp#27;[36m2&amp#27;[0m &amp#27;[36m3&amp#27;[0m | &amp#27;[36m4&amp#27;[0m 1 6 | 
+-------+-------+-------+
| &amp#27;[36m7&amp#27;[0m &amp#27;[36m5&amp#27;[0m &amp#27;[36m1&amp#27;[0m | &amp#27;[36m6&amp#27;[0m &amp#27;[36m4&amp#27;[0m &amp#27;[36m2&amp#27;[0m | &amp#27;[36m3&amp#27;[0m &amp#27;[36m9&amp#27;[0m &amp#27;[36m8&amp#27;[0m | 
| &amp#27;[36m4&amp#27;[0m &amp#27;[36m8&amp#27;[0m &amp#27;[36m6&amp#27;[0m | &amp#27;[36m9&amp#27;[0m &amp#27;[36m3&amp#27;[0m &amp#27;[36m7&amp#27;[0m | &amp#27;[36m1&amp#27;[0m &amp#27;[36m2&amp#27;[0m &amp#27;[36m5&amp#27;[0m | 
| &amp#27;[36m9&amp#27;[0m &amp#27;[36m3&amp#27;[0m &amp#27;[36m2&amp#27;[0m | &amp#27;[36m5&amp#27;[0m &amp#27;[36m8&amp#27;[0m &amp#27;[36m1&amp#27;[0m | &amp#27;[36m6&amp#27;[0m &amp#27;[36m4&amp#27;[0m &amp#27;[36m7&amp#27;[0m | 
+-------+-------+-------+
&amp#27;[H&amp#27;[2J=== Sudoku Solver (Branch and Bound) ===
Passo: 1
Tentando colocar 7 em (5,2)

+-------+-------+-------+
| . . . | . &amp#27;[36m8&amp#27;[0m &amp#27;[36m3&amp#27;[0m | &amp#27;[36m6&amp#27;[0m . . | 
| &amp#27;[36m3&amp#27;[0m &amp#27;[36m6&amp#27;[0m . | . . . | . . . | 
| . . &amp#27;[36m9&amp#27;[0m | &amp#27;[36m6&amp#27;[0m . &amp#27;[36m2&amp#27;[0m | . &amp#27;[36m3&amp#27;[0m &amp#27;[36m7&amp#27;[0m | 
+-------+-------+-------+
| &amp#27;[36m8&amp#27;[0m &amp#27;[36m9&amp#27;[0m &amp#27;[36m6&amp#27;[0m | &amp#27;[36m7&amp#27;[0m &amp#27;[36m3&amp#27;[0m &amp#27;[36m5&amp#27;[0m | &amp#27;[36m4&amp#27;[0m &amp#27;[36m1&amp#27;[0m &amp#27;[36m2&amp#27;[0m | 
| &amp#27;[36m2&amp#27;[0m &amp#27;[36m5&amp#27;[0m &amp#27;[36m3&amp#27;[0m | &amp#27;[36m1&amp#27;[0m &amp#27;[36m4&amp#27;[0m &amp#27;[36m6&amp#27;[0m | &amp#27;[36m7&amp#27;[0m &amp#27;[36m8&amp#27;[0m &amp#27;[36m9&amp#27;[0m | 
| . . 7 | &amp#27;[36m8&amp#27;[0m &amp#27;[36m2&amp#27;[0m &amp#27;[36m9&amp#27;[0m | &amp#27;[36m3&amp#27;[0m &amp#27;[36m5&amp#27;[0m . | 
+-------+-------+-------+
| &amp#27;[36m6&amp#27;[0m &amp#27;[36m2&amp#27;[0m &amp#27;[36m1&amp#27;[0m | . &amp#27;[36m9&amp#27;[0m . | &amp#27;[36m5&amp#27;[0m &amp#27;[36m7&amp#27;[0m &amp#27;[36m8&amp#27;[0m | 
| . . . | . &amp#27;[36m6&amp#27;[0m &amp#27;[36m1&amp#27;[0m | &amp#27;[36m9&amp#27;[0m &amp#27;[36m4&amp#27;[0m &amp#27;[36m3&amp#27;[0m | 
| &amp#27;[36m9&amp#27;[0m &amp#27;[36m3&amp#27;[0m &amp#27;[36m4&amp#27;[0m | &amp#27;[36m5&amp#27;[0m &amp#27;[36m7&amp#27;[0m &amp#27;[36m8&amp#27;[0m | &amp#27;[36m2&amp#27;[0m &amp#27;[36m6&amp#27;[0m . | 
+-------+-------+-------+
&amp#27;[H&amp#27;[2J=== Sudoku Solver (Branch and Bound) ===
Passo: 2
Tentando colocar 6 em (5,8)

+-------+-------+-------+
| . . . | . &amp#27;[36m8&amp#27;[0m &amp#27;[36m3&amp#27;[0m | &amp#27;[36m6&amp#27;[0m . . | 
| &amp#27;[36m3&amp#27;[0m &amp#27;[36m6&amp#27;[0m . | . . . | . . . | 
| . . &amp#27;[36m9&amp#27;[0m | &amp#27;[36m6&amp#27;[0m . &amp#27;[36m2&amp#27;[0m | . &amp#27;[36m3&amp#27;[0m &amp#27;[36m7&amp#27;[0m | 
+-------+-------+-------+
| &amp#27;[36m8&amp#27;[0m &amp#27;[36m9&amp#27;[0m &amp#27;[36m6&amp#27;[0m | &amp#27;[36m7&amp#27;[0m &amp#27;[36m3&amp#27;[0m &amp#27;[36m5&amp#27;[0m | &amp#27;[36m4&amp#27;[0m &amp#27;[36m1&amp#27;[0m &amp#27;[36m2&amp#27;[0m | 
| &amp#27;[36m2&amp#27;[0m &amp#27;[36m5&amp#27;[0m &amp#27;[36m3&amp#27;[0m | &amp#27;[36m1&amp#27;[0m &amp#27;[36m4&amp#27;[0m &amp#27;[36m6&amp#27;[0m | &amp#27;[36m7&amp#27;[0m &amp#27;[36m8&amp#27;[0m &amp#27;[36m9&amp#27;[0m | 
| . . 7 | &amp#27;[36m8&amp#27;[0m &amp#27;[36m2&amp#27;[0m &amp#27;[36m9&amp#27;[0m | &amp#27;[36m3&amp#27;[0m &amp#27;[36m5&amp#27;[0m 6 | 
+-------+-------+-------+
| &amp#27;[36m6&amp#27;[0m &amp#27;[36m2&amp#27;[0m &amp#27;[36m1&amp#27;[0m | . &amp#27;[36m9&amp#27;[0m . | &amp#27;[36m5&amp#27;[0m &amp#27;[36m7&amp#27;[0m &amp#27;[36m8&amp#27;[0m | 
| . . . | . &amp#27;[36m6&amp#27;[0m &amp#27;[36m1&amp#27;[0m | &amp#27;[36m9&amp#27;[0m &amp#27;[36m4&amp#27;[0m &amp#27;[36m3&amp#27;[0m | 
| &amp#27;[36m9&amp#27;[0m &amp#27;[36m3&amp#27;[0m &amp#27;[36m4&amp#27;[0m | &amp#27;[36m5&amp#27;[0m &amp#27;[36m7&amp#27;[0m &amp#27;[36m8&amp#27;[0m | &amp#27;[36m2&amp#27;[0m &amp#27;[36m6&amp#27;[0m . | 
+-------+-------+-------+
&amp#27;[H&amp#27;[2J=== Sudoku Solver (Branch and Bound) ===
Passo: 3
Tentando colocar 4 em (6,5)

+-------+-------+-------+
| . . . | . &amp#27;[36m8&amp#27;[0m &amp#27;[36m3&amp#27;[0m | &amp#27;[36m6&amp#27;[0m . . | 
| &amp#27;[36m3&amp#27;[0m &amp#27;[36m6&amp#27;[0m . | . . . | . . . | 
| . . &amp#27;[36m9&amp#27;[0m | &amp#27;[36m6&amp#27;[0m . &amp#27;[36m2&amp#27;[0m | . &amp#27;[36m3&amp#27;[0m &amp#27;[36m7&amp#27;[0m | 
+-------+-------+-------+
| &amp#27;[36m8&amp#27;[0m &amp#27;[36m9&amp#27;[0m &amp#27;[36m6&amp#27;[0m | &amp#27;[36m7&amp#27;[0m &amp#27;[36m3&amp#27;[0m &amp#27;[36m5&amp#27;[0m | &amp#27;[36m4&amp#27;[0m &amp#27;[36m1&amp#27;[0m &amp#27;[36m2&amp#27;[0m | 
| &amp#27;[36m2&amp#27;[0m &amp#27;[36m5&amp#27;[0m &amp#27;[36m3&amp#27;[0m | &amp#27;[36m1&amp#27;[0m &amp#27;[36m4&amp#27;[0m &amp#27;[36m6&amp#27;[0m | &amp#27;[36m7&amp#27;[0m &amp#27;[36m8&amp#27;[0m &amp#27;[36m9&amp#27;[0m | 
| . . 7 | &amp#27;[36m8&amp#27;[0m &amp#27;[36m2&amp#27;[0m &amp#27;[36m9&amp#27;[0m | &amp#27;[36m3&amp#27;[0m &amp#27;[36m5&amp#27;[0m 6 | 
+-------+-------+-------+
| &amp#27;[36m6&amp#27;[0m &amp#27;[36m2&amp#27;[0m &amp#27;[36m1&amp#27;[0m | . &amp#27;[36m9&amp#27;[0m 4 | &amp#27;[36m5&amp#27;[0m &amp#27;[36m7&amp#27;[0m &amp#27;[36m8&amp#27;[0m | 
| . . . | . &amp#27;[36m6&amp#27;[0m &amp#27;[36m1&amp#27;[0m | &amp#27;[36m9&amp#27;[0m &amp#27;[36m4&amp#27;[0m &amp#27;[36m3&amp#27;[0m | 
| &amp#27;[36m9&amp#27;[0m &amp#27;[36m3&amp#27;[0m &amp#27;[36m4&amp#27;[0m | &amp#27;[36m5&amp#27;[0m &amp#27;[36m7&amp#27;[0m &amp#27;[36m8&amp#27;[0m | &amp#27;[36m2&amp#27;[0m &amp#27;[36m6&amp#27;[0m . | 
+-------+-------+-------+
&amp#27;[H&amp#27;[2J=== Sudoku Solver (Branch and Bound) ===
Passo: 4
Tentando colocar 7 em (1,5)

+-------+-------+-------+
| . . . | . &amp#27;[36m8&amp#27;[0m &amp#27;[36m3&amp#27;[0m | &amp#27;[36m6&amp#27;[0m . . | 
| &amp#27;[36m3&amp#27;[0m &amp#27;[36m6&amp#27;[0m . | . . 7 | . . . | 
| . . &amp#27;[36m9&amp#27;[0m | &amp#27;[36m6&amp#27;[0m . &amp#27;[36m2&amp#27;[0m | . &amp#27;[36m3&amp#27;[0m &amp#27;[36m7&amp#27;[0m | 
+-------+-------+-------+
| &amp#27;[36m8&amp#27;[0m &amp#27;[36m9&amp#27;[0m &amp#27;[36m6&amp#27;[0m | &amp#27;[36m7&amp#27;[0m &amp#27;[36m3&amp#27;[0m &amp#27;[36m5&amp#27;[0m | &amp#27;[36m4&amp#27;[0m &amp#27;[36m1&amp#27;[0m &amp#27;[36m2&amp#27;[0m | 
| &amp#27;[36m2&amp#27;[0m &amp#27;[36m5&amp#27;[0m &amp#27;[36m3&amp#27;[0m | &amp#27;[36m1&amp#27;[0m &amp#27;[36m4&amp#27;[0m &amp#27;[36m6&amp#27;[0m | &amp#27;[36m7&amp#27;[0m &amp#27;[36m8&amp#27;[0m &amp#27;[36m9&amp#27;[0m | 
| . . 7 | &amp#27;[36m8&amp#27;[0m &amp#27;[36m2&amp#27;[0m &amp#27;[36m9&amp#27;[0m | &amp#27;[36m3&amp#27;[0m &amp#27;[36m5&amp#27;[0m 6 | 
+-------+-------+-------+
| &amp#27;[36m6&amp#27;[0m &amp#27;[36m2&amp#27;[0m &amp#27;[36m1&amp#27;[0m | . &amp#27;[36m9&amp#27;[0m 4 | &amp#27;[36m5&amp#27;[0m &amp#27;[36m7&amp#27;[0m &amp#27;[36m8&amp#27;[0m | 
| . . . | . &amp#27;[36m6&amp#27;[0m &amp#27;[36m1&amp#27;[0m | &amp#27;[36m9&amp#27;[0m &amp#27;[36m4&amp#27;[0m &amp#27;[36m3&amp#27;[0m | 
| &amp#27;[36m9&amp#27;[0m &amp#27;[36m3&amp#27;[0m &amp#27;[36m4&amp#27;[0m | &amp#27;[36m5&amp#27;[0m &amp#27;[36m7&amp#27;[0m &amp#27;[36m8&amp#27;[0m | &amp#27;[36m2&amp#27;[0m &amp#27;[36m6&amp#27;[0m . | 
+-------+-------+-------+
&amp#27;[H&amp#27;[2J=== Sudoku Solver (Branch and Bound) ===
Passo: 5
Tentando colocar 3 em (6,3)

+-------+-------+-------+
| . . . | . &amp#27;[36m8&amp#27;[0m &amp#27;[36m3&amp#27;[0m | &amp#27;[36m6&amp#27;[0m . . | 
| &amp#27;[36m3&amp#27;[0m &amp#27;[36m6&amp#27;[0m . | . . 7 | . . . | 
| . . &amp#27;[36m9&amp#27;[0m | &amp#27;[36m6&amp#27;[0m . &amp#27;[36m2&amp#27;[0m | . &amp#27;[36m3&amp#27;[0m &amp#27;[36m7&amp#27;[0m | 
+-------+-------+-------+
| &amp#27;[36m8&amp#27;[0m &amp#27;[36m9&amp#27;[0m &amp#27;[36m6&amp#27;[0m | &amp#27;[36m7&amp#27;[0m &amp#27;[36m3&amp#27;[0m &amp#27;[36m5&amp#27;[0m | &amp#27;[36m4&amp#27;[0m &amp#27;[36m1&amp#27;[0m &amp#27;[36m2&amp#27;[0m | 
| &amp#27;[36m2&amp#27;[0m &amp#27;[36m5&amp#27;[0m &amp#27;[36m3&amp#27;[0m | &amp#27;[36m1&amp#27;[0m &amp#27;[36m4&amp#27;[0m &amp#27;[36m6&amp#27;[0m | &amp#27;[36m7&amp#27;[0m &amp#27;[36m8&amp#27;[0m &amp#27;[36m9&amp#27;[0m | 
| . . 7 | &amp#27;[36m8&amp#27;[0m &amp#27;[36m2&amp#27;[0m &amp#27;[36m9&amp#27;[0m | &amp#27;[36m3&amp#27;[0m &amp#27;[36m5&amp#27;[0m 6 | 
+-------+-------+-------+
| &amp#27;[36m6&amp#27;[0m &amp#27;[36m2&amp#27;[0m &amp#27;[36m1&amp#27;[0m | 3 &amp#27;[36m9&amp#27;[0m 4 | &amp#27;[36m5&amp#27;[0m &amp#27;[36m7&amp#27;[0m &amp#27;[36m8&amp#27;[0m | 
| . . . | . &amp#27;[36m6&amp#27;[0m &amp#27;[36m1&amp#27;[0m | &amp#27;[36m9&amp#27;[0m &amp#27;[36m4&amp#27;[0m &amp#27;[36m3&amp#27;[0m | 
| &amp#27;[36m9&amp#27;[0m &amp#27;[36m3&amp#27;[0m &amp#27;[36m4&amp#27;[0m | &amp#27;[36m5&amp#27;[0m &amp#27;[36m7&amp#27;[0m &amp#27;[36m8&amp#27;[0m | &amp#27;[36m2&amp#27;[0m &amp#27;[36m6&amp#27;[0m . | 
+-------+-------+-------+
&amp#27;[H&amp#27;[2J=== Sudoku Solver (Branch and Bound) ===
Passo: 6
Tentando colocar 2 em (7,3)

+-------+-------+-------+
| . . . | . &amp#27;[36m8&amp#27;[0m &amp#27;[36m3&amp#27;[0m | &amp#27;[36m6&amp#27;[0m . . | 
| &amp#27;[36m3&amp#27;[0m &amp#27;[36m6&amp#27;[0m . | . . 7 | . . . | 
| . . &amp#27;[36m9&amp#27;[0m | &amp#27;[36m6&amp#27;[0m . &amp#27;[36m2&amp#27;[0m | . &amp#27;[36m3&amp#27;[0m &amp#27;[36m7&amp#27;[0m | 
+-------+-------+-------+
| &amp#27;[36m8&amp#27;[0m &amp#27;[36m9&amp#27;[0m &amp#27;[36m6&amp#27;[0m | &amp#27;[36m7&amp#27;[0m &amp#27;[36m3&amp#27;[0m &amp#27;[36m5&amp#27;[0m | &amp#27;[36m4&amp#27;[0m &amp#27;[36m1&amp#27;[0m &amp#27;[36m2&amp#27;[0m | 
| &amp#27;[36m2&amp#27;[0m &amp#27;[36m5&amp#27;[0m &amp#27;[36m3&amp#27;[0m | &amp#27;[36m1&amp#27;[0m &amp#27;[36m4&amp#27;[0m &amp#27;[36m6&amp#27;[0m | &amp#27;[36m7&amp#27;[0m &amp#27;[36m8&amp#27;[0m &amp#27;[36m9&amp#27;[0m | 
| . . 7 | &amp#27;[36m8&amp#27;[0m &amp#27;[36m2&amp#27;[0m &amp#27;[36m9&amp#27;[0m | &amp#27;[36m3&amp#27;[0m &amp#27;[36m5&amp#27;[0m 6 | 
+-------+-------+-------+
| &amp#27;[36m6&amp#27;[0m &amp#27;[36m2&amp#27;[0m &amp#27;[36m1&amp#27;[0m | 3 &amp#27;[36m9&amp#27;[0m 4 | &amp#27;[36m5&amp#27;[0m &amp#27;[36m7&amp#27;[0m &amp#27;[36m8&amp#27;[0m | 
| . . . | 2 &amp#27;[36m6&amp#27;[0m &amp#27;[36m1&amp#27;[0m | &amp#27;[36m9&amp#27;[0m &amp#27;[36m4&amp#27;[0m &amp#27;[36m3&amp#27;[0m | 
| &amp#27;[36m9&amp#27;[0m &amp#27;[36m3&amp#27;[0m &amp#27;[36m4&amp#27;[0m | &amp#27;[36m5&amp#27;[0m &amp#27;[36m7&amp#27;[0m &amp#27;[36m8&amp#27;[0m | &amp#27;[36m2&amp#27;[0m &amp#27;[36m6&amp#27;[0m . | 
+-------+-------+-------+
&amp#27;[H&amp#27;[2J=== Sudoku Solver (Branch and Bound) ===
Passo: 7
Tentando colocar 1 em (8,8)

+-------+-------+-------+
| . . . | . &amp#27;[36m8&amp#27;[0m &amp#27;[36m3&amp#27;[0m | &amp#27;[36m6&amp#27;[0m . . | 
| &amp#27;[36m3&amp#27;[0m &amp#27;[36m6&amp#27;[0m . | . . 7 | . . . | 
| . . &amp#27;[36m9&amp#27;[0m | &amp#27;[36m6&amp#27;[0m . &amp#27;[36m2&amp#27;[0m | . &amp#27;[36m3&amp#27;[0m &amp#27;[36m7&amp#27;[0m | 
+-------+-------+-------+
| &amp#27;[36m8&amp#27;[0m &amp#27;[36m9&amp#27;[0m &amp#27;[36m6&amp#27;[0m | &amp#27;[36m7&amp#27;[0m &amp#27;[36m3&amp#27;[0m &amp#27;[36m5&amp#27;[0m | &amp#27;[36m4&amp#27;[0m &amp#27;[36m1&amp#27;[0m &amp#27;[36m2&amp#27;[0m | 
| &amp#27;[36m2&amp#27;[0m &amp#27;[36m5&amp#27;[0m &amp#27;[36m3&amp#27;[0m | &amp#27;[36m1&amp#27;[0m &amp#27;[36m4&amp#27;[0m &amp#27;[36m6&amp#27;[0m | &amp#27;[36m7&amp#27;[0m &amp#27;[36m8&amp#27;[0m &amp#27;[36m9&amp#27;[0m | 
| . . 7 | &amp#27;[36m8&amp#27;[0m &amp#27;[36m2&amp#27;[0m &amp#27;[36m9&amp#27;[0m | &amp#27;[36m3&amp#27;[0m &amp#27;[36m5&amp#27;[0m 6 | 
+-------+-------+-------+
| &amp#27;[36m6&amp#27;[0m &amp#27;[36m2&amp#27;[0m &amp#27;[36m1&amp#27;[0m | 3 &amp#27;[36m9&amp#27;[0m 4 | &amp#27;[36m5&amp#27;[0m &amp#27;[36m7&amp#27;[0m &amp#27;[36m8&amp#27;[0m | 
| . . . | 2 &amp#27;[36m6&amp#27;[0m &amp#27;[36m1&amp#27;[0m | &amp#27;[36m9&amp#27;[0m &amp#27;[36m4&amp#27;[0m &amp#27;[36m3&amp#27;[0m | 
| &amp#27;[36m9&amp#27;[0m &amp#27;[36m3&amp#27;[0m &amp#27;[36m4&amp#27;[0m | &amp#27;[36m5&amp#27;[0m &amp#27;[36m7&amp#27;[0m &amp#27;[36m8&amp#27;[0m | &amp#27;[36m2&amp#27;[0m &amp#27;[36m6&amp#27;[0m 1 | 
+-------+-------+-------+
&amp#27;[H&amp#27;[2J=== Sudoku Solver (Branch and Bound) ===
Passo: 8
Tentando colocar 2 em (0,2)

+-------+-------+-------+
| . . 2 | . &amp#27;[36m8&amp#27;[0m &amp#27;[36m3&amp#27;[0m | &amp#27;[36m6&amp#27;[0m . . | 
| &amp#27;[36m3&amp#27;[0m &amp#27;[36m6&amp#27;[0m . | . . 7 | . . . | 
| . . &amp#27;[36m9&amp#27;[0m | &amp#27;[36m6&amp#27;[0m . &amp#27;[36m2&amp#27;[0m | . &amp#27;[36m3&amp#27;[0m &amp#27;[36m7&amp#27;[0m | 
+-------+-------+-------+
| &amp#27;[36m8&amp#27;[0m &amp#27;[36m9&amp#27;[0m &amp#27;[36m6&amp#27;[0m | &amp#27;[36m7&amp#27;[0m &amp#27;[36m3&amp#27;[0m &amp#27;[36m5&amp#27;[0m | &amp#27;[36m4&amp#27;[0m &amp#27;[36m1&amp#27;[0m &amp#27;[36m2&amp#27;[0m | 
| &amp#27;[36m2&amp#27;[0m &amp#27;[36m5&amp#27;[0m &amp#27;[36m3&amp#27;[0m | &amp#27;[36m1&amp#27;[0m &amp#27;[36m4&amp#27;[0m &amp#27;[36m6&amp#27;[0m | &amp#27;[36m7&amp#27;[0m &amp#27;[36m8&amp#27;[0m &amp#27;[36m9&amp#27;[0m | 
| . . 7 | &amp#27;[36m8&amp#27;[0m &amp#27;[36m2&amp#27;[0m &amp#27;[36m9&amp#27;[0m | &amp#27;[36m3&amp#27;[0m &amp#27;[36m5&amp#27;[0m 6 | 
+-------+-------+-------+
| &amp#27;[36m6&amp#27;[0m &amp#27;[36m2&amp#27;[0m &amp#27;[36m1&amp#27;[0m | 3 &amp#27;[36m9&amp#27;[0m 4 | &amp#27;[36m5&amp#27;[0m &amp#27;[36m7&amp#27;[0m &amp#27;[36m8&amp#27;[0m | 
| . . . | 2 &amp#27;[36m6&amp#27;[0m &amp#27;[36m1&amp#27;[0m | &amp#27;[36m9&amp#27;[0m &amp#27;[36m4&amp#27;[0m &amp#27;[36m3&amp#27;[0m | 
| &amp#27;[36m9&amp#27;[0m &amp#27;[36m3&amp#27;[0m &amp#27;[36m4&amp#27;[0m | &amp#27;[36m5&amp#27;[0m &amp#27;[36m7&amp#27;[0m &amp#27;[36m8&amp#27;[0m | &amp#27;[36m2&amp#27;[0m &amp#27;[36m6&amp#27;[0m 1 | 
+-------+-------+-------+
&amp#27;[H&amp#27;[2J=== Sudoku Solver (Branch and Bound) ===
Passo: 9
Tentando colocar 9 em (0,7)

+-------+-------+-------+
| . . 2 | . &amp#27;[36m8&amp#27;[0m &amp#27;[36m3&amp#27;[0m | &amp#27;[36m6&amp#27;[0m 9 . | 
| &amp#27;[36m3&amp#27;[0m &amp#27;[36m6&amp#27;[0m . | . . 7 | . . . | 
| . . &amp#27;[36m9&amp#27;[0m | &amp#27;[36m6&amp#27;[0m . &amp#27;[36m2&amp#27;[0m | . &amp#27;[36m3&amp#27;[0m &amp#27;[36m7&amp#27;[0m | 
+-------+-------+-------+
| &amp#27;[36m8&amp#27;[0m &amp#27;[36m9&amp#27;[0m &amp#27;[36m6&amp#27;[0m | &amp#27;[36m7&amp#27;[0m &amp#27;[36m3&amp#27;[0m &amp#27;[36m5&amp#27;[0m | &amp#27;[36m4&amp#27;[0m &amp#27;[36m1&amp#27;[0m &amp#27;[36m2&amp#27;[0m | 
| &amp#27;[36m2&amp#27;[0m &amp#27;[36m5&amp#27;[0m &amp#27;[36m3&amp#27;[0m | &amp#27;[36m1&amp#27;[0m &amp#27;[36m4&amp#27;[0m &amp#27;[36m6&amp#27;[0m | &amp#27;[36m7&amp#27;[0m &amp#27;[36m8&amp#27;[0m &amp#27;[36m9&amp#27;[0m | 
| . . 7 | &amp#27;[36m8&amp#27;[0m &amp#27;[36m2&amp#27;[0m &amp#27;[36m9&amp#27;[0m | &amp#27;[36m3&amp#27;[0m &amp#27;[36m5&amp#27;[0m 6 | 
+-------+-------+-------+
| &amp#27;[36m6&amp#27;[0m &amp#27;[36m2&amp#27;[0m &amp#27;[36m1&amp#27;[0m | 3 &amp#27;[36m9&amp#27;[0m 4 | &amp#27;[36m5&amp#27;[0m &amp#27;[36m7&amp#27;[0m &amp#27;[36m8&amp#27;[0m | 
| . . . | 2 &amp#27;[36m6&amp#27;[0m &amp#27;[36m1&amp#27;[0m | &amp#27;[36m9&amp#27;[0m &amp#27;[36m4&amp#27;[0m &amp#27;[36m3&amp#27;[0m | 
| &amp#27;[36m9&amp#27;[0m &amp#27;[36m3&amp#27;[0m &amp#27;[36m4&amp#27;[0m | &amp#27;[36m5&amp#27;[0m &amp#27;[36m7&amp#27;[0m &amp#27;[36m8&amp#27;[0m | &amp#27;[36m2&amp#27;[0m &amp#27;[36m6&amp#27;[0m 1 | 
+-------+-------+-------+
&amp#27;[H&amp#27;[2J=== Sudoku Solver (Branch and Bound) ===
Passo: 10
Tentando colocar 4 em (0,3)

+-------+-------+-------+
| . . 2 | 4 &amp#27;[36m8&amp#27;[0m &amp#27;[36m3&amp#27;[0m | &amp#27;[36m6&amp#27;[0m 9 . | 
| &amp#27;[36m3&amp#27;[0m &amp#27;[36m6&amp#27;[0m . | . . 7 | . . . | 
| . . &amp#27;[36m9&amp#27;[0m | &amp#27;[36m6&amp#27;[0m . &amp#27;[36m2&amp#27;[0m | . &amp#27;[36m3&amp#27;[0m &amp#27;[36m7&amp#27;[0m | 
+-------+-------+-------+
| &amp#27;[36m8&amp#27;[0m &amp#27;[36m9&amp#27;[0m &amp#27;[36m6&amp#27;[0m | &amp#27;[36m7&amp#27;[0m &amp#27;[36m3&amp#27;[0m &amp#27;[36m5&amp#27;[0m | &amp#27;[36m4&amp#27;[0m &amp#27;[36m1&amp#27;[0m &amp#27;[36m2&amp#27;[0m | 
| &amp#27;[36m2&amp#27;[0m &amp#27;[36m5&amp#27;[0m &amp#27;[36m3&amp#27;[0m | &amp#27;[36m1&amp#27;[0m &amp#27;[36m4&amp#27;[0m &amp#27;[36m6&amp#27;[0m | &amp#27;[36m7&amp#27;[0m &amp#27;[36m8&amp#27;[0m &amp#27;[36m9&amp#27;[0m | 
| . . 7 | &amp#27;[36m8&amp#27;[0m &amp#27;[36m2&amp#27;[0m &amp#27;[36m9&amp#27;[0m | &amp#27;[36m3&amp#27;[0m &amp#27;[36m5&amp#27;[0m 6 | 
+-------+-------+-------+
| &amp#27;[36m6&amp#27;[0m &amp#27;[36m2&amp#27;[0m &amp#27;[36m1&amp#27;[0m | 3 &amp#27;[36m9&amp#27;[0m 4 | &amp#27;[36m5&amp#27;[0m &amp#27;[36m7&amp#27;[0m &amp#27;[36m8&amp#27;[0m | 
| . . . | 2 &amp#27;[36m6&amp#27;[0m &amp#27;[36m1&amp#27;[0m | &amp#27;[36m9&amp#27;[0m &amp#27;[36m4&amp#27;[0m &amp#27;[36m3&amp#27;[0m | 
| &amp#27;[36m9&amp#27;[0m &amp#27;[36m3&amp#27;[0m &amp#27;[36m4&amp#27;[0m | &amp#27;[36m5&amp#27;[0m &amp#27;[36m7&amp#27;[0m &amp#27;[36m8&amp#27;[0m | &amp#27;[36m2&amp#27;[0m &amp#27;[36m6&amp#27;[0m 1 | 
+-------+-------+-------+
&amp#27;[H&amp#27;[2J=== Sudoku Solver (Branch and Bound) ===
Passo: 11
Tentando colocar 5 em (0,8)

+-------+-------+-------+
| . . 2 | 4 &amp#27;[36m8&amp#27;[0m &amp#27;[36m3&amp#27;[0m | &amp#27;[36m6&amp#27;[0m 9 5 | 
| &amp#27;[36m3&amp#27;[0m &amp#27;[36m6&amp#27;[0m . | . . 7 | . . . | 
| . . &amp#27;[36m9&amp#27;[0m | &amp#27;[36m6&amp#27;[0m . &amp#27;[36m2&amp#27;[0m | . &amp#27;[36m3&amp#27;[0m &amp#27;[36m7&amp#27;[0m | 
+-------+-------+-------+
| &amp#27;[36m8&amp#27;[0m &amp#27;[36m9&amp#27;[0m &amp#27;[36m6&amp#27;[0m | &amp#27;[36m7&amp#27;[0m &amp#27;[36m3&amp#27;[0m &amp#27;[36m5&amp#27;[0m | &amp#27;[36m4&amp#27;[0m &amp#27;[36m1&amp#27;[0m &amp#27;[36m2&amp#27;[0m | 
| &amp#27;[36m2&amp#27;[0m &amp#27;[36m5&amp#27;[0m &amp#27;[36m3&amp#27;[0m | &amp#27;[36m1&amp#27;[0m &amp#27;[36m4&amp#27;[0m &amp#27;[36m6&amp#27;[0m | &amp#27;[36m7&amp#27;[0m &amp#27;[36m8&amp#27;[0m &amp#27;[36m9&amp#27;[0m | 
| . . 7 | &amp#27;[36m8&amp#27;[0m &amp#27;[36m2&amp#27;[0m &amp#27;[36m9&amp#27;[0m | &amp#27;[36m3&amp#27;[0m &amp#27;[36m5&amp#27;[0m 6 | 
+-------+-------+-------+
| &amp#27;[36m6&amp#27;[0m &amp#27;[36m2&amp#27;[0m &amp#27;[36m1&amp#27;[0m | 3 &amp#27;[36m9&amp#27;[0m 4 | &amp#27;[36m5&amp#27;[0m &amp#27;[36m7&amp#27;[0m &amp#27;[36m8&amp#27;[0m | 
| . . . | 2 &amp#27;[36m6&amp#27;[0m &amp#27;[36m1&amp#27;[0m | &amp#27;[36m9&amp#27;[0m &amp#27;[36m4&amp#27;[0m &amp#27;[36m3&amp#27;[0m | 
| &amp#27;[36m9&amp#27;[0m &amp#27;[36m3&amp#27;[0m &amp#27;[36m4&amp#27;[0m | &amp#27;[36m5&amp#27;[0m &amp#27;[36m7&amp#27;[0m &amp#27;[36m8&amp#27;[0m | &amp#27;[36m2&amp#27;[0m &amp#27;[36m6&amp#27;[0m 1 | 
+-------+-------+-------+
&amp#27;[H&amp#27;[2J=== Sudoku Solver (Branch and Bound) ===
Passo: 12
Tentando colocar 9 em (1,3)

+-------+-------+-------+
| . . 2 | 4 &amp#27;[36m8&amp#27;[0m &amp#27;[36m3&amp#27;[0m | &amp#27;[36m6&amp#27;[0m 9 5 | 
| &amp#27;[36m3&amp#27;[0m &amp#27;[36m6&amp#27;[0m . | 9 . 7 | . . . | 
| . . &amp#27;[36m9&amp#27;[0m | &amp#27;[36m6&amp#27;[0m . &amp#27;[36m2&amp#27;[0m | . &amp#27;[36m3&amp#27;[0m &amp#27;[36m7&amp#27;[0m | 
+-------+-------+-------+
| &amp#27;[36m8&amp#27;[0m &amp#27;[36m9&amp#27;[0m &amp#27;[36m6&amp#27;[0m | &amp#27;[36m7&amp#27;[0m &amp#27;[36m3&amp#27;[0m &amp#27;[36m5&amp#27;[0m | &amp#27;[36m4&amp#27;[0m &amp#27;[36m1&amp#27;[0m &amp#27;[36m2&amp#27;[0m | 
| &amp#27;[36m2&amp#27;[0m &amp#27;[36m5&amp#27;[0m &amp#27;[36m3&amp#27;[0m | &amp#27;[36m1&amp#27;[0m &amp#27;[36m4&amp#27;[0m &amp#27;[36m6&amp#27;[0m | &amp#27;[36m7&amp#27;[0m &amp#27;[36m8&amp#27;[0m &amp#27;[36m9&amp#27;[0m | 
| . . 7 | &amp#27;[36m8&amp#27;[0m &amp#27;[36m2&amp#27;[0m &amp#27;[36m9&amp#27;[0m | &amp#27;[36m3&amp#27;[0m &amp#27;[36m5&amp#27;[0m 6 | 
+-------+-------+-------+
| &amp#27;[36m6&amp#27;[0m &amp#27;[36m2&amp#27;[0m &amp#27;[36m1&amp#27;[0m | 3 &amp#27;[36m9&amp#27;[0m 4 | &amp#27;[36m5&amp#27;[0m &amp#27;[36m7&amp#27;[0m &amp#27;[36m8&amp#27;[0m | 
| . . . | 2 &amp#27;[36m6&amp#27;[0m &amp#27;[36m1&amp#27;[0m | &amp#27;[36m9&amp#27;[0m &amp#27;[36m4&amp#27;[0m &amp#27;[36m3&amp#27;[0m | 
| &amp#27;[36m9&amp#27;[0m &amp#27;[36m3&amp#27;[0m &amp#27;[36m4&amp#27;[0m | &amp#27;[36m5&amp#27;[0m &amp#27;[36m7&amp#27;[0m &amp#27;[36m8&amp#27;[0m | &amp#27;[36m2&amp#27;[0m &amp#27;[36m6&amp#27;[0m 1 | 
+-------+-------+-------+
&amp#27;[H&amp#27;[2J=== Sudoku Solver (Branch and Bound) ===
Passo: 13
Tentando colocar 2 em (1,7)

+-------+-------+-------+
| . . 2 | 4 &amp#27;[36m8&amp#27;[0m &amp#27;[36m3&amp#27;[0m | &amp#27;[36m6&amp#27;[0m 9 5 | 
| &amp#27;[36m3&amp#27;[0m &amp#27;[36m6&amp#27;[0m . | 9 . 7 | . 2 . | 
| . . &amp#27;[36m9&amp#27;[0m | &amp#27;[36m6&amp#27;[0m . &amp#27;[36m2&amp#27;[0m | . &amp#27;[36m3&amp#27;[0m &amp#27;[36m7&amp#27;[0m | 
+-------+-------+-------+
| &amp#27;[36m8&amp#27;[0m &amp#27;[36m9&amp#27;[0m &amp#27;[36m6&amp#27;[0m | &amp#27;[36m7&amp#27;[0m &amp#27;[36m3&amp#27;[0m &amp#27;[36m5&amp#27;[0m | &amp#27;[36m4&amp#27;[0m &amp#27;[36m1&amp#27;[0m &amp#27;[36m2&amp#27;[0m | 
| &amp#27;[36m2&amp#27;[0m &amp#27;[36m5&amp#27;[0m &amp#27;[36m3&amp#27;[0m | &amp#27;[36m1&amp#27;[0m &amp#27;[36m4&amp#27;[0m &amp#27;[36m6&amp#27;[0m | &amp#27;[36m7&amp#27;[0m &amp#27;[36m8&amp#27;[0m &amp#27;[36m9&amp#27;[0m | 
| . . 7 | &amp#27;[36m8&amp#27;[0m &amp#27;[36m2&amp#27;[0m &amp#27;[36m9&amp#27;[0m | &amp#27;[36m3&amp#27;[0m &amp#27;[36m5&amp#27;[0m 6 | 
+-------+-------+-------+
| &amp#27;[36m6&amp#27;[0m &amp#27;[36m2&amp#27;[0m &amp#27;[36m1&amp#27;[0m | 3 &amp#27;[36m9&amp#27;[0m 4 | &amp#27;[36m5&amp#27;[0m &amp#27;[36m7&amp#27;[0m &amp#27;[36m8&amp#27;[0m | 
| . . . | 2 &amp#27;[36m6&amp#27;[0m &amp#27;[36m1&amp#27;[0m | &amp#27;[36m9&amp#27;[0m &amp#27;[36m4&amp#27;[0m &amp#27;[36m3&amp#27;[0m | 
| &amp#27;[36m9&amp#27;[0m &amp#27;[36m3&amp#27;[0m &amp#27;[36m4&amp#27;[0m | &amp#27;[36m5&amp#27;[0m &amp#27;[36m7&amp#27;[0m &amp#27;[36m8&amp#27;[0m | &amp#27;[36m2&amp#27;[0m &amp#27;[36m6&amp#27;[0m 1 | 
+-------+-------+-------+
&amp#27;[H&amp#27;[2J=== Sudoku Solver (Branch and Bound) ===
Passo: 14
Tentando colocar 4 em (1,8)

+-------+-------+-------+
| . . 2 | 4 &amp#27;[36m8&amp#27;[0m &amp#27;[36m3&amp#27;[0m | &amp#27;[36m6&amp#27;[0m 9 5 | 
| &amp#27;[36m3&amp#27;[0m &amp#27;[36m6&amp#27;[0m . | 9 . 7 | . 2 4 | 
| . . &amp#27;[36m9&amp#27;[0m | &amp#27;[36m6&amp#27;[0m . &amp#27;[36m2&amp#27;[0m | . &amp#27;[36m3&amp#27;[0m &amp#27;[36m7&amp#27;[0m | 
+-------+-------+-------+
| &amp#27;[36m8&amp#27;[0m &amp#27;[36m9&amp#27;[0m &amp#27;[36m6&amp#27;[0m | &amp#27;[36m7&amp#27;[0m &amp#27;[36m3&amp#27;[0m &amp#27;[36m5&amp#27;[0m | &amp#27;[36m4&amp#27;[0m &amp#27;[36m1&amp#27;[0m &amp#27;[36m2&amp#27;[0m | 
| &amp#27;[36m2&amp#27;[0m &amp#27;[36m5&amp#27;[0m &amp#27;[36m3&amp#27;[0m | &amp#27;[36m1&amp#27;[0m &amp#27;[36m4&amp#27;[0m &amp#27;[36m6&amp#27;[0m | &amp#27;[36m7&amp#27;[0m &amp#27;[36m8&amp#27;[0m &amp#27;[36m9&amp#27;[0m | 
| . . 7 | &amp#27;[36m8&amp#27;[0m &amp#27;[36m2&amp#27;[0m &amp#27;[36m9&amp#27;[0m | &amp#27;[36m3&amp#27;[0m &amp#27;[36m5&amp#27;[0m 6 | 
+-------+-------+-------+
| &amp#27;[36m6&amp#27;[0m &amp#27;[36m2&amp#27;[0m &amp#27;[36m1&amp#27;[0m | 3 &amp#27;[36m9&amp#27;[0m 4 | &amp#27;[36m5&amp#27;[0m &amp#27;[36m7&amp#27;[0m &amp#27;[36m8&amp#27;[0m | 
| . . . | 2 &amp#27;[36m6&amp#27;[0m &amp#27;[36m1&amp#27;[0m | &amp#27;[36m9&amp#27;[0m &amp#27;[36m4&amp#27;[0m &amp#27;[36m3&amp#27;[0m | 
| &amp#27;[36m9&amp#27;[0m &amp#27;[36m3&amp#27;[0m &amp#27;[36m4&amp#27;[0m | &amp#27;[36m5&amp#27;[0m &amp#27;[36m7&amp#27;[0m &amp#27;[36m8&amp#27;[0m | &amp#27;[36m2&amp#27;[0m &amp#27;[36m6&amp#27;[0m 1 | 
+-------+-------+-------+
&amp#27;[H&amp#27;[2J=== Sudoku Solver (Branch and Bound) ===
Passo: 15
Tentando colocar 1 em (0,0)

+-------+-------+-------+
| 1 . 2 | 4 &amp#27;[36m8&amp#27;[0m &amp#27;[36m3&amp#27;[0m | &amp#27;[36m6&amp#27;[0m 9 5 | 
| &amp#27;[36m3&amp#27;[0m &amp#27;[36m6&amp#27;[0m . | 9 . 7 | . 2 4 | 
| . . &amp#27;[36m9&amp#27;[0m | &amp#27;[36m6&amp#27;[0m . &amp#27;[36m2&amp#27;[0m | . &amp#27;[36m3&amp#27;[0m &amp#27;[36m7&amp#27;[0m | 
+-------+-------+-------+
| &amp#27;[36m8&amp#27;[0m &amp#27;[36m9&amp#27;[0m &amp#27;[36m6&amp#27;[0m | &amp#27;[36m7&amp#27;[0m &amp#27;[36m3&amp#27;[0m &amp#27;[36m5&amp#27;[0m | &amp#27;[36m4&amp#27;[0m &amp#27;[36m1&amp#27;[0m &amp#27;[36m2&amp#27;[0m | 
| &amp#27;[36m2&amp#27;[0m &amp#27;[36m5&amp#27;[0m &amp#27;[36m3&amp#27;[0m | &amp#27;[36m1&amp#27;[0m &amp#27;[36m4&amp#27;[0m &amp#27;[36m6&amp#27;[0m | &amp#27;[36m7&amp#27;[0m &amp#27;[36m8&amp#27;[0m &amp#27;[36m9&amp#27;[0m | 
| . . 7 | &amp#27;[36m8&amp#27;[0m &amp#27;[36m2&amp#27;[0m &amp#27;[36m9&amp#27;[0m | &amp#27;[36m3&amp#27;[0m &amp#27;[36m5&amp#27;[0m 6 | 
+-------+-------+-------+
| &amp#27;[36m6&amp#27;[0m &amp#27;[36m2&amp#27;[0m &amp#27;[36m1&amp#27;[0m | 3 &amp#27;[36m9&amp#27;[0m 4 | &amp#27;[36m5&amp#27;[0m &amp#27;[36m7&amp#27;[0m &amp#27;[36m8&amp#27;[0m | 
| . . . | 2 &amp#27;[36m6&amp#27;[0m &amp#27;[36m1&amp#27;[0m | &amp#27;[36m9&amp#27;[0m &amp#27;[36m4&amp#27;[0m &amp#27;[36m3&amp#27;[0m | 
| &amp#27;[36m9&amp#27;[0m &amp#27;[36m3&amp#27;[0m &amp#27;[36m4&amp#27;[0m | &amp#27;[36m5&amp#27;[0m &amp#27;[36m7&amp#27;[0m &amp#27;[36m8&amp#27;[0m | &amp#27;[36m2&amp#27;[0m &amp#27;[36m6&amp#27;[0m 1 | 
+-------+-------+-------+
&amp#27;[H&amp#27;[2J=== Sudoku Solver (Branch and Bound) ===
Passo: 16
Tentando colocar 7 em (0,1)

+-------+-------+-------+
| 1 7 2 | 4 &amp#27;[36m8&amp#27;[0m &amp#27;[36m3&amp#27;[0m | &amp#27;[36m6&amp#27;[0m 9 5 | 
| &amp#27;[36m3&amp#27;[0m &amp#27;[36m6&amp#27;[0m . | 9 . 7 | . 2 4 | 
| . . &amp#27;[36m9&amp#27;[0m | &amp#27;[36m6&amp#27;[0m . &amp#27;[36m2&amp#27;[0m | . &amp#27;[36m3&amp#27;[0m &amp#27;[36m7&amp#27;[0m | 
+-------+-------+-------+
| &amp#27;[36m8&amp#27;[0m &amp#27;[36m9&amp#27;[0m &amp#27;[36m6&amp#27;[0m | &amp#27;[36m7&amp#27;[0m &amp#27;[36m3&amp#27;[0m &amp#27;[36m5&amp#27;[0m | &amp#27;[36m4&amp#27;[0m &amp#27;[36m1&amp#27;[0m &amp#27;[36m2&amp#27;[0m | 
| &amp#27;[36m2&amp#27;[0m &amp#27;[36m5&amp#27;[0m &amp#27;[36m3&amp#27;[0m | &amp#27;[36m1&amp#27;[0m &amp#27;[36m4&amp#27;[0m &amp#27;[36m6&amp#27;[0m | &amp#27;[36m7&amp#27;[0m &amp#27;[36m8&amp#27;[0m &amp#27;[36m9&amp#27;[0m | 
| . . 7 | &amp#27;[36m8&amp#27;[0m &amp#27;[36m2&amp#27;[0m &amp#27;[36m9&amp#27;[0m | &amp#27;[36m3&amp#27;[0m &amp#27;[36m5&amp#27;[0m 6 | 
+-------+-------+-------+
| &amp#27;[36m6&amp#27;[0m &amp#27;[36m2&amp#27;[0m &amp#27;[36m1&amp#27;[0m | 3 &amp#27;[36m9&amp#27;[0m 4 | &amp#27;[36m5&amp#27;[0m &amp#27;[36m7&amp#27;[0m &amp#27;[36m8&amp#27;[0m | 
| . . . | 2 &amp#27;[36m6&amp#27;[0m &amp#27;[36m1&amp#27;[0m | &amp#27;[36m9&amp#27;[0m &amp#27;[36m4&amp#27;[0m &amp#27;[36m3&amp#27;[0m | 
| &amp#27;[36m9&amp#27;[0m &amp#27;[36m3&amp#27;[0m &amp#27;[36m4&amp#27;[0m | &amp#27;[36m5&amp#27;[0m &amp#27;[36m7&amp#27;[0m &amp#27;[36m8&amp#27;[0m | &amp#27;[36m2&amp#27;[0m &amp#27;[36m6&amp#27;[0m 1 | 
+-------+-------+-------+
&amp#27;[H&amp#27;[2J=== Sudoku Solver (Branch and Bound) ===
Passo: 17
Tentando colocar 4 em (5,0)

+-------+-------+-------+
| 1 7 2 | 4 &amp#27;[36m8&amp#27;[0m &amp#27;[36m3&amp#27;[0m | &amp#27;[36m6&amp#27;[0m 9 5 | 
| &amp#27;[36m3&amp#27;[0m &amp#27;[36m6&amp#27;[0m . | 9 . 7 | . 2 4 | 
| . . &amp#27;[36m9&amp#27;[0m | &amp#27;[36m6&amp#27;[0m . &amp#27;[36m2&amp#27;[0m | . &amp#27;[36m3&amp#27;[0m &amp#27;[36m7&amp#27;[0m | 
+-------+-------+-------+
| &amp#27;[36m8&amp#27;[0m &amp#27;[36m9&amp#27;[0m &amp#27;[36m6&amp#27;[0m | &amp#27;[36m7&amp#27;[0m &amp#27;[36m3&amp#27;[0m &amp#27;[36m5&amp#27;[0m | &amp#27;[36m4&amp#27;[0m &amp#27;[36m1&amp#27;[0m &amp#27;[36m2&amp#27;[0m | 
| &amp#27;[36m2&amp#27;[0m &amp#27;[36m5&amp#27;[0m &amp#27;[36m3&amp#27;[0m | &amp#27;[36m1&amp#27;[0m &amp#27;[36m4&amp#27;[0m &amp#27;[36m6&amp#27;[0m | &amp#27;[36m7&amp#27;[0m &amp#27;[36m8&amp#27;[0m &amp#27;[36m9&amp#27;[0m | 
| 4 . 7 | &amp#27;[36m8&amp#27;[0m &amp#27;[36m2&amp#27;[0m &amp#27;[36m9&amp#27;[0m | &amp#27;[36m3&amp#27;[0m &amp#27;[36m5&amp#27;[0m 6 | 
+-------+-------+-------+
| &amp#27;[36m6&amp#27;[0m &amp#27;[36m2&amp#27;[0m &amp#27;[36m1&amp#27;[0m | 3 &amp#27;[36m9&amp#27;[0m 4 | &amp#27;[36m5&amp#27;[0m &amp#27;[36m7&amp#27;[0m &amp#27;[36m8&amp#27;[0m | 
| . . . | 2 &amp#27;[36m6&amp#27;[0m &amp#27;[36m1&amp#27;[0m | &amp#27;[36m9&amp#27;[0m &amp#27;[36m4&amp#27;[0m &amp#27;[36m3&amp#27;[0m | 
| &amp#27;[36m9&amp#27;[0m &amp#27;[36m3&amp#27;[0m &amp#27;[36m4&amp#27;[0m | &amp#27;[36m5&amp#27;[0m &amp#27;[36m7&amp#27;[0m &amp#27;[36m8&amp#27;[0m | &amp#27;[36m2&amp#27;[0m &amp#27;[36m6&amp#27;[0m 1 | 
+-------+-------+-------+
&amp#27;[H&amp#27;[2J=== Sudoku Solver (Branch and Bound) ===
Passo: 18
Tentando colocar 5 em (2,0)

+-------+-------+-------+
| 1 7 2 | 4 &amp#27;[36m8&amp#27;[0m &amp#27;[36m3&amp#27;[0m | &amp#27;[36m6&amp#27;[0m 9 5 | 
| &amp#27;[36m3&amp#27;[0m &amp#27;[36m6&amp#27;[0m . | 9 . 7 | . 2 4 | 
| 5 . &amp#27;[36m9&amp#27;[0m | &amp#27;[36m6&amp#27;[0m . &amp#27;[36m2&amp#27;[0m | . &amp#27;[36m3&amp#27;[0m &amp#27;[36m7&amp#27;[0m | 
+-------+-------+-------+
| &amp#27;[36m8&amp#27;[0m &amp#27;[36m9&amp#27;[0m &amp#27;[36m6&amp#27;[0m | &amp#27;[36m7&amp#27;[0m &amp#27;[36m3&amp#27;[0m &amp#27;[36m5&amp#27;[0m | &amp#27;[36m4&amp#27;[0m &amp#27;[36m1&amp#27;[0m &amp#27;[36m2&amp#27;[0m | 
| &amp#27;[36m2&amp#27;[0m &amp#27;[36m5&amp#27;[0m &amp#27;[36m3&amp#27;[0m | &amp#27;[36m1&amp#27;[0m &amp#27;[36m4&amp#27;[0m &amp#27;[36m6&amp#27;[0m | &amp#27;[36m7&amp#27;[0m &amp#27;[36m8&amp#27;[0m &amp#27;[36m9&amp#27;[0m | 
| 4 . 7 | &amp#27;[36m8&amp#27;[0m &amp#27;[36m2&amp#27;[0m &amp#27;[36m9&amp#27;[0m | &amp#27;[36m3&amp#27;[0m &amp#27;[36m5&amp#27;[0m 6 | 
+-------+-------+-------+
| &amp#27;[36m6&amp#27;[0m &amp#27;[36m2&amp#27;[0m &amp#27;[36m1&amp#27;[0m | 3 &amp#27;[36m9&amp#27;[0m 4 | &amp#27;[36m5&amp#27;[0m &amp#27;[36m7&amp#27;[0m &amp#27;[36m8&amp#27;[0m | 
| . . . | 2 &amp#27;[36m6&amp#27;[0m &amp#27;[36m1&amp#27;[0m | &amp#27;[36m9&amp#27;[0m &amp#27;[36m4&amp#27;[0m &amp#27;[36m3&amp#27;[0m | 
| &amp#27;[36m9&amp#27;[0m &amp#27;[36m3&amp#27;[0m &amp#27;[36m4&amp#27;[0m | &amp#27;[36m5&amp#27;[0m &amp#27;[36m7&amp#27;[0m &amp#27;[36m8&amp#27;[0m | &amp#27;[36m2&amp#27;[0m &amp#27;[36m6&amp#27;[0m 1 | 
+-------+-------+-------+
&amp#27;[H&amp#27;[2J=== Sudoku Solver (Branch and Bound) ===
Passo: 19
Tentando colocar 8 em (1,2)

+-------+-------+-------+
| 1 7 2 | 4 &amp#27;[36m8&amp#27;[0m &amp#27;[36m3&amp#27;[0m | &amp#27;[36m6&amp#27;[0m 9 5 | 
| &amp#27;[36m3&amp#27;[0m &amp#27;[36m6&amp#27;[0m 8 | 9 . 7 | . 2 4 | 
| 5 . &amp#27;[36m9&amp#27;[0m | &amp#27;[36m6&amp#27;[0m . &amp#27;[36m2&amp#27;[0m | . &amp#27;[36m3&amp#27;[0m &amp#27;[36m7&amp#27;[0m | 
+-------+-------+-------+
| &amp#27;[36m8&amp#27;[0m &amp#27;[36m9&amp#27;[0m &amp#27;[36m6&amp#27;[0m | &amp#27;[36m7&amp#27;[0m &amp#27;[36m3&amp#27;[0m &amp#27;[36m5&amp#27;[0m | &amp#27;[36m4&amp#27;[0m &amp#27;[36m1&amp#27;[0m &amp#27;[36m2&amp#27;[0m | 
| &amp#27;[36m2&amp#27;[0m &amp#27;[36m5&amp#27;[0m &amp#27;[36m3&amp#27;[0m | &amp#27;[36m1&amp#27;[0m &amp#27;[36m4&amp#27;[0m &amp#27;[36m6&amp#27;[0m | &amp#27;[36m7&amp#27;[0m &amp#27;[36m8&amp#27;[0m &amp#27;[36m9&amp#27;[0m | 
| 4 . 7 | &amp#27;[36m8&amp#27;[0m &amp#27;[36m2&amp#27;[0m &amp#27;[36m9&amp#27;[0m | &amp#27;[36m3&amp#27;[0m &amp#27;[36m5&amp#27;[0m 6 | 
+-------+-------+-------+
| &amp#27;[36m6&amp#27;[0m &amp#27;[36m2&amp#27;[0m &amp#27;[36m1&amp#27;[0m | 3 &amp#27;[36m9&amp#27;[0m 4 | &amp#27;[36m5&amp#27;[0m &amp#27;[36m7&amp#27;[0m &amp#27;[36m8&amp#27;[0m | 
| . . . | 2 &amp#27;[36m6&amp#27;[0m &amp#27;[36m1&amp#27;[0m | &amp#27;[36m9&amp#27;[0m &amp#27;[36m4&amp#27;[0m &amp#27;[36m3&amp#27;[0m | 
| &amp#27;[36m9&amp#27;[0m &amp#27;[36m3&amp#27;[0m &amp#27;[36m4&amp#27;[0m | &amp#27;[36m5&amp#27;[0m &amp#27;[36m7&amp#27;[0m &amp#27;[36m8&amp#27;[0m | &amp#27;[36m2&amp#27;[0m &amp#27;[36m6&amp#27;[0m 1 | 
+-------+-------+-------+
&amp#27;[H&amp#27;[2J=== Sudoku Solver (Branch and Bound) ===
Passo: 20
Tentando colocar 1 em (1,6)

+-------+-------+-------+
| 1 7 2 | 4 &amp#27;[36m8&amp#27;[0m &amp#27;[36m3&amp#27;[0m | &amp#27;[36m6&amp#27;[0m 9 5 | 
| &amp#27;[36m3&amp#27;[0m &amp#27;[36m6&amp#27;[0m 8 | 9 . 7 | 1 2 4 | 
| 5 . &amp#27;[36m9&amp#27;[0m | &amp#27;[36m6&amp#27;[0m . &amp#27;[36m2&amp#27;[0m | . &amp#27;[36m3&amp#27;[0m &amp#27;[36m7&amp#27;[0m | 
+-------+-------+-------+
| &amp#27;[36m8&amp#27;[0m &amp#27;[36m9&amp#27;[0m &amp#27;[36m6&amp#27;[0m | &amp#27;[36m7&amp#27;[0m &amp#27;[36m3&amp#27;[0m &amp#27;[36m5&amp#27;[0m | &amp#27;[36m4&amp#27;[0m &amp#27;[36m1&amp#27;[0m &amp#27;[36m2&amp#27;[0m | 
| &amp#27;[36m2&amp#27;[0m &amp#27;[36m5&amp#27;[0m &amp#27;[36m3&amp#27;[0m | &amp#27;[36m1&amp#27;[0m &amp#27;[36m4&amp#27;[0m &amp#27;[36m6&amp#27;[0m | &amp#27;[36m7&amp#27;[0m &amp#27;[36m8&amp#27;[0m &amp#27;[36m9&amp#27;[0m | 
| 4 . 7 | &amp#27;[36m8&amp#27;[0m &amp#27;[36m2&amp#27;[0m &amp#27;[36m9&amp#27;[0m | &amp#27;[36m3&amp#27;[0m &amp#27;[36m5&amp#27;[0m 6 | 
+-------+-------+-------+
| &amp#27;[36m6&amp#27;[0m &amp#27;[36m2&amp#27;[0m &amp#27;[36m1&amp#27;[0m | 3 &amp#27;[36m9&amp#27;[0m 4 | &amp#27;[36m5&amp#27;[0m &amp#27;[36m7&amp#27;[0m &amp#27;[36m8&amp#27;[0m | 
| . . . | 2 &amp#27;[36m6&amp#27;[0m &amp#27;[36m1&amp#27;[0m | &amp#27;[36m9&amp#27;[0m &amp#27;[36m4&amp#27;[0m &amp#27;[36m3&amp#27;[0m | 
| &amp#27;[36m9&amp#27;[0m &amp#27;[36m3&amp#27;[0m &amp#27;[36m4&amp#27;[0m | &amp#27;[36m5&amp#27;[0m &amp#27;[36m7&amp#27;[0m &amp#27;[36m8&amp#27;[0m | &amp#27;[36m2&amp#27;[0m &amp#27;[36m6&amp#27;[0m 1 | 
+-------+-------+-------+
&amp#27;[H&amp#27;[2J=== Sudoku Solver (Branch and Bound) ===
Passo: 21
Tentando colocar 5 em (1,4)

+-------+-------+-------+
| 1 7 2 | 4 &amp#27;[36m8&amp#27;[0m &amp#27;[36m3&amp#27;[0m | &amp#27;[36m6&amp#27;[0m 9 5 | 
| &amp#27;[36m3&amp#27;[0m &amp#27;[36m6&amp#27;[0m 8 | 9 5 7 | 1 2 4 | 
| 5 . &amp#27;[36m9&amp#27;[0m | &amp#27;[36m6&amp#27;[0m . &amp#27;[36m2&amp#27;[0m | . &amp#27;[36m3&amp#27;[0m &amp#27;[36m7&amp#27;[0m | 
+-------+-------+-------+
| &amp#27;[36m8&amp#27;[0m &amp#27;[36m9&amp#27;[0m &amp#27;[36m6&amp#27;[0m | &amp#27;[36m7&amp#27;[0m &amp#27;[36m3&amp#27;[0m &amp#27;[36m5&amp#27;[0m | &amp#27;[36m4&amp#27;[0m &amp#27;[36m1&amp#27;[0m &amp#27;[36m2&amp#27;[0m | 
| &amp#27;[36m2&amp#27;[0m &amp#27;[36m5&amp#27;[0m &amp#27;[36m3&amp#27;[0m | &amp#27;[36m1&amp#27;[0m &amp#27;[36m4&amp#27;[0m &amp#27;[36m6&amp#27;[0m | &amp#27;[36m7&amp#27;[0m &amp#27;[36m8&amp#27;[0m &amp#27;[36m9&amp#27;[0m | 
| 4 . 7 | &amp#27;[36m8&amp#27;[0m &amp#27;[36m2&amp#27;[0m &amp#27;[36m9&amp#27;[0m | &amp#27;[36m3&amp#27;[0m &amp#27;[36m5&amp#27;[0m 6 | 
+-------+-------+-------+
| &amp#27;[36m6&amp#27;[0m &amp#27;[36m2&amp#27;[0m &amp#27;[36m1&amp#27;[0m | 3 &amp#27;[36m9&amp#27;[0m 4 | &amp#27;[36m5&amp#27;[0m &amp#27;[36m7&amp#27;[0m &amp#27;[36m8&amp#27;[0m | 
| . . . | 2 &amp#27;[36m6&amp#27;[0m &amp#27;[36m1&amp#27;[0m | &amp#27;[36m9&amp#27;[0m &amp#27;[36m4&amp#27;[0m &amp#27;[36m3&amp#27;[0m | 
| &amp#27;[36m9&amp#27;[0m &amp#27;[36m3&amp#27;[0m &amp#27;[36m4&amp#27;[0m | &amp#27;[36m5&amp#27;[0m &amp#27;[36m7&amp#27;[0m &amp#27;[36m8&amp#27;[0m | &amp#27;[36m2&amp#27;[0m &amp#27;[36m6&amp#27;[0m 1 | 
+-------+-------+-------+
&amp#27;[H&amp#27;[2J=== Sudoku Solver (Branch and Bound) ===
Passo: 22
Tentando colocar 4 em (2,1)

+-------+-------+-------+
| 1 7 2 | 4 &amp#27;[36m8&amp#27;[0m &amp#27;[36m3&amp#27;[0m | &amp#27;[36m6&amp#27;[0m 9 5 | 
| &amp#27;[36m3&amp#27;[0m &amp#27;[36m6&amp#27;[0m 8 | 9 5 7 | 1 2 4 | 
| 5 4 &amp#27;[36m9&amp#27;[0m | &amp#27;[36m6&amp#27;[0m . &amp#27;[36m2&amp#27;[0m | . &amp#27;[36m3&amp#27;[0m &amp#27;[36m7&amp#27;[0m | 
+-------+-------+-------+
| &amp#27;[36m8&amp#27;[0m &amp#27;[36m9&amp#27;[0m &amp#27;[36m6&amp#27;[0m | &amp#27;[36m7&amp#27;[0m &amp#27;[36m3&amp#27;[0m &amp#27;[36m5&amp#27;[0m | &amp#27;[36m4&amp#27;[0m &amp#27;[36m1&amp#27;[0m &amp#27;[36m2&amp#27;[0m | 
| &amp#27;[36m2&amp#27;[0m &amp#27;[36m5&amp#27;[0m &amp#27;[36m3&amp#27;[0m | &amp#27;[36m1&amp#27;[0m &amp#27;[36m4&amp#27;[0m &amp#27;[36m6&amp#27;[0m | &amp#27;[36m7&amp#27;[0m &amp#27;[36m8&amp#27;[0m &amp#27;[36m9&amp#27;[0m | 
| 4 . 7 | &amp#27;[36m8&amp#27;[0m &amp#27;[36m2&amp#27;[0m &amp#27;[36m9&amp#27;[0m | &amp#27;[36m3&amp#27;[0m &amp#27;[36m5&amp#27;[0m 6 | 
+-------+-------+-------+
| &amp#27;[36m6&amp#27;[0m &amp#27;[36m2&amp#27;[0m &amp#27;[36m1&amp#27;[0m | 3 &amp#27;[36m9&amp#27;[0m 4 | &amp#27;[36m5&amp#27;[0m &amp#27;[36m7&amp#27;[0m &amp#27;[36m8&amp#27;[0m | 
| . . . | 2 &amp#27;[36m6&amp#27;[0m &amp#27;[36m1&amp#27;[0m | &amp#27;[36m9&amp#27;[0m &amp#27;[36m4&amp#27;[0m &amp#27;[36m3&amp#27;[0m | 
| &amp#27;[36m9&amp#27;[0m &amp#27;[36m3&amp#27;[0m &amp#27;[36m4&amp#27;[0m | &amp#27;[36m5&amp#27;[0m &amp#27;[36m7&amp#27;[0m &amp#27;[36m8&amp#27;[0m | &amp#27;[36m2&amp#27;[0m &amp#27;[36m6&amp#27;[0m 1 | 
+-------+-------+-------+
&amp#27;[H&amp#27;[2J=== Sudoku Solver (Branch and Bound) ===
Passo: 23
Tentando colocar 1 em (2,4)

+-------+-------+-------+
| 1 7 2 | 4 &amp#27;[36m8&amp#27;[0m &amp#27;[36m3&amp#27;[0m | &amp#27;[36m6&amp#27;[0m 9 5 | 
| &amp#27;[36m3&amp#27;[0m &amp#27;[36m6&amp#27;[0m 8 | 9 5 7 | 1 2 4 | 
| 5 4 &amp#27;[36m9&amp#27;[0m | &amp#27;[36m6&amp#27;[0m 1 &amp#27;[36m2&amp#27;[0m | . &amp#27;[36m3&amp#27;[0m &amp#27;[36m7&amp#27;[0m | 
+-------+-------+-------+
| &amp#27;[36m8&amp#27;[0m &amp#27;[36m9&amp#27;[0m &amp#27;[36m6&amp#27;[0m | &amp#27;[36m7&amp#27;[0m &amp#27;[36m3&amp#27;[0m &amp#27;[36m5&amp#27;[0m | &amp#27;[36m4&amp#27;[0m &amp#27;[36m1&amp#27;[0m &amp#27;[36m2&amp#27;[0m | 
| &amp#27;[36m2&amp#27;[0m &amp#27;[36m5&amp#27;[0m &amp#27;[36m3&amp#27;[0m | &amp#27;[36m1&amp#27;[0m &amp#27;[36m4&amp#27;[0m &amp#27;[36m6&amp#27;[0m | &amp#27;[36m7&amp#27;[0m &amp#27;[36m8&amp#27;[0m &amp#27;[36m9&amp#27;[0m | 
| 4 . 7 | &amp#27;[36m8&amp#27;[0m &amp#27;[36m2&amp#27;[0m &amp#27;[36m9&amp#27;[0m | &amp#27;[36m3&amp#27;[0m &amp#27;[36m5&amp#27;[0m 6 | 
+-------+-------+-------+
| &amp#27;[36m6&amp#27;[0m &amp#27;[36m2&amp#27;[0m &amp#27;[36m1&amp#27;[0m | 3 &amp#27;[36m9&amp#27;[0m 4 | &amp#27;[36m5&amp#27;[0m &amp#27;[36m7&amp#27;[0m &amp#27;[36m8&amp#27;[0m | 
| . . . | 2 &amp#27;[36m6&amp#27;[0m &amp#27;[36m1&amp#27;[0m | &amp#27;[36m9&amp#27;[0m &amp#27;[36m4&amp#27;[0m &amp#27;[36m3&amp#27;[0m | 
| &amp#27;[36m9&amp#27;[0m &amp#27;[36m3&amp#27;[0m &amp#27;[36m4&amp#27;[0m | &amp#27;[36m5&amp#27;[0m &amp#27;[36m7&amp#27;[0m &amp#27;[36m8&amp#27;[0m | &amp#27;[36m2&amp#27;[0m &amp#27;[36m6&amp#27;[0m 1 | 
+-------+-------+-------+
&amp#27;[H&amp#27;[2J=== Sudoku Solver (Branch and Bound) ===
Passo: 24
Tentando colocar 8 em (2,6)

+-------+-------+-------+
| 1 7 2 | 4 &amp#27;[36m8&amp#27;[0m &amp#27;[36m3&amp#27;[0m | &amp#27;[36m6&amp#27;[0m 9 5 | 
| &amp#27;[36m3&amp#27;[0m &amp#27;[36m6&amp#27;[0m 8 | 9 5 7 | 1 2 4 | 
| 5 4 &amp#27;[36m9&amp#27;[0m | &amp#27;[36m6&amp#27;[0m 1 &amp#27;[36m2&amp#27;[0m | 8 &amp#27;[36m3&amp#27;[0m &amp#27;[36m7&amp#27;[0m | 
+-------+-------+-------+
| &amp#27;[36m8&amp#27;[0m &amp#27;[36m9&amp#27;[0m &amp#27;[36m6&amp#27;[0m | &amp#27;[36m7&amp#27;[0m &amp#27;[36m3&amp#27;[0m &amp#27;[36m5&amp#27;[0m | &amp#27;[36m4&amp#27;[0m &amp#27;[36m1&amp#27;[0m &amp#27;[36m2&amp#27;[0m | 
| &amp#27;[36m2&amp#27;[0m &amp#27;[36m5&amp#27;[0m &amp#27;[36m3&amp#27;[0m | &amp#27;[36m1&amp#27;[0m &amp#27;[36m4&amp#27;[0m &amp#27;[36m6&amp#27;[0m | &amp#27;[36m7&amp#27;[0m &amp#27;[36m8&amp#27;[0m &amp#27;[36m9&amp#27;[0m | 
| 4 . 7 | &amp#27;[36m8&amp#27;[0m &amp#27;[36m2&amp#27;[0m &amp#27;[36m9&amp#27;[0m | &amp#27;[36m3&amp#27;[0m &amp#27;[36m5&amp#27;[0m 6 | 
+-------+-------+-------+
| &amp#27;[36m6&amp#27;[0m &amp#27;[36m2&amp#27;[0m &amp#27;[36m1&amp#27;[0m | 3 &amp#27;[36m9&amp#27;[0m 4 | &amp#27;[36m5&amp#27;[0m &amp#27;[36m7&amp#27;[0m &amp#27;[36m8&amp#27;[0m | 
| . . . | 2 &amp#27;[36m6&amp#27;[0m &amp#27;[36m1&amp#27;[0m | &amp#27;[36m9&amp#27;[0m &amp#27;[36m4&amp#27;[0m &amp#27;[36m3&amp#27;[0m | 
| &amp#27;[36m9&amp#27;[0m &amp#27;[36m3&amp#27;[0m &amp#27;[36m4&amp#27;[0m | &amp#27;[36m5&amp#27;[0m &amp#27;[36m7&amp#27;[0m &amp#27;[36m8&amp#27;[0m | &amp#27;[36m2&amp#27;[0m &amp#27;[36m6&amp#27;[0m 1 | 
+-------+-------+-------+
&amp#27;[H&amp#27;[2J=== Sudoku Solver (Branch and Bound) ===
Passo: 25
Tentando colocar 1 em (5,1)

+-------+-------+-------+
| 1 7 2 | 4 &amp#27;[36m8&amp#27;[0m &amp#27;[36m3&amp#27;[0m | &amp#27;[36m6&amp#27;[0m 9 5 | 
| &amp#27;[36m3&amp#27;[0m &amp#27;[36m6&amp#27;[0m 8 | 9 5 7 | 1 2 4 | 
| 5 4 &amp#27;[36m9&amp#27;[0m | &amp#27;[36m6&amp#27;[0m 1 &amp#27;[36m2&amp#27;[0m | 8 &amp#27;[36m3&amp#27;[0m &amp#27;[36m7&amp#27;[0m | 
+-------+-------+-------+
| &amp#27;[36m8&amp#27;[0m &amp#27;[36m9&amp#27;[0m &amp#27;[36m6&amp#27;[0m | &amp#27;[36m7&amp#27;[0m &amp#27;[36m3&amp#27;[0m &amp#27;[36m5&amp#27;[0m | &amp#27;[36m4&amp#27;[0m &amp#27;[36m1&amp#27;[0m &amp#27;[36m2&amp#27;[0m | 
| &amp#27;[36m2&amp#27;[0m &amp#27;[36m5&amp#27;[0m &amp#27;[36m3&amp#27;[0m | &amp#27;[36m1&amp#27;[0m &amp#27;[36m4&amp#27;[0m &amp#27;[36m6&amp#27;[0m | &amp#27;[36m7&amp#27;[0m &amp#27;[36m8&amp#27;[0m &amp#27;[36m9&amp#27;[0m | 
| 4 1 7 | &amp#27;[36m8&amp#27;[0m &amp#27;[36m2&amp#27;[0m &amp#27;[36m9&amp#27;[0m | &amp#27;[36m3&amp#27;[0m &amp#27;[36m5&amp#27;[0m 6 | 
+-------+-------+-------+
| &amp#27;[36m6&amp#27;[0m &amp#27;[36m2&amp#27;[0m &amp#27;[36m1&amp#27;[0m | 3 &amp#27;[36m9&amp#27;[0m 4 | &amp#27;[36m5&amp#27;[0m &amp#27;[36m7&amp#27;[0m &amp#27;[36m8&amp#27;[0m | 
| . . . | 2 &amp#27;[36m6&amp#27;[0m &amp#27;[36m1&amp#27;[0m | &amp#27;[36m9&amp#27;[0m &amp#27;[36m4&amp#27;[0m &amp#27;[36m3&amp#27;[0m | 
| &amp#27;[36m9&amp#27;[0m &amp#27;[36m3&amp#27;[0m &amp#27;[36m4&amp#27;[0m | &amp#27;[36m5&amp#27;[0m &amp#27;[36m7&amp#27;[0m &amp#27;[36m8&amp#27;[0m | &amp#27;[36m2&amp#27;[0m &amp#27;[36m6&amp#27;[0m 1 | 
+-------+-------+-------+
&amp#27;[H&amp#27;[2J=== Sudoku Solver (Branch and Bound) ===
Passo: 26
Tentando colocar 7 em (7,0)

+-------+-------+-------+
| 1 7 2 | 4 &amp#27;[36m8&amp#27;[0m &amp#27;[36m3&amp#27;[0m | &amp#27;[36m6&amp#27;[0m 9 5 | 
| &amp#27;[36m3&amp#27;[0m &amp#27;[36m6&amp#27;[0m 8 | 9 5 7 | 1 2 4 | 
| 5 4 &amp#27;[36m9&amp#27;[0m | &amp#27;[36m6&amp#27;[0m 1 &amp#27;[36m2&amp#27;[0m | 8 &amp#27;[36m3&amp#27;[0m &amp#27;[36m7&amp#27;[0m | 
+-------+-------+-------+
| &amp#27;[36m8&amp#27;[0m &amp#27;[36m9&amp#27;[0m &amp#27;[36m6&amp#27;[0m | &amp#27;[36m7&amp#27;[0m &amp#27;[36m3&amp#27;[0m &amp#27;[36m5&amp#27;[0m | &amp#27;[36m4&amp#27;[0m &amp#27;[36m1&amp#27;[0m &amp#27;[36m2&amp#27;[0m | 
| &amp#27;[36m2&amp#27;[0m &amp#27;[36m5&amp#27;[0m &amp#27;[36m3&amp#27;[0m | &amp#27;[36m1&amp#27;[0m &amp#27;[36m4&amp#27;[0m &amp#27;[36m6&amp#27;[0m | &amp#27;[36m7&amp#27;[0m &amp#27;[36m8&amp#27;[0m &amp#27;[36m9&amp#27;[0m | 
| 4 1 7 | &amp#27;[36m8&amp#27;[0m &amp#27;[36m2&amp#27;[0m &amp#27;[36m9&amp#27;[0m | &amp#27;[36m3&amp#27;[0m &amp#27;[36m5&amp#27;[0m 6 | 
+-------+-------+-------+
| &amp#27;[36m6&amp#27;[0m &amp#27;[36m2&amp#27;[0m &amp#27;[36m1&amp#27;[0m | 3 &amp#27;[36m9&amp#27;[0m 4 | &amp#27;[36m5&amp#27;[0m &amp#27;[36m7&amp#27;[0m &amp#27;[36m8&amp#27;[0m | 
| 7 . . | 2 &amp#27;[36m6&amp#27;[0m &amp#27;[36m1&amp#27;[0m | &amp#27;[36m9&amp#27;[0m &amp#27;[36m4&amp#27;[0m &amp#27;[36m3&amp#27;[0m | 
| &amp#27;[36m9&amp#27;[0m &amp#27;[36m3&amp#27;[0m &amp#27;[36m4&amp#27;[0m | &amp#27;[36m5&amp#27;[0m &amp#27;[36m7&amp#27;[0m &amp#27;[36m8&amp#27;[0m | &amp#27;[36m2&amp#27;[0m &amp#27;[36m6&amp#27;[0m 1 | 
+-------+-------+-------+
&amp#27;[H&amp#27;[2J=== Sudoku Solver (Branch and Bound) ===
Passo: 27
Tentando colocar 8 em (7,1)

+-------+-------+-------+
| 1 7 2 | 4 &amp#27;[36m8&amp#27;[0m &amp#27;[36m3&amp#27;[0m | &amp#27;[36m6&amp#27;[0m 9 5 | 
| &amp#27;[36m3&amp#27;[0m &amp#27;[36m6&amp#27;[0m 8 | 9 5 7 | 1 2 4 | 
| 5 4 &amp#27;[36m9&amp#27;[0m | &amp#27;[36m6&amp#27;[0m 1 &amp#27;[36m2&amp#27;[0m | 8 &amp#27;[36m3&amp#27;[0m &amp#27;[36m7&amp#27;[0m | 
+-------+-------+-------+
[...]
| 5 2 &amp#27;[36m6&amp#27;[0m | 3 &amp#27;[36m7&amp#27;[0m &amp#27;[36m1&amp#27;[0m | 8 4 9 | 
| 8 3 1 | 4 &amp#27;[36m2&amp#27;[0m &amp#27;[36m9&amp#27;[0m | . . &amp#27;[36m7&amp#27;[0m | 
+-------+-------+-------+
| 6 9 &amp#27;[36m8&amp#27;[0m | &amp#27;[36m5&amp#27;[0m &amp#27;[36m3&amp#27;[0m &amp#27;[36m7&amp#27;[0m | 1 . 4 | 
| &amp#27;[36m7&amp#27;[0m . &amp#27;[36m2&amp#27;[0m | &amp#27;[36m6&amp#27;[0m &amp#27;[36m1&amp#27;[0m &amp#27;[36m8&amp#27;[0m | . . &amp#27;[36m3&amp#27;[0m | 
| . 5 3 | &amp#27;[36m2&amp#27;[0m &amp#27;[36m9&amp#27;[0m &amp#27;[36m4&amp#27;[0m | &amp#27;[36m7&amp#27;[0m &amp#27;[36m8&amp#27;[0m 6 | 
+-------+-------+-------+
| . 1 4 | &amp#27;[36m7&amp#27;[0m &amp#27;[36m5&amp#27;[0m &amp#27;[36m2&amp#27;[0m | . . . | 
| &amp#27;[36m9&amp#27;[0m &amp#27;[36m6&amp#27;[0m &amp#27;[36m5&amp#27;[0m | 1 8 &amp#27;[36m3&amp#27;[0m | &amp#27;[36m4&amp#27;[0m &amp#27;[36m7&amp#27;[0m &amp#27;[36m2&amp#27;[0m | 
| &amp#27;[36m2&amp#27;[0m 8 &amp#27;[36m7&amp#27;[0m | &amp#27;[36m9&amp#27;[0m &amp#27;[36m4&amp#27;[0m &amp#27;[36m6&amp#27;[0m | . &amp#27;[36m1&amp#27;[0m . | 
+-------+-------+-------+
&amp#27;[H&amp#27;[2J=== Sudoku Solver (Branch and Bound) ===
Passo: 54
Tentando colocar 2 em (3,7)

+-------+-------+-------+
| 4 &amp#27;[36m7&amp#27;[0m &amp#27;[36m9&amp#27;[0m | 8 &amp#27;[36m6&amp#27;[0m &amp#27;[36m5&amp#27;[0m | &amp#27;[36m2&amp#27;[0m 3 &amp#27;[36m1&amp#27;[0m | 
| 5 2 &amp#27;[36m6&amp#27;[0m | 3 &amp#27;[36m7&amp#27;[0m &amp#27;[36m1&amp#27;[0m | 8 4 9 | 
| 8 3 1 | 4 &amp#27;[36m2&amp#27;[0m &amp#27;[36m9&amp#27;[0m | . . &amp#27;[36m7&amp#27;[0m | 
+-------+-------+-------+
| 6 9 &amp#27;[36m8&amp#27;[0m | &amp#27;[36m5&amp#27;[0m &amp#27;[36m3&amp#27;[0m &amp#27;[36m7&amp#27;[0m | 1 2 4 | 
| &amp#27;[36m7&amp#27;[0m . &amp#27;[36m2&amp#27;[0m | &amp#27;[36m6&amp#27;[0m &amp#27;[36m1&amp#27;[0m &amp#27;[36m8&amp#27;[0m | . . &amp#27;[36m3&amp#27;[0m | 
| . 5 3 | &amp#27;[36m2&amp#27;[0m &amp#27;[36m9&amp#27;[0m &amp#27;[36m4&amp#27;[0m | &amp#27;[36m7&amp#27;[0m &amp#27;[36m8&amp#27;[0m 6 | 
+-------+-------+-------+
| . 1 4 | &amp#27;[36m7&amp#27;[0m &amp#27;[36m5&amp#27;[0m &amp#27;[36m2&amp#27;[0m | . . . | 
| &amp#27;[36m9&amp#27;[0m &amp#27;[36m6&amp#27;[0m &amp#27;[36m5&amp#27;[0m | 1 8 &amp#27;[36m3&amp#27;[0m | &amp#27;[36m4&amp#27;[0m &amp#27;[36m7&amp#27;[0m &amp#27;[36m2&amp#27;[0m | 
| &amp#27;[36m2&amp#27;[0m 8 &amp#27;[36m7&amp#27;[0m | &amp#27;[36m9&amp#27;[0m &amp#27;[36m4&amp#27;[0m &amp#27;[36m6&amp#27;[0m | . &amp#27;[36m1&amp#27;[0m . | 
+-------+-------+-------+
&amp#27;[H&amp#27;[2J=== Sudoku Solver (Branch and Bound) ===
Passo: 55
Tentando colocar 4 em (4,1)

+-------+-------+-------+
| 4 &amp#27;[36m7&amp#27;[0m &amp#27;[36m9&amp#27;[0m | 8 &amp#27;[36m6&amp#27;[0m &amp#27;[36m5&amp#27;[0m | &amp#27;[36m2&amp#27;[0m 3 &amp#27;[36m1&amp#27;[0m | 
| 5 2 &amp#27;[36m6&amp#27;[0m | 3 &amp#27;[36m7&amp#27;[0m &amp#27;[36m1&amp#27;[0m | 8 4 9 | 
| 8 3 1 | 4 &amp#27;[36m2&amp#27;[0m &amp#27;[36m9&amp#27;[0m | . . &amp#27;[36m7&amp#27;[0m | 
+-------+-------+-------+
| 6 9 &amp#27;[36m8&amp#27;[0m | &amp#27;[36m5&amp#27;[0m &amp#27;[36m3&amp#27;[0m &amp#27;[36m7&amp#27;[0m | 1 2 4 | 
| &amp#27;[36m7&amp#27;[0m 4 &amp#27;[36m2&amp#27;[0m | &amp#27;[36m6&amp#27;[0m &amp#27;[36m1&amp#27;[0m &amp#27;[36m8&amp#27;[0m | . . &amp#27;[36m3&amp#27;[0m | 
| . 5 3 | &amp#27;[36m2&amp#27;[0m &amp#27;[36m9&amp#27;[0m &amp#27;[36m4&amp#27;[0m | &amp#27;[36m7&amp#27;[0m &amp#27;[36m8&amp#27;[0m 6 | 
+-------+-------+-------+
| . 1 4 | &amp#27;[36m7&amp#27;[0m &amp#27;[36m5&amp#27;[0m &amp#27;[36m2&amp#27;[0m | . . . | 
| &amp#27;[36m9&amp#27;[0m &amp#27;[36m6&amp#27;[0m &amp#27;[36m5&amp#27;[0m | 1 8 &amp#27;[36m3&amp#27;[0m | &amp#27;[36m4&amp#27;[0m &amp#27;[36m7&amp#27;[0m &amp#27;[36m2&amp#27;[0m | 
| &amp#27;[36m2&amp#27;[0m 8 &amp#27;[36m7&amp#27;[0m | &amp#27;[36m9&amp#27;[0m &amp#27;[36m4&amp#27;[0m &amp#27;[36m6&amp#27;[0m | . &amp#27;[36m1&amp#27;[0m . | 
+-------+-------+-------+
&amp#27;[H&amp#27;[2J=== Sudoku Solver (Branch and Bound) ===
Passo: 56
Tentando colocar 1 em (5,0)

+-------+-------+-------+
| 4 &amp#27;[36m7&amp#27;[0m &amp#27;[36m9&amp#27;[0m | 8 &amp#27;[36m6&amp#27;[0m &amp#27;[36m5&amp#27;[0m | &amp#27;[36m2&amp#27;[0m 3 &amp#27;[36m1&amp#27;[0m | 
| 5 2 &amp#27;[36m6&amp#27;[0m | 3 &amp#27;[36m7&amp#27;[0m &amp#27;[36m1&amp#27;[0m | 8 4 9 | 
| 8 3 1 | 4 &amp#27;[36m2&amp#27;[0m &amp#27;[36m9&amp#27;[0m | . . &amp#27;[36m7&amp#27;[0m | 
+-------+-------+-------+
| 6 9 &amp#27;[36m8&amp#27;[0m | &amp#27;[36m5&amp#27;[0m &amp#27;[36m3&amp#27;[0m &amp#27;[36m7&amp#27;[0m | 1 2 4 | 
| &amp#27;[36m7&amp#27;[0m 4 &amp#27;[36m2&amp#27;[0m | &amp#27;[36m6&amp#27;[0m &amp#27;[36m1&amp#27;[0m &amp#27;[36m8&amp#27;[0m | . . &amp#27;[36m3&amp#27;[0m | 
| 1 5 3 | &amp#27;[36m2&amp#27;[0m &amp#27;[36m9&amp#27;[0m &amp#27;[36m4&amp#27;[0m | &amp#27;[36m7&amp#27;[0m &amp#27;[36m8&amp#27;[0m 6 | 
+-------+-------+-------+
| . 1 4 | &amp#27;[36m7&amp#27;[0m &amp#27;[36m5&amp#27;[0m &amp#27;[36m2&amp#27;[0m | . . . | 
| &amp#27;[36m9&amp#27;[0m &amp#27;[36m6&amp#27;[0m &amp#27;[36m5&amp#27;[0m | 1 8 &amp#27;[36m3&amp#27;[0m | &amp#27;[36m4&amp#27;[0m &amp#27;[36m7&amp#27;[0m &amp#27;[36m2&amp#27;[0m | 
| &amp#27;[36m2&amp#27;[0m 8 &amp#27;[36m7&amp#27;[0m | &amp#27;[36m9&amp#27;[0m &amp#27;[36m4&amp#27;[0m &amp#27;[36m6&amp#27;[0m | . &amp#27;[36m1&amp#27;[0m . | 
+-------+-------+-------+
&amp#27;[H&amp#27;[2J=== Sudoku Solver (Branch and Bound) ===
Passo: 57
Tentando colocar 3 em (6,0)

+-------+-------+-------+
| 4 &amp#27;[36m7&amp#27;[0m &amp#27;[36m9&amp#27;[0m | 8 &amp#27;[36m6&amp#27;[0m &amp#27;[36m5&amp#27;[0m | &amp#27;[36m2&amp#27;[0m 3 &amp#27;[36m1&amp#27;[0m | 
| 5 2 &amp#27;[36m6&amp#27;[0m | 3 &amp#27;[36m7&amp#27;[0m &amp#27;[36m1&amp#27;[0m | 8 4 9 | 
| 8 3 1 | 4 &amp#27;[36m2&amp#27;[0m &amp#27;[36m9&amp#27;[0m | . . &amp#27;[36m7&amp#27;[0m | 
+-------+-------+-------+
| 6 9 &amp#27;[36m8&amp#27;[0m | &amp#27;[36m5&amp#27;[0m &amp#27;[36m3&amp#27;[0m &amp#27;[36m7&amp#27;[0m | 1 2 4 | 
| &amp#27;[36m7&amp#27;[0m 4 &amp#27;[36m2&amp#27;[0m | &amp#27;[36m6&amp#27;[0m &amp#27;[36m1&amp#27;[0m &amp#27;[36m8&amp#27;[0m | . . &amp#27;[36m3&amp#27;[0m | 
| 1 5 3 | &amp#27;[36m2&amp#27;[0m &amp#27;[36m9&amp#27;[0m &amp#27;[36m4&amp#27;[0m | &amp#27;[36m7&amp#27;[0m &amp#27;[36m8&amp#27;[0m 6 | 
+-------+-------+-------+
| 3 1 4 | &amp#27;[36m7&amp#27;[0m &amp#27;[36m5&amp#27;[0m &amp#27;[36m2&amp#27;[0m | . . . | 
| &amp#27;[36m9&amp#27;[0m &amp#27;[36m6&amp#27;[0m &amp#27;[36m5&amp#27;[0m | 1 8 &amp#27;[36m3&amp#27;[0m | &amp#27;[36m4&amp#27;[0m &amp#27;[36m7&amp#27;[0m &amp#27;[36m2&amp#27;[0m | 
| &amp#27;[36m2&amp#27;[0m 8 &amp#27;[36m7&amp#27;[0m | &amp#27;[36m9&amp#27;[0m &amp#27;[36m4&amp#27;[0m &amp#27;[36m6&amp#27;[0m | . &amp#27;[36m1&amp#27;[0m . | 
+-------+-------+-------+
&amp#27;[H&amp#27;[2J=== Sudoku Solver (Branch and Bound) ===
Passo: 58
Tentando colocar 8 em (6,8)

+-------+-------+-------+
| 4 &amp#27;[36m7&amp#27;[0m &amp#27;[36m9&amp#27;[0m | 8 &amp#27;[36m6&amp#27;[0m &amp#27;[36m5&amp#27;[0m | &amp#27;[36m2&amp#27;[0m 3 &amp#27;[36m1&amp#27;[0m | 
| 5 2 &amp#27;[36m6&amp#27;[0m | 3 &amp#27;[36m7&amp#27;[0m &amp#27;[36m1&amp#27;[0m | 8 4 9 | 
| 8 3 1 | 4 &amp#27;[36m2&amp#27;[0m &amp#27;[36m9&amp#27;[0m | . . &amp#27;[36m7&amp#27;[0m | 
+-------+-------+-------+
| 6 9 &amp#27;[36m8&amp#27;[0m | &amp#27;[36m5&amp#27;[0m &amp#27;[36m3&amp#27;[0m &amp#27;[36m7&amp#27;[0m | 1 2 4 | 
| &amp#27;[36m7&amp#27;[0m 4 &amp#27;[36m2&amp#27;[0m | &amp#27;[36m6&amp#27;[0m &amp#27;[36m1&amp#27;[0m &amp#27;[36m8&amp#27;[0m | . . &amp#27;[36m3&amp#27;[0m | 
| 1 5 3 | &amp#27;[36m2&amp#27;[0m &amp#27;[36m9&amp#27;[0m &amp#27;[36m4&amp#27;[0m | &amp#27;[36m7&amp#27;[0m &amp#27;[36m8&amp#27;[0m 6 | 
+-------+-------+-------+
| 3 1 4 | &amp#27;[36m7&amp#27;[0m &amp#27;[36m5&amp#27;[0m &amp#27;[36m2&amp#27;[0m | . . 8 | 
| &amp#27;[36m9&amp#27;[0m &amp#27;[36m6&amp#27;[0m &amp#27;[36m5&amp#27;[0m | 1 8 &amp#27;[36m3&amp#27;[0m | &amp#27;[36m4&amp#27;[0m &amp#27;[36m7&amp#27;[0m &amp#27;[36m2&amp#27;[0m | 
| &amp#27;[36m2&amp#27;[0m 8 &amp#27;[36m7&amp#27;[0m | &amp#27;[36m9&amp#27;[0m &amp#27;[36m4&amp#27;[0m &amp#27;[36m6&amp#27;[0m | . &amp#27;[36m1&amp#27;[0m . | 
+-------+-------+-------+
&amp#27;[H&amp#27;[2J=== Sudoku Solver (Branch and Bound) ===
Passo: 59
Tentando colocar 5 em (8,8)

+-------+-------+-------+
| 4 &amp#27;[36m7&amp#27;[0m &amp#27;[36m9&amp#27;[0m | 8 &amp#27;[36m6&amp#27;[0m &amp#27;[36m5&amp#27;[0m | &amp#27;[36m2&amp#27;[0m 3 &amp#27;[36m1&amp#27;[0m | 
| 5 2 &amp#27;[36m6&amp#27;[0m | 3 &amp#27;[36m7&amp#27;[0m &amp#27;[36m1&amp#27;[0m | 8 4 9 | 
| 8 3 1 | 4 &amp#27;[36m2&amp#27;[0m &amp#27;[36m9&amp#27;[0m | . . &amp#27;[36m7&amp#27;[0m | 
+-------+-------+-------+
| 6 9 &amp#27;[36m8&amp#27;[0m | &amp#27;[36m5&amp#27;[0m &amp#27;[36m3&amp#27;[0m &amp#27;[36m7&amp#27;[0m | 1 2 4 | 
| &amp#27;[36m7&amp#27;[0m 4 &amp#27;[36m2&amp#27;[0m | &amp#27;[36m6&amp#27;[0m &amp#27;[36m1&amp#27;[0m &amp#27;[36m8&amp#27;[0m | . . &amp#27;[36m3&amp#27;[0m | 
| 1 5 3 | &amp#27;[36m2&amp#27;[0m &amp#27;[36m9&amp#27;[0m &amp#27;[36m4&amp#27;[0m | &amp#27;[36m7&amp#27;[0m &amp#27;[36m8&amp#27;[0m 6 | 
+-------+-------+-------+
| 3 1 4 | &amp#27;[36m7&amp#27;[0m &amp#27;[36m5&amp#27;[0m &amp#27;[36m2&amp#27;[0m | . . 8 | 
| &amp#27;[36m9&amp#27;[0m &amp#27;[36m6&amp#27;[0m &amp#27;[36m5&amp#27;[0m | 1 8 &amp#27;[36m3&amp#27;[0m | &amp#27;[36m4&amp#27;[0m &amp#27;[36m7&amp#27;[0m &amp#27;[36m2&amp#27;[0m | 
| &amp#27;[36m2&amp#27;[0m 8 &amp#27;[36m7&amp#27;[0m | &amp#27;[36m9&amp#27;[0m &amp#27;[36m4&amp#27;[0m &amp#27;[36m6&amp#27;[0m | . &amp#27;[36m1&amp#27;[0m 5 | 
+-------+-------+-------+
&amp#27;[H&amp#27;[2J=== Sudoku Solver (Branch and Bound) ===
Passo: 60
Tentando colocar 3 em (8,6)

+-------+-------+-------+
| 4 &amp#27;[36m7&amp#27;[0m &amp#27;[36m9&amp#27;[0m | 8 &amp#27;[36m6&amp#27;[0m &amp#27;[36m5&amp#27;[0m | &amp#27;[36m2&amp#27;[0m 3 &amp#27;[36m1&amp#27;[0m | 
| 5 2 &amp#27;[36m6&amp#27;[0m | 3 &amp#27;[36m7&amp#27;[0m &amp#27;[36m1&amp#27;[0m | 8 4 9 | 
| 8 3 1 | 4 &amp#27;[36m2&amp#27;[0m &amp#27;[36m9&amp#27;[0m | . . &amp#27;[36m7&amp#27;[0m | 
+-------+-------+-------+
| 6 9 &amp#27;[36m8&amp#27;[0m | &amp#27;[36m5&amp#27;[0m &amp#27;[36m3&amp#27;[0m &amp#27;[36m7&amp#27;[0m | 1 2 4 | 
| &amp#27;[36m7&amp#27;[0m 4 &amp#27;[36m2&amp#27;[0m | &amp#27;[36m6&amp#27;[0m &amp#27;[36m1&amp#27;[0m &amp#27;[36m8&amp#27;[0m | . . &amp#27;[36m3&amp#27;[0m | 
| 1 5 3 | &amp#27;[36m2&amp#27;[0m &amp#27;[36m9&amp#27;[0m &amp#27;[36m4&amp#27;[0m | &amp#27;[36m7&amp#27;[0m &amp#27;[36m8&amp#27;[0m 6 | 
+-------+-------+-------+
| 3 1 4 | &amp#27;[36m7&amp#27;[0m &amp#27;[36m5&amp#27;[0m &amp#27;[36m2&amp#27;[0m | . . 8 | 
| &amp#27;[36m9&amp#27;[0m &amp#27;[36m6&amp#27;[0m &amp#27;[36m5&amp#27;[0m | 1 8 &amp#27;[36m3&amp#27;[0m | &amp#27;[36m4&amp#27;[0m &amp#27;[36m7&amp#27;[0m &amp#27;[36m2&amp#27;[0m | 
| &amp#27;[36m2&amp#27;[0m 8 &amp#27;[36m7&amp#27;[0m | &amp#27;[36m9&amp#27;[0m &amp#27;[36m4&amp#27;[0m &amp#27;[36m6&amp#27;[0m | 3 &amp#27;[36m1&amp#27;[0m 5 | 
+-------+-------+-------+
&amp#27;[H&amp#27;[2J=== Sudoku Solver (Branch and Bound) ===
Passo: 61
Tentando colocar 5 em (2,6)

+-------+-------+-------+
| 4 &amp#27;[36m7&amp#27;[0m &amp#27;[36m9&amp#27;[0m | 8 &amp#27;[36m6&amp#27;[0m &amp#27;[36m5&amp#27;[0m | &amp#27;[36m2&amp#27;[0m 3 &amp#27;[36m1&amp#27;[0m | 
| 5 2 &amp#27;[36m6&amp#27;[0m | 3 &amp#27;[36m7&amp#27;[0m &amp#27;[36m1&amp#27;[0m | 8 4 9 | 
| 8 3 1 | 4 &amp#27;[36m2&amp#27;[0m &amp#27;[36m9&amp#27;[0m | 5 . &amp#27;[36m7&amp#27;[0m | 
+-------+-------+-------+
| 6 9 &amp#27;[36m8&amp#27;[0m | &amp#27;[36m5&amp#27;[0m &amp#27;[36m3&amp#27;[0m &amp#27;[36m7&amp#27;[0m | 1 2 4 | 
| &amp#27;[36m7&amp#27;[0m 4 &amp#27;[36m2&amp#27;[0m | &amp#27;[36m6&amp#27;[0m &amp#27;[36m1&amp#27;[0m &amp#27;[36m8&amp#27;[0m | . . &amp#27;[36m3&amp#27;[0m | 
| 1 5 3 | &amp#27;[36m2&amp#27;[0m &amp#27;[36m9&amp#27;[0m &amp#27;[36m4&amp#27;[0m | &amp#27;[36m7&amp#27;[0m &amp#27;[36m8&amp#27;[0m 6 | 
+-------+-------+-------+
| 3 1 4 | &amp#27;[36m7&amp#27;[0m &amp#27;[36m5&amp#27;[0m &amp#27;[36m2&amp#27;[0m | . . 8 | 
| &amp#27;[36m9&amp#27;[0m &amp#27;[36m6&amp#27;[0m &amp#27;[36m5&amp#27;[0m | 1 8 &amp#27;[36m3&amp#27;[0m | &amp#27;[36m4&amp#27;[0m &amp#27;[36m7&amp#27;[0m &amp#27;[36m2&amp#27;[0m | 
| &amp#27;[36m2&amp#27;[0m 8 &amp#27;[36m7&amp#27;[0m | &amp#27;[36m9&amp#27;[0m &amp#27;[36m4&amp#27;[0m &amp#27;[36m6&amp#27;[0m | 3 &amp#27;[36m1&amp#27;[0m 5 | 
+-------+-------+-------+
&amp#27;[H&amp#27;[2J=== Sudoku Solver (Branch and Bound) ===
Passo: 62
Tentando colocar 6 em (2,7)

+-------+-------+-------+
| 4 &amp#27;[36m7&amp#27;[0m &amp#27;[36m9&amp#27;[0m | 8 &amp#27;[36m6&amp#27;[0m &amp#27;[36m5&amp#27;[0m | &amp#27;[36m2&amp#27;[0m 3 &amp#27;[36m1&amp#27;[0m | 
| 5 2 &amp#27;[36m6&amp#27;[0m | 3 &amp#27;[36m7&amp#27;[0m &amp#27;[36m1&amp#27;[0m | 8 4 9 | 
| 8 3 1 | 4 &amp#27;[36m2&amp#27;[0m &amp#27;[36m9&amp#27;[0m | 5 6 &amp#27;[36m7&amp#27;[0m | 
+-------+-------+-------+
| 6 9 &amp#27;[36m8&amp#27;[0m | &amp#27;[36m5&amp#27;[0m &amp#27;[36m3&amp#27;[0m &amp#27;[36m7&amp#27;[0m | 1 2 4 | 
| &amp#27;[36m7&amp#27;[0m 4 &amp#27;[36m2&amp#27;[0m | &amp#27;[36m6&amp#27;[0m &amp#27;[36m1&amp#27;[0m &amp#27;[36m8&amp#27;[0m | . . &amp#27;[36m3&amp#27;[0m | 
| 1 5 3 | &amp#27;[36m2&amp#27;[0m &amp#27;[36m9&amp#27;[0m &amp#27;[36m4&amp#27;[0m | &amp#27;[36m7&amp#27;[0m &amp#27;[36m8&amp#27;[0m 6 | 
+-------+-------+-------+
| 3 1 4 | &amp#27;[36m7&amp#27;[0m &amp#27;[36m5&amp#27;[0m &amp#27;[36m2&amp#27;[0m | . . 8 | 
| &amp#27;[36m9&amp#27;[0m &amp#27;[36m6&amp#27;[0m &amp#27;[36m5&amp#27;[0m | 1 8 &amp#27;[36m3&amp#27;[0m | &amp#27;[36m4&amp#27;[0m &amp#27;[36m7&amp#27;[0m &amp#27;[36m2&amp#27;[0m | 
| &amp#27;[36m2&amp#27;[0m 8 &amp#27;[36m7&amp#27;[0m | &amp#27;[36m9&amp#27;[0m &amp#27;[36m4&amp#27;[0m &amp#27;[36m6&amp#27;[0m | 3 &amp#27;[36m1&amp#27;[0m 5 | 
+-------+-------+-------+
&amp#27;[H&amp#27;[2J=== Sudoku Solver (Branch and Bound) ===
Passo: 63
Tentando colocar 9 em (4,6)

+-------+-------+-------+
| 4 &amp#27;[36m7&amp#27;[0m &amp#27;[36m9&amp#27;[0m | 8 &amp#27;[36m6&amp#27;[0m &amp#27;[36m5&amp#27;[0m | &amp#27;[36m2&amp#27;[0m 3 &amp#27;[36m1&amp#27;[0m | 
| 5 2 &amp#27;[36m6&amp#27;[0m | 3 &amp#27;[36m7&amp#27;[0m &amp#27;[36m1&amp#27;[0m | 8 4 9 | 
| 8 3 1 | 4 &amp#27;[36m2&amp#27;[0m &amp#27;[36m9&amp#27;[0m | 5 6 &amp#27;[36m7&amp#27;[0m | 
+-------+-------+-------+
| 6 9 &amp#27;[36m8&amp#27;[0m | &amp#27;[36m5&amp#27;[0m &amp#27;[36m3&amp#27;[0m &amp#27;[36m7&amp#27;[0m | 1 2 4 | 
| &amp#27;[36m7&amp#27;[0m 4 &amp#27;[36m2&amp#27;[0m | &amp#27;[36m6&amp#27;[0m &amp#27;[36m1&amp#27;[0m &amp#27;[36m8&amp#27;[0m | 9 . &amp#27;[36m3&amp#27;[0m | 
| 1 5 3 | &amp#27;[36m2&amp#27;[0m &amp#27;[36m9&amp#27;[0m &amp#27;[36m4&amp#27;[0m | &amp#27;[36m7&amp#27;[0m &amp#27;[36m8&amp#27;[0m 6 | 
+-------+-------+-------+
| 3 1 4 | &amp#27;[36m7&amp#27;[0m &amp#27;[36m5&amp#27;[0m &amp#27;[36m2&amp#27;[0m | . . 8 | 
| &amp#27;[36m9&amp#27;[0m &amp#27;[36m6&amp#27;[0m &amp#27;[36m5&amp#27;[0m | 1 8 &amp#27;[36m3&amp#27;[0m | &amp#27;[36m4&amp#27;[0m &amp#27;[36m7&amp#27;[0m &amp#27;[36m2&amp#27;[0m | 
| &amp#27;[36m2&amp#27;[0m 8 &amp#27;[36m7&amp#27;[0m | &amp#27;[36m9&amp#27;[0m &amp#27;[36m4&amp#27;[0m &amp#27;[36m6&amp#27;[0m | 3 &amp#27;[36m1&amp#27;[0m 5 | 
+-------+-------+-------+
&amp#27;[H&amp#27;[2J=== Sudoku Solver (Branch and Bound) ===
Passo: 64
Tentando colocar 5 em (4,7)

+-------+-------+-------+
| 4 &amp#27;[36m7&amp#27;[0m &amp#27;[36m9&amp#27;[0m | 8 &amp#27;[36m6&amp#27;[0m &amp#27;[36m5&amp#27;[0m | &amp#27;[36m2&amp#27;[0m 3 &amp#27;[36m1&amp#27;[0m | 
| 5 2 &amp#27;[36m6&amp#27;[0m | 3 &amp#27;[36m7&amp#27;[0m &amp#27;[36m1&amp#27;[0m | 8 4 9 | 
| 8 3 1 | 4 &amp#27;[36m2&amp#27;[0m &amp#27;[36m9&amp#27;[0m | 5 6 &amp#27;[36m7&amp#27;[0m | 
+-------+-------+-------+
| 6 9 &amp#27;[36m8&amp#27;[0m | &amp#27;[36m5&amp#27;[0m &amp#27;[36m3&amp#27;[0m &amp#27;[36m7&amp#27;[0m | 1 2 4 | 
| &amp#27;[36m7&amp#27;[0m 4 &amp#27;[36m2&amp#27;[0m | &amp#27;[36m6&amp#27;[0m &amp#27;[36m1&amp#27;[0m &amp#27;[36m8&amp#27;[0m | 9 5 &amp#27;[36m3&amp#27;[0m | 
| 1 5 3 | &amp#27;[36m2&amp#27;[0m &amp#27;[36m9&amp#27;[0m &amp#27;[36m4&amp#27;[0m | &amp#27;[36m7&amp#27;[0m &amp#27;[36m8&amp#27;[0m 6 | 
+-------+-------+-------+
| 3 1 4 | &amp#27;[36m7&amp#27;[0m &amp#27;[36m5&amp#27;[0m &amp#27;[36m2&amp#27;[0m | . . 8 | 
| &amp#27;[36m9&amp#27;[0m &amp#27;[36m6&amp#27;[0m &amp#27;[36m5&amp#27;[0m | 1 8 &amp#27;[36m3&amp#27;[0m | &amp#27;[36m4&amp#27;[0m &amp#27;[36m7&amp#27;[0m &amp#27;[36m2&amp#27;[0m | 
| &amp#27;[36m2&amp#27;[0m 8 &amp#27;[36m7&amp#27;[0m | &amp#27;[36m9&amp#27;[0m &amp#27;[36m4&amp#27;[0m &amp#27;[36m6&amp#27;[0m | 3 &amp#27;[36m1&amp#27;[0m 5 | 
+-------+-------+-------+
&amp#27;[H&amp#27;[2J=== Sudoku Solver (Branch and Bound) ===
Passo: 65
Tentando colocar 6 em (6,6)

+-------+-------+-------+
| 4 &amp#27;[36m7&amp#27;[0m &amp#27;[36m9&amp#27;[0m | 8 &amp#27;[36m6&amp#27;[0m &amp#27;[36m5&amp#27;[0m | &amp#27;[36m2&amp#27;[0m 3 &amp#27;[36m1&amp#27;[0m | 
| 5 2 &amp#27;[36m6&amp#27;[0m | 3 &amp#27;[36m7&amp#27;[0m &amp#27;[36m1&amp#27;[0m | 8 4 9 | 
| 8 3 1 | 4 &amp#27;[36m2&amp#27;[0m &amp#27;[36m9&amp#27;[0m | 5 6 &amp#27;[36m7&amp#27;[0m | 
+-------+-------+-------+
| 6 9 &amp#27;[36m8&amp#27;[0m | &amp#27;[36m5&amp#27;[0m &amp#27;[36m3&amp#27;[0m &amp#27;[36m7&amp#27;[0m | 1 2 4 | 
| &amp#27;[36m7&amp#27;[0m 4 &amp#27;[36m2&amp#27;[0m | &amp#27;[36m6&amp#27;[0m &amp#27;[36m1&amp#27;[0m &amp#27;[36m8&amp#27;[0m | 9 5 &amp#27;[36m3&amp#27;[0m | 
| 1 5 3 | &amp#27;[36m2&amp#27;[0m &amp#27;[36m9&amp#27;[0m &amp#27;[36m4&amp#27;[0m | &amp#27;[36m7&amp#27;[0m &amp#27;[36m8&amp#27;[0m 6 | 
+-------+-------+-------+
| 3 1 4 | &amp#27;[36m7&amp#27;[0m &amp#27;[36m5&amp#27;[0m &amp#27;[36m2&amp#27;[0m | 6 . 8 | 
| &amp#27;[36m9&amp#27;[0m &amp#27;[36m6&amp#27;[0m &amp#27;[36m5&amp#27;[0m | 1 8 &amp#27;[36m3&amp#27;[0m | &amp#27;[36m4&amp#27;[0m &amp#27;[36m7&amp#27;[0m &amp#27;[36m2&amp#27;[0m | 
| &amp#27;[36m2&amp#27;[0m 8 &amp#27;[36m7&amp#27;[0m | &amp#27;[36m9&amp#27;[0m &amp#27;[36m4&amp#27;[0m &amp#27;[36m6&amp#27;[0m | 3 &amp#27;[36m1&amp#27;[0m 5 | 
+-------+-------+-------+
&amp#27;[H&amp#27;[2J=== Sudoku Solver (Branch and Bound) ===
Passo: 66
Tentando colocar 9 em (6,7)

+-------+-------+-------+
| 4 &amp#27;[36m7&amp#27;[0m &amp#27;[36m9&amp#27;[0m | 8 &amp#27;[36m6&amp#27;[0m &amp#27;[36m5&amp#27;[0m | &amp#27;[36m2&amp#27;[0m 3 &amp#27;[36m1&amp#27;[0m | 
| 5 2 &amp#27;[36m6&amp#27;[0m | 3 &amp#27;[36m7&amp#27;[0m &amp#27;[36m1&amp#27;[0m | 8 4 9 | 
| 8 3 1 | 4 &amp#27;[36m2&amp#27;[0m &amp#27;[36m9&amp#27;[0m | 5 6 &amp#27;[36m7&amp#27;[0m | 
+-------+-------+-------+
| 6 9 &amp#27;[36m8&amp#27;[0m | &amp#27;[36m5&amp#27;[0m &amp#27;[36m3&amp#27;[0m &amp#27;[36m7&amp#27;[0m | 1 2 4 | 
| &amp#27;[36m7&amp#27;[0m 4 &amp#27;[36m2&amp#27;[0m | &amp#27;[36m6&amp#27;[0m &amp#27;[36m1&amp#27;[0m &amp#27;[36m8&amp#27;[0m | 9 5 &amp#27;[36m3&amp#27;[0m | 
| 1 5 3 | &amp#27;[36m2&amp#27;[0m &amp#27;[36m9&amp#27;[0m &amp#27;[36m4&amp#27;[0m | &amp#27;[36m7&amp#27;[0m &amp#27;[36m8&amp#27;[0m 6 | 
+-------+-------+-------+
| 3 1 4 | &amp#27;[36m7&amp#27;[0m &amp#27;[36m5&amp#27;[0m &amp#27;[36m2&amp#27;[0m | 6 9 8 | 
| &amp#27;[36m9&amp#27;[0m &amp#27;[36m6&amp#27;[0m &amp#27;[36m5&amp#27;[0m | 1 8 &amp#27;[36m3&amp#27;[0m | &amp#27;[36m4&amp#27;[0m &amp#27;[36m7&amp#27;[0m &amp#27;[36m2&amp#27;[0m | 
| &amp#27;[36m2&amp#27;[0m 8 &amp#27;[36m7&amp#27;[0m | &amp#27;[36m9&amp#27;[0m &amp#27;[36m4&amp#27;[0m &amp#27;[36m6&amp#27;[0m | 3 &amp#27;[36m1&amp#27;[0m 5 | 
+-------+-------+-------+
]]></system-out>
  </testcase>
</testsuite>